
ROM used: 69412 (71%)
          97864 (100%) including unused fragments

          10 Average locations per line
          15 Average locations per statement

RAM used: 1809 (54%) at main() level
          1836 (55%) worst case

Stack used: 5 worst case (out of 31 total available)

Lines Stmts  %   Files
----- ----- ---  -----
 3367  2895  63  GLCD_Controller.c
  461     0   0  C:\Program Files (x86)\PICC\Devices\18F4685.h
   37     0   0  stdio.h
  409     0   0  string.h
   28     0   0  stddef.h
   28     0   0  ctype.h
 1273   359   8  stdlib.h
  143    53   1  DS1302.c
   73    22   0  24512.c
 1462  1245  27  Funciones.h
----- -----
 7281  4574 Total

Page ROM  %  RAM   Vol Diff  Functions:
---- --- --- ---   --- ----  ----------
0     40   1   1             @delay_ms1
0    108   1   3             @I2C_READ_1
0    118   2   1             @I2C_WRITE_1
0      8   0   0             @PUTCHARI_BIU_1
0     78   1   2             @MUL88
0    246   3  11             @MULFF
0     54   1   2             @ITOF
0    632   8  16             @ADDFF
0    350   5  14             @DIVFF
0     70   1   5             @DIV1616
0     40   1   2   199  4.3  write_ds1302_byte
0     22   0   2    94  1.8  write_ds1302
0     86   1   3   401  4.9  read_ds1302
0     82   1   2   247  3.7  rtc_init
0     50   1   4   160  5.0  get_bcd
0     44   1   3             @DIV88
0     50   1   3   160  4.2  rm_bcd
0    188   2   7   402  2.2  rtc_set_datetime
 Inline        5   238  3.1  rtc_get_date
 Inline        4   170  3.0  rtc_get_time
0    268   3   6   290  3.0  write_ext_eeprom
0    168   2   5   267  1.1  read_ext_eeprom
0    206   3   0             @const630
0     44   1   0   749  2.4  BorraBuffer
0     54   1   0   134  1.3  SendDataDisplay
0     84   1   3   111  3.8  esBisiesto
0    148   2   1   750  4.8  LimitaDia
0    110   1   2   142  3.9  ActualizaRecta
0     88   1   5   100  2.1  sensores
0   2660  34  10  1617  8.9  LeerPT100
0     34   0   5             @MUL1616
0    510   7   5   499  7.0  Leer_Sensor_Presion_Camara
0    122   2  10             @FLT
0    510   7   5   499  7.0  Leer_Sensor_Presion_PreCamara
0   1350  17   4  1190  7.2  Controla
0     60   1   4             @SFTOI
0    326   4   4  1367  4.7  Carga_Vector
0    152   2   1   231  3.6  Envio_Esclavos
0    202   3  16   156  3.5  extraeDecimal
0     64   1   5    64  2.4  inttofloat
0   5054  65   9  9558  8.0  LeeEEPROM
0   2380  31   0  5759  6.9  LimitaValores
0    422   5   0  3565  5.9  LeeDisplay
0    308   4   1  1577  6.9  ActivaAlarma
0    188   2   1   765  5.3  ControlaPresion
0     48   1   0   349  2.4  ApagaSalidas
0    510   7   7   766  5.8  GuardaDatoEstatico
0    950  12   7  1656  6.4  GuardaDatoCiclo
0   1184  15   6  2127  5.9  borraDatoCiclo
0    140   2   0   250  3.7  incrementaCiclos
0    932  12   5  2056  4.9  exportarData
0   1478  19   1  2630  4.4  codificaAlarma
0     16   0   0             @const746
0    126   2   2             @PRINTF_U_9600_31766_31767
0     50   1   4             @PSTRINGCN_9600_31766_31767
0     18   0   0             @const752
0     18   0   0             @const753
0     22   0   0             @const754
0     18   0   0             @const755
0     18   0   0             @const756
0     18   0   0             @const757
0     16   0   0             @const758
0     22   0   0             @const759
0     18   0   0             @const760
0     20   0   0             @const761
0     16   0   0             @const762
0     16   0   0             @const763
0     18   0   0             @const764
0     22   0   0             @const765
0     18   0   0             @const766
0     24   0   0             @const767
0     20   0   0             @const768
0     34   0   2    72  2.4  graficaCurva
0    496   6   6   529  4.3  muestreo
0    276   4   0   866  5.7  monitoreaStop
0     40   1   0             @const774
0    226   3   9             @PRINTF_LD_9600_31766_31767
0     68   1   5             @FTOSD
0    128   2  13             @DIV3232
0    420   5  13             @PRINTF_L32D_9600_31766_31767FPFPF
0     16   0   0             @const785
0     42   1   3             @PSTRINGC_9600_31766_31767
0     54   1   0   163  3.5  chancleteaBomba
0     64   1   1   238  1.8  purgaBomba
0     26   0   0   174  1.8  salidasPulsoNegativo
0     36   0   0   245  1.8  salidasPulsoPositivo
0     48   1   0   262  4.1  enciendeBombaAgua
0     18   0   0   100  2.1  apagaBombaAgua
0   1698  22   9  2796  6.4  actualizaTabla
0    104   1   0   489  4.1  monitoreaNivelAlto
0     34   0   0             @const795
0     44   1   0             @const796
0    130   2   0  1230  2.0  borraVariables
0    142   2   0   950  5.3  monitoreaAgua
0   1188  15   0  1389  6.3  revisePresion
0     68   1   0             @const800
0    170   2   9             @PRINTF_LU_9600_31766_31767
0     56   1   0             @const803
0     68   1   0             @const804
0     58   1   0             @const805
0     68   1   0             @const806
0     44   1   0             @const807
0     68   1   0             @const808
0     44   1   0             @const809
0    128   2  10   646  3.4  ConfiguraCiclo
0    270   3   0  1102  6.3  purgaAguaTanque
0    100   1   2   552  5.2  serial_rx_isr
0     88   1   0   297  5.0  temp0s
0    432   6   0  1920  7.4  temp1s
1  32332 417   9161480 15.5  MAIN
0     16   0   0             @const827
0      8   0   0             @const828
0     12   0   0             @const829
0      8   0   0             @const830
0     12   0   0             @const831
0     12   0   0             @const832
0     10   0   0             @const833
0     14   0   0             @const834
0     10   0   0             @const835
0     16   0   0             @const836
0     10   0   0             @const837
0     18   0   0             @const838
0     10   0   0             @const839
0     10   0   0             @const840
0     20   0   0             @const841
0     14   0   0             @const842
0     12   0   0             @const843
0     20   0   0             @const844
0     12   0   0             @const845
0     26   0   0             @const846
0     20   0   0             @const847
0     26   0   0             @const848
0     20   0   0             @const849
0     20   0   0             @const850
0     26   0   0             @const851
0     10   0   0             @const852
0     26   0   0             @const853
0     10   0   0             @const854
0     28   0   0             @const855
0     10   0   0             @const856
0     32   0   0             @const857
0     20   0   0             @const858
0     14   0   0             @const859
0     12   0   0             @const860
0     20   0   0             @const861
0     12   0   0             @const862
0     26   0   0             @const863
0     20   0   0             @const864
0     26   0   0             @const865
0     20   0   0             @const866
0     12   0   0             @const867
0     12   0   0             @const868
0     12   0   0             @const869
0     12   0   0             @const870
0     10   0   0             @const871
0     18   0   0             @const872
0     20   0   0             @const873
0     20   0   0             @const874
0     20   0   0             @const875
0     20   0   0             @const876
0     20   0   0             @const877
0     20   0   0             @const878
0     10   0   0             @const879
0     10   0   0             @const880
0     10   0   0             @const881
0     12   0   0             @const882
0     12   0   0             @const883
0     12   0   0             @const884
0     16   0   0             @const885
0     10   0   0             @const886
0     10   0   0             @const887
0     10   0   0             @const888
0     12   0   0             @const889
0     12   0   0             @const890
0     12   0   0             @const891
0     16   0   0             @const892
0     10   0   0             @const893
0     10   0   0             @const894
0     10   0   0             @const895
0     12   0   0             @const896
0     12   0   0             @const897
0     12   0   0             @const898
0     16   0   0             @const899
0     34   0   0             @const900
0     12   0   0             @const901
0     18   0   0             @const902
0     18   0   0             @const903
0     14   0   0             @const904
0     14   0   0             @const905
0     18   0   0             @const906
0     20   0   0             @const907
0     20   0   0             @const908
0     18   0   0             @const909
0     14   0   0             @const910
0     18   0   0             @const911
0     18   0   0             @const912
0     14   0   0             @const913
0     20   0   0             @const914
0     20   0   0             @const915
0     18   0   0             @const916
0     20   0   0             @const917
0     18   0   0             @const918
0     20   0   0             @const919
0     12   0   0             @const920
0     14   0   0             @const921
0     12   0   0             @const922
0     14   0   0             @const923
0     12   0   0             @const924
0     14   0   0             @const925
0     12   0   0             @const926
0     14   0   0             @const927
0     12   0   0             @const928
0     14   0   0             @const929
0     12   0   0             @const930
0     14   0   0             @const931
0     12   0   0             @const932
0     14   0   0             @const933
0     12   0   0             @const934
0     14   0   0             @const935
0     14   0   0             @const936
0     14   0   0             @const937
0     14   0   0             @const938
0     14   0   0             @const939
0     14   0   0             @const940
0     14   0   0             @const941
0     12   0   0             @const942
0     14   0   0             @const943
0     12   0   0             @const944
0     14   0   0             @const945
0     14   0   0             @const946
0     14   0   0             @const947
0     14   0   0             @const948
0     14   0   0             @const949
0     14   0   0             @const950
0     14   0   0             @const951
0     14   0   0             @const952
0     14   0   0             @const953
0     14   0   0             @const954
0     14   0   0             @const955
0     22   0   0             @const956
0     22   0   0             @const957
0     26   0   0             @const958
0     26   0   0             @const959
0     22   0   0             @const960
0     22   0   0             @const961
0     20   0   0             @const962
0     20   0   0             @const963
0     18   0   0             @const964
0     20   0   0             @const965
0     16   0   0             @const966
0     16   0   0             @const967
0     18   0   0             @const968
0     24   0   0             @const969
0     14   0   0             @const970
0     22   0   0             @const971
0     22   0   0             @const972
0     18   0   0             @const973
0     22   0   0             @const974
0     22   0   0             @const975
0     14   0   0             @const976
0     18   0   0             @const977
0     18   0   0             @const978
0     18   0   0             @const979
0     16   0   0             @const980
0     24   0   0             @const981
0     14   0   0             @const982
0     22   0   0             @const983
0     22   0   0             @const984
0     18   0   0             @const985
0     22   0   0             @const986
0     20   0   0             @const987
0     18   0   0             @const988
0     16   0   0             @const989
0     16   0   0             @const990
0     12   0   0             @const991
0     12   0   0             @const992
0     20   0   0             @const993
0     18   0   0             @const994
0     18   0   0             @const995
0     18   0   0             @const996
0     20   0   0             @const997
0     10   0   0             @const998
0     10   0   0             @const999
0     10   0   0             @const1000
0     10   0   0             @const1001
0     24   0   0             @const1002
0     28   0   0             @const1003
0     18   0   0             @const1004
0     20   0   0             @const1005
0     18   0   0             @const1006
0     30   0   0             @const1007
0     18   0   0             @const1008
0     20   0   0             @const1009
0     22   0   0             @const1010
0     20   0   0             @const1011
0     12   0   0             @const1012
0     14   0   0             @const1013
0     14   0   0             @const1014
0     14   0   0             @const1015
0     24   0   0             @const1016
0     48   1   0             @const1017
0     36   0   0             @const1018
0     42   1   0             @const1019
0     34   0   0             @const1020
0     42   1   0             @const1021
0     36   0   0             @const1022
0     38   0   0             @const1023
0     36   0   0             @const1024
0     44   1   0             @const1025
0     36   0   0             @const1026
0     44   1   0             @const1027
0     36   0   0             @const1028
0     40   1   0             @const1029
0     36   0   0             @const1030
0     38   0   0             @const1031
0     36   0   0             @const1032
0     38   0   0             @const1033
0     36   0   0             @const1034
0     34   0   0             @const1035
0     44   1   0             @const1036
0     44   1   0             @const1037
0     44   1   0             @const1038
0     34   0   0             @const1039
0     40   1   0             @const1040
0     44   1   0             @const1041
0     44   1   0             @const1042
0     34   0   0             @const1043
0     38   0   0             @const1044
0     34   0   0             @const1045
0     38   0   0             @const1046
0     34   0   0             @const1047
0     42   1   0             @const1048
0     34   0   0             @const1049
0     38   0   0             @const1050
0     34   0   0             @const1051
0     34   0   0             @const1052
0     34   0   0             @const1053
0     42   1   0             @const1054
0     34   0   0             @const1055
0     40   1   0             @const1056
0     34   0   0             @const1057
0     32   0   0             @const1058
0     38   0   0             @const1059
0     38   0   0             @const1060
0     34   0   0             @const1061
0     44   1   0             @const1062
0     34   0   0             @const1063
0     38   0   0             @const1064
0     38   0   0             @const1065
0     38   0   0             @const1066
0     16   0   0             @const1067
0     16   0   0             @const1068
0     16   0   0             @const1069
0     16   0   0             @const1070
0     40   1   2             @PSTRINGR_9600_31766_31767
0     18   0   0             @const1072
0     34   0   0             @const1073
0     36   0   0             @const1074
0     30   0   0             @const1075
0     30   0   0             @const1076
0     32   0   0             @const1077
0     32   0   0             @const1078
0     32   0   0             @const1079
0     32   0   0             @const1080
0     60   1   0             @const1081
0     20   0   0             @const1082
0     30   0   0             @const1083
0     16   0   0             @const1084
0     28   0   0             @const1085
0     14   0   0             @const1086
0     26   0   0             @const1087
0     14   0   0             @const1088
0     24   0   0             @const1089
0     16   0   0             @const1090
0     26   0   0             @const1091
0     14   0   0             @const1092
0     26   0   0             @const1093
0     14   0   0             @const1094
0     28   0   0             @const1095
0     14   0   0             @const1096
0     28   0   0             @const1097
0     14   0   0             @const1098
0     24   0   0             @const1099
0     14   0   0             @const1100
0     26   0   0             @const1101
0     16   0   0             @const1102
0     30   0   0             @const1103
0     16   0   0             @const1104
0     24   0   0             @const1105
0     16   0   0             @const1106
0     30   0   0             @const1107
0     16   0   0             @const1108
0     30   0   0             @const1109
0     16   0   0             @const1110
0     32   0   0             @const1111
0     16   0   0             @const1112
0     28   0   0             @const1113
0     16   0   0             @const1114
0     20   0   0             @const1115
0     54   1   0             @const1116

Program metrics:
    Functions               57
    Statements              4574
    Comments                1171
    Volume (V)              278773
    Difficilty (D)          260.3
    Effort to implement (E) 72563119
    Time to implement (T)   1119 hours, 48 minutes
    Est Delivered Bugs (B)  58
    Cyclomatic Complexity   771
    Maintainability (MI)    86

 Segment     Used  Free
-----------  ----  ----
00000-00002     4  0  
00004-00006     0  4  
00008-0014E   328  0  
00150-0FFFE  36748  28452  
10000-17FFE  32332  436  



