
ROM used: 64524 (66%)
          64524 (66%) including unused fragments

          9 Average locations per line
          15 Average locations per statement

RAM used: 1729 (52%) at main() level
          1756 (53%) worst case

Stack used: 5 worst case (out of 31 total available)

Lines Stmts  %   Files
----- ----- ---  -----
 3222  2771  64  GLCD_Controller.c
  461     0   0  C:\Program Files (x86)\PICC\Devices\18F4685.h
   37     0   0  stdio.h
  409     0   0  string.h
   28     0   0  stddef.h
   28     0   0  ctype.h
 1273   359   8  stdlib.h
  143    53   1  DS1302.c
   73    24   1  24512.c
 1326  1103  26  Funciones.h
----- -----
 7000  4310 Total

Page ROM  %  RAM   Vol Diff  Functions:
---- --- --- ---   --- ----  ----------
0     40   0   1             @delay_ms1
0      8   0   0             @PUTCHARI_BIU_1
0     78   0   2             @MUL88
0    246   0  11             @MULFF
0     54   0   2             @ITOF
0    632   0  16             @ADDFF
0    350   0  14             @DIVFF
0     70   0   5             @DIV1616
0     40   0   2   199  4.3  write_ds1302_byte
0     22   0   2    94  1.8  write_ds1302
0     86   0   3   401  4.9  read_ds1302
0     82   0   2   247  3.7  rtc_init
0     48   0   4   160  5.0  get_bcd
0     44   0   3             @DIV88
0     50   0   3   160  4.2  rm_bcd
0    188   0   7   402  2.2  rtc_set_datetime
 Inline        5   238  3.1  rtc_get_date
 Inline        4   170  3.0  rtc_get_time
0    106   0   3             @I2C_READ_2
0    118   0   1             @I2C_WRITE_2
0    274   0   6   331  4.0  write_ext_eeprom
0    168   0   5   238  1.9  read_ext_eeprom
0    234   0   0             @const670
0     44   0   0   749  2.4  BorraBuffer
0     54   0   0   134  1.3  SendDataDisplay
0     82   0   3   111  3.8  esBisiesto
0    148   0   1   750  4.8  LimitaDia
0    110   0   2   142  3.9  ActualizaRecta
0     88   0   5   100  2.1  sensores
0   2272   2  10  1387  8.9  LeerPT100
0     34   0   5             @MUL1616
0    510   0   5   499  7.0  Leer_Sensor_Presion_Camara
0    122   0  10             @FLT
0    510   0   5   499  7.0  Leer_Sensor_Presion_PreCamara
0   1548   1   4  1452  7.7  Controla
0     60   0   4             @SFTOI
0     96   0   3   100  1.8  Envio_I2C
 Inline        4   188  3.5  Lectura_I2C
0    728   1   4  3730  4.7  Carga_Vector
0      4   0   0     5  1.0  Lee_Vector
0    208   0   1   402  4.2  Envio_Esclavos
0    378   0   2   346  4.4  Lectura_Esclavos
0    202   0  16   156  3.5  extraeDecimal
0     64   0   5    64  2.4  inttofloat
0   5004   4   9  9594  8.0  LeeEEPROM
0     66   0   6             @WRITEBITA
0     50   0   5             @READBITA
0   1616   1   0  4000  6.9  LimitaValores
0    496   0   0  4225  4.5  LeeDisplay
0    120   0  10   561  2.4  ConfiguraCiclo
0    148   0   1   700  5.3  ActivaAlarma
0     96   0   0   282  4.1  ControlaPresion
0    500   0   7   766  5.8  GuardaDatoEstatico
0    942   1   7  1656  6.4  GuardaDatoCiclo
0    146   0   0   250  3.7  incrementaCiclos
0    932   1   5  2056  4.9  exportarData
0   1314   1   1  2288  4.4  codificaAlarma
0     16   0   0             @const796
0    126   0   2             @PRINTF_U_9600_31766_31767
0     50   0   4             @PSTRINGCN_9600_31766_31767
0     18   0   0             @const802
0     18   0   0             @const803
0     22   0   0             @const804
0     18   0   0             @const805
0     18   0   0             @const806
0     18   0   0             @const807
0     16   0   0             @const808
0     22   0   0             @const809
0     18   0   0             @const810
0     16   0   0             @const811
0     16   0   0             @const812
0     18   0   0             @const813
0     22   0   0             @const814
0     18   0   0             @const815
0     24   0   0             @const816
0     34   0   2    72  2.4  graficaCurva
0    176   0   2   204  3.2  muestreo
0     38   0   0   193  3.6  monitoreaAgua
0    130   0   0   556  4.2  monitoreaStop
0     16   0   0             @const823
0     42   0   3             @PSTRINGC_9600_31766_31767
0     68   0   0   434  3.3  cierraPuertaS
0    100   0   0   623  6.2  abrePuertaS
0     80   0   0   434  3.3  cierraPuertaL
0    106   0   0   594  6.2  abrePuertaL
0    156   0   0   471  4.7  monitoreaPuertaLimpio
0      8   0   0    18  1.0  ApagaSalidas
0    166   0   0  1457  2.0  borraVariables
0    204   0   0  1033  4.8  leePulsadores
0     14   0   0             @const833
0     14   0   0             @const834
0     14   0   0             @const835
0    100   0   2   564  5.2  serial_rx_isr
0    516   0   0  2296  6.4  temp1s
0  32364  25   9155805 15.0  MAIN
0     16   0   0             @const840
0      8   0   0             @const841
0     14   0   0             @const842
0      8   0   0             @const843
0     14   0   0             @const844
0     10   0   0             @const845
0     26   0   0             @const846
0     26   0   0             @const847
0     28   0   0             @const848
0     16   0   0             @const849
0     38   0   2             @PSTRINGR_9600_31766_31767
0     14   0   0             @const851
0     14   0   0             @const852
0     20   0   0             @const853
0     14   0   0             @const854
0     12   0   0             @const855
0     10   0   0             @const856
0     12   0   0             @const857
0     26   0   0             @const858
0     10   0   0             @const859
0     26   0   0             @const860
0     10   0   0             @const861
0     56   0   0             @const862
0     16   0   0             @const863
0     20   0   0             @const864
0     20   0   0             @const865
0     20   0   0             @const866
0     20   0   0             @const867
0     20   0   0             @const868
0     20   0   0             @const869
0     20   0   0             @const870
0     20   0   0             @const871
0     20   0   0             @const872
0     20   0   0             @const873
0     10   0   0             @const874
0     18   0   0             @const875
0     14   0   0             @const876
0     56   0   0             @const877
0     18   0   0             @const878
0     20   0   0             @const879
0     20   0   0             @const880
0     56   0   0             @const881
0     18   0   0             @const882
0     20   0   0             @const883
0     20   0   0             @const884
0     56   0   0             @const885
0     18   0   0             @const886
0     20   0   0             @const887
0     56   0   0             @const888
0     18   0   0             @const889
0     18   0   0             @const890
0    170   0   9             @PRINTF_LU_9600_31766_31767
0     20   0   0             @const893
0     12   0   0             @const894
0     14   0   0             @const895
0     12   0   0             @const896
0     14   0   0             @const897
0     12   0   0             @const898
0     14   0   0             @const899
0     12   0   0             @const900
0     14   0   0             @const901
0     12   0   0             @const902
0     14   0   0             @const903
0     12   0   0             @const904
0     14   0   0             @const905
0     12   0   0             @const906
0     14   0   0             @const907
0     12   0   0             @const908
0     14   0   0             @const909
0     14   0   0             @const910
0     14   0   0             @const911
0     14   0   0             @const912
0     14   0   0             @const913
0     14   0   0             @const914
0     14   0   0             @const915
0     14   0   0             @const916
0     14   0   0             @const917
0     14   0   0             @const918
0     14   0   0             @const919
0     14   0   0             @const920
0     14   0   0             @const921
0     14   0   0             @const922
0     14   0   0             @const923
0     12   0   0             @const924
0     14   0   0             @const925
0     14   0   0             @const926
0     14   0   0             @const927
0     12   0   0             @const928
0     14   0   0             @const929
0     14   0   0             @const930
0     14   0   0             @const931
0     14   0   0             @const932
0     14   0   0             @const933
0     14   0   0             @const934
0     14   0   0             @const935
0     14   0   0             @const936
0     14   0   0             @const937
0     14   0   0             @const938
0     14   0   0             @const939
0     22   0   0             @const940
0     68   0   5             @FTOSD
0    128   0  13             @DIV3232
0    420   0  13             @PRINTF_L32D_9600_31766_31767FPFPF
0     22   0   0             @const949
0     26   0   0             @const950
0     26   0   0             @const951
0     20   0   0             @const952
0     20   0   0             @const953
0     10   0   0             @const954
0     10   0   0             @const955
0     18   0   0             @const956
0     20   0   0             @const957
0     16   0   0             @const958
0     16   0   0             @const959
0     18   0   0             @const960
0     56   0   0             @const961
0     16   0   0             @const962
0     24   0   0             @const963
0     14   0   0             @const964
0     22   0   0             @const965
0     22   0   0             @const966
0     18   0   0             @const967
0     22   0   0             @const968
0     20   0   0             @const969
0     22   0   0             @const970
0     14   0   0             @const971
0     18   0   0             @const972
0     18   0   0             @const973
0     16   0   0             @const974
0     16   0   0             @const975
0     18   0   0             @const976
0     24   0   0             @const977
0     14   0   0             @const978
0     22   0   0             @const979
0     22   0   0             @const980
0     18   0   0             @const981
0     22   0   0             @const982
0     20   0   0             @const983
0     10   0   0             @const984
0     18   0   0             @const985
0     14   0   0             @const986
0     18   0   0             @const987
0     16   0   0             @const988
0     16   0   0             @const989
0     12   0   0             @const990
0     12   0   0             @const991
0     20   0   0             @const992
0     56   0   0             @const993
0     18   0   0             @const994
0     16   0   0             @const995
0     56   0   0             @const996
0     12   0   0             @const997
0     42   0   0             @const998
0     12   0   0             @const999
0     48   0   0             @const1000
0     12   0   0             @const1001
0     48   0   0             @const1002
0     12   0   0             @const1003
0     48   0   0             @const1004
0     12   0   0             @const1005
0     48   0   0             @const1006
0     12   0   0             @const1007
0     48   0   0             @const1008
0     12   0   0             @const1009
0     48   0   0             @const1010
0     12   0   0             @const1011
0     48   0   0             @const1012
0     12   0   0             @const1013
0     48   0   0             @const1014
0     12   0   0             @const1015
0     44   0   0             @const1016
0     14   0   0             @const1017
0     56   0   0             @const1018
0     16   0   0             @const1019
0     12   0   0             @const1020
0     10   0   0             @const1021
0     14   0   0             @const1022
0     12   0   0             @const1023
0     12   0   0             @const1024
0     12   0   0             @const1025
0     10   0   0             @const1026
0     18   0   0             @const1027
0     14   0   0             @const1028
0     44   0   0             @const1029
0     14   0   0             @const1030
0     28   0   0             @const1031
0     18   0   0             @const1032
0     20   0   0             @const1033
0     20   0   0             @const1034
0     26   0   0             @const1035
0     22   0   0             @const1036
0     30   0   0             @const1037
0     18   0   0             @const1038
0     20   0   0             @const1039
0     22   0   0             @const1040
0     56   0   0             @const1041
0     18   0   0             @const1042
0     16   0   0             @const1043
0     56   0   0             @const1044
0     14   0   0             @const1045
0     14   0   0             @const1046
0     14   0   0             @const1047
0     10   0   0             @const1048
0     12   0   0             @const1049
0     14   0   0             @const1050
0     14   0   0             @const1051
0     14   0   0             @const1052
0     24   0   0             @const1053
0     10   0   0             @const1054
0     48   0   0             @const1055
0     36   0   0             @const1056
0     42   0   0             @const1057
0     34   0   0             @const1058
0     42   0   0             @const1059
0     36   0   0             @const1060
0     38   0   0             @const1061
0     36   0   0             @const1062
0     44   0   0             @const1063
0     36   0   0             @const1064
0     44   0   0             @const1065
0     36   0   0             @const1066
0     40   0   0             @const1067
0     36   0   0             @const1068
0     38   0   0             @const1069
0     36   0   0             @const1070
0     38   0   0             @const1071
0     36   0   0             @const1072
0     40   0   0             @const1073
0     36   0   0             @const1074
0     44   0   0             @const1075
0     34   0   0             @const1076
0     10   0   0             @const1077
0     34   0   0             @const1078
0     40   0   0             @const1079
0     34   0   0             @const1080
0     44   0   0             @const1081
0     44   0   0             @const1082
0     34   0   0             @const1083
0     38   0   0             @const1084
0     34   0   0             @const1085
0     38   0   0             @const1086
0     34   0   0             @const1087
0     42   0   0             @const1088
0     34   0   0             @const1089
0     38   0   0             @const1090
0     34   0   0             @const1091
0     34   0   0             @const1092
0     34   0   0             @const1093
0     42   0   0             @const1094
0     34   0   0             @const1095
0     40   0   0             @const1096
0     34   0   0             @const1097
0     32   0   0             @const1098
0     34   0   0             @const1099
0     44   0   0             @const1100
0     34   0   0             @const1101
0     38   0   0             @const1102
0     38   0   0             @const1103
0     38   0   0             @const1104
0     16   0   0             @const1105
0     16   0   0             @const1106
0     16   0   0             @const1107
0     18   0   0             @const1108
0     34   0   0             @const1109
0     36   0   0             @const1110
0     32   0   0             @const1111
0     36   0   0             @const1112
0     36   0   0             @const1113
0     56   0   0             @const1114
0     30   0   0             @const1115
0     16   0   0             @const1116
0     24   0   0             @const1117
0     16   0   0             @const1118
0     26   0   0             @const1119
0     14   0   0             @const1120
0     26   0   0             @const1121
0     14   0   0             @const1122
0     28   0   0             @const1123
0     14   0   0             @const1124
0     28   0   0             @const1125
0     14   0   0             @const1126
0     24   0   0             @const1127
0     14   0   0             @const1128
0     26   0   0             @const1129
0     16   0   0             @const1130
0     28   0   0             @const1131
0     16   0   0             @const1132
0     24   0   0             @const1133
0     16   0   0             @const1134
0     30   0   0             @const1135
0     16   0   0             @const1136
0     30   0   0             @const1137
0     16   0   0             @const1138
0     28   0   0             @const1139
0     16   0   0             @const1140
0     32   0   0             @const1141
0     16   0   0             @const1142
0     30   0   0             @const1143
0     16   0   0             @const1144
0     10   0   0             @const1145
0     54   0   0             @const1146

Program metrics:
    Functions               55
    Statements              4310
    Comments                1199
    Volume (V)              259239
    Difficilty (D)          241.1
    Effort to implement (E) 62500497
    Time to implement (T)   964 hours, 31 minutes
    Est Delivered Bugs (B)  52
    Cyclomatic Complexity   756
    Maintainability (MI)    94

 Segment     Used  Free
-----------  ----  ----
00000-00002     4  0  
00004-00006     4  0  
00008-00142   316  0  
00144-0FFFE  64200  1012  
10000-17FFE     0  32768  



