
ROM used: 67466 (69%)
          72358 (74%) including unused fragments

          9 Average locations per line
          16 Average locations per statement

RAM used: 1795 (54%) at main() level
          1830 (55%) worst case

Stack used: 7 worst case (out of 31 total available)

Lines Stmts  %   Files
----- ----- ---  -----
  783   519  12  GLCD_Controller.c
  461     0   0  C:\Program Files (x86)\PICC\Devices\18F4685.h
   37     0   0  stdio.h
  409     0   0  string.h
   28     0   0  stddef.h
   28     0   0  ctype.h
 1273   359   8  stdlib.h
  143    53   1  DS1302.c
   65    17   0  24512.c
 1365  1142  26  Funciones.h
 2590  2235  52  Menu.h
----- -----
 7182  4325 Total

Page ROM  %  RAM   Vol Diff  Functions:
---- --- --- ---   --- ----  ----------
0     40   1   1             @delay_ms1
0      8   0   0             @PUTCHARI_BIU_1
0     24   1   0             @GETCH_BIU_1
0     78   2   2             @MUL88
0    246   6  11             @MULFF
0     54   1   2             @ITOF
0    632  16  16             @ADDFF
0    350   9  14             @DIVFF
0     70   2   5             @DIV1616
0     40   1   2   199  4.3  write_ds1302_byte
0     22   1   2    94  1.8  write_ds1302
0     86   2   3   401  4.9  read_ds1302
0     82   2   2   247  3.7  rtc_init
0     50   1   4   160  5.0  get_bcd
0     44   1   3             @DIV88
0     50   1   3   160  4.2  rm_bcd
0    188   5   7   402  2.2  rtc_set_datetime
 Inline        5   238  3.1  rtc_get_date
 Inline        4   170  3.0  rtc_get_time
0    106   3   3             @I2C_READ_2
0    118   3   1             @I2C_WRITE_2
0    116   3   6   165  2.5  write_ext_eeprom
0    168   4   5   233  2.1  read_ext_eeprom
0    234   6   0             @const687
0     44   1   0   749  2.4  BorraBuffer
0     54   1   0   134  1.3  SendDataDisplay
0     86   2   3   111  3.8  esBisiesto
0    148   4   1   750  4.8  LimitaDia
0     88   2   5   100  2.1  sensores
0   2376  62  10  1433  8.9  LeerPT100
0     34   1   5             @MUL1616
0    510  13   5   499  7.0  Leer_Sensor_Presion_Camara
0    122   3  10             @FLT
0    510  13   5   499  7.0  Leer_Sensor_Presion_PreCamara
0    736  19  12   428  5.2  Controla
0     96   2   3   100  1.8  Envio_I2C
 Inline        4   188  3.5  Lectura_I2C
0    810  21   4  3877  4.7  Carga_Vector
0     60   2   4             @SFTOI
0      4   0   0     5  1.0  Lee_Vector
0    226   6   1   402  4.2  Envio_Esclavos
0    388  10   2   346  4.4  Lectura_Esclavos
0    202   5  16   156  3.5  extraeDecimal
0     64   2   5    64  2.4  inttofloat
0   5920 153   9  9423  8.0  LeeEEPROM
0     66   2   6             @WRITEBITA
0     50   1   5             @READBITA
0   1568  41   0  3812  6.9  LimitaValores
0    496  13   0  4225  4.5  LeeDisplay
0    148   4   1   700  5.3  ActivaAlarma
0     92   2   0   303  4.1  ControlaPresion
0    512  13   7   766  5.8  GuardaDatoEstatico
0   1360  35   6  2127  5.9  borraDatoCiclo
0   1124  29   7  1656  6.4  GuardaDatoCiclo
0    146   4   0   250  3.7  incrementaCiclos
0    998  26   5  2056  4.9  exportarData
0   1506  39   2  2288  4.4  codificaAlarma
0     16   0   0             @const806
0    170   4   9             @PRINTF_LU_9600_31766_31767
0     50   1   4             @PSTRINGCN_9600_31766_31767
0     18   0   0             @const811
0     18   0   0             @const812
0     22   1   0             @const813
0     18   0   0             @const814
0     18   0   0             @const815
0     20   1   0             @const816
0     18   0   0             @const817
0     22   1   0             @const818
0     20   1   0             @const819
0     18   0   0             @const820
0     18   0   0             @const821
0     20   1   0             @const822
0     22   1   0             @const823
0     20   1   0             @const824
0     26   1   0             @const825
0     38   1   2    72  2.4  graficaCurva
0    176   5   2   204  3.2  muestreo
0     50   1   0   193  3.6  monitoreaAgua
0    130   3   0   556  4.2  monitoreaStop
0     16   0   0             @const832
0     42   1   3             @PSTRINGC_9600_31766_31767
0     56   1   0   415  3.3  cierraPuertaS
0    100   3   0   623  6.2  abrePuertaS
0     50   1   0   378  3.3  cierraPuertaL
0     94   2   0   572  5.7  abrePuertaL
0    168   4   0   415  4.6  monitoreaPuertaLimpio
0      8   0   0    18  1.0  ApagaSalidas
0    180   5   0  1655  2.0  borraVariables
0    204   5   0  1033  4.8  leePulsadores
0     14   0   0             @const842
0     14   0   0             @const843
0     14   0   0             @const844
0    136   4  10   646  3.4  ConfiguraCiclo
0   2092  54   9  2796  6.4  actualizaTabla
0  24424 633   9123845 13.0  menuPrincipal
0      8   0   0             @const858
0     14   0   0             @const859
0     10   0   0             @const860
0     26   1   0             @const861
0     26   1   0             @const862
0     28   1   0             @const863
0     16   0   0             @const864
0     38   1   2             @PSTRINGR_9600_31766_31767
0     14   0   0             @const866
0     14   0   0             @const867
0     20   1   0             @const868
0     14   0   0             @const869
0     12   0   0             @const870
0     10   0   0             @const871
0     12   0   0             @const872
0     26   1   0             @const873
0     10   0   0             @const874
0     26   1   0             @const875
0     10   0   0             @const876
0     56   1   0             @const877
0    126   3   2             @PRINTF_U_9600_31766_31767
0     16   0   0             @const881
0     20   1   0             @const882
0     20   1   0             @const883
0     20   1   0             @const884
0     20   1   0             @const885
0     20   1   0             @const886
0     20   1   0             @const887
0     20   1   0             @const888
0     20   1   0             @const889
0     20   1   0             @const890
0     20   1   0             @const891
0     10   0   0             @const892
0     18   0   0             @const893
0     14   0   0             @const894
0     56   1   0             @const895
0     18   0   0             @const896
0     20   1   0             @const897
0     20   1   0             @const898
0     56   1   0             @const899
0     18   0   0             @const900
0     20   1   0             @const901
0     20   1   0             @const902
0     56   1   0             @const903
0     18   0   0             @const904
0     20   1   0             @const905
0     56   1   0             @const906
0     18   0   0             @const907
0     18   0   0             @const908
0     20   1   0             @const909
0     12   0   0             @const910
0     14   0   0             @const911
0     12   0   0             @const912
0     14   0   0             @const913
0     12   0   0             @const914
0     14   0   0             @const915
0     12   0   0             @const916
0     14   0   0             @const917
0     12   0   0             @const918
0     14   0   0             @const919
0     12   0   0             @const920
0     14   0   0             @const921
0     12   0   0             @const922
0     14   0   0             @const923
0     12   0   0             @const924
0     14   0   0             @const925
0     14   0   0             @const926
0     14   0   0             @const927
0     14   0   0             @const928
0     14   0   0             @const929
0     14   0   0             @const930
0     14   0   0             @const931
0     14   0   0             @const932
0     14   0   0             @const933
0     14   0   0             @const934
0     14   0   0             @const935
0     14   0   0             @const936
0     14   0   0             @const937
0     14   0   0             @const938
0     14   0   0             @const939
0     12   0   0             @const940
0     14   0   0             @const941
0     14   0   0             @const942
0     14   0   0             @const943
0     12   0   0             @const944
0     14   0   0             @const945
0     14   0   0             @const946
0     14   0   0             @const947
0     14   0   0             @const948
0     14   0   0             @const949
0     14   0   0             @const950
0     14   0   0             @const951
0     14   0   0             @const952
0     14   0   0             @const953
0     14   0   0             @const954
0     14   0   0             @const955
0     22   1   0             @const956
0     68   2   5             @FTOSD
0    128   3  13             @DIV3232
0    420  11  13             @PRINTF_L32D_9600_31766_31767FPFPF
0     22   1   0             @const965
0     26   1   0             @const966
0     26   1   0             @const967
0     20   1   0             @const968
0     20   1   0             @const969
0     10   0   0             @const970
0     10   0   0             @const971
0     18   0   0             @const972
0     20   1   0             @const973
0     16   0   0             @const974
0     16   0   0             @const975
0     18   0   0             @const976
0     56   1   0             @const977
0     16   0   0             @const978
0     24   1   0             @const979
0     14   0   0             @const980
0     22   1   0             @const981
0     22   1   0             @const982
0     18   0   0             @const983
0     22   1   0             @const984
0     20   1   0             @const985
0     22   1   0             @const986
0     14   0   0             @const987
0     18   0   0             @const988
0     18   0   0             @const989
0     16   0   0             @const990
0     16   0   0             @const991
0     18   0   0             @const992
0     24   1   0             @const993
0     14   0   0             @const994
0     22   1   0             @const995
0     22   1   0             @const996
0     18   0   0             @const997
0     22   1   0             @const998
0     20   1   0             @const999
0     10   0   0             @const1000
0     18   0   0             @const1001
0     14   0   0             @const1002
0     18   0   0             @const1003
0     16   0   0             @const1004
0     16   0   0             @const1005
0     12   0   0             @const1006
0     12   0   0             @const1007
0     20   1   0             @const1008
0     56   1   0             @const1009
0     18   0   0             @const1010
0     16   0   0             @const1011
0     56   1   0             @const1012
0     12   0   0             @const1013
0     42   1   0             @const1014
0     12   0   0             @const1015
0     48   1   0             @const1016
0     12   0   0             @const1017
0     48   1   0             @const1018
0     12   0   0             @const1019
0     48   1   0             @const1020
0     12   0   0             @const1021
0     48   1   0             @const1022
0     12   0   0             @const1023
0     48   1   0             @const1024
0     12   0   0             @const1025
0     48   1   0             @const1026
0     12   0   0             @const1027
0     48   1   0             @const1028
0     12   0   0             @const1029
0     48   1   0             @const1030
0     12   0   0             @const1031
0     44   1   0             @const1032
0     14   0   0             @const1033
0     56   1   0             @const1034
0     16   0   0             @const1035
0     12   0   0             @const1036
0     10   0   0             @const1037
0     14   0   0             @const1038
0     12   0   0             @const1039
0     12   0   0             @const1040
0     12   0   0             @const1041
0     10   0   0             @const1042
0     18   0   0             @const1043
0     14   0   0             @const1044
0     44   1   0             @const1045
0     10   0   0             @const1046
0     28   1   0             @const1047
0     28   1   0             @const1048
0     18   0   0             @const1049
0     20   1   0             @const1050
0     20   1   0             @const1051
0     26   1   0             @const1052
0     22   1   0             @const1053
0     32   1   0             @const1054
0     20   1   0             @const1055
0     22   1   0             @const1056
0     22   1   0             @const1057
0     56   1   0             @const1058
0     18   0   0             @const1059
0     16   0   0             @const1060
0     56   1   0             @const1061
0     14   0   0             @const1062
0     14   0   0             @const1063
0     14   0   0             @const1064
0     10   0   0             @const1065
0     12   0   0             @const1066
0     14   0   0             @const1067
0     14   0   0             @const1068
0     14   0   0             @const1069
0     24   1   0             @const1070
0     10   0   0             @const1071
0     48   1   0             @const1072
0     36   1   0             @const1073
0     42   1   0             @const1074
0     34   1   0             @const1075
0     42   1   0             @const1076
0     36   1   0             @const1077
0     38   1   0             @const1078
0     36   1   0             @const1079
0     44   1   0             @const1080
0     36   1   0             @const1081
0     44   1   0             @const1082
0     36   1   0             @const1083
0     40   1   0             @const1084
0     36   1   0             @const1085
0     38   1   0             @const1086
0     36   1   0             @const1087
0     38   1   0             @const1088
0     36   1   0             @const1089
0     40   1   0             @const1090
0     36   1   0             @const1091
0     44   1   0             @const1092
0     34   1   0             @const1093
0     10   0   0             @const1094
0     34   1   0             @const1095
0     40   1   0             @const1096
0     34   1   0             @const1097
0     44   1   0             @const1098
0     44   1   0             @const1099
0     34   1   0             @const1100
0     38   1   0             @const1101
0     34   1   0             @const1102
0     38   1   0             @const1103
0     34   1   0             @const1104
0     42   1   0             @const1105
0     34   1   0             @const1106
0     38   1   0             @const1107
0     34   1   0             @const1108
0     34   1   0             @const1109
0     34   1   0             @const1110
0     42   1   0             @const1111
0     34   1   0             @const1112
0     40   1   0             @const1113
0     34   1   0             @const1114
0     32   1   0             @const1115
0     38   1   0             @const1116
0     38   1   0             @const1117
0     34   1   0             @const1118
0     44   1   0             @const1119
0     34   1   0             @const1120
0     38   1   0             @const1121
0     38   1   0             @const1122
0     38   1   0             @const1123
0     16   0   0             @const1124
0     16   0   0             @const1125
0     16   0   0             @const1126
0     18   0   0             @const1127
0     34   1   0             @const1128
0     36   1   0             @const1129
0     32   1   0             @const1130
0     36   1   0             @const1131
0     36   1   0             @const1132
0     62   2   0             @const1133
0     98   3   2   564  5.2  serial_rx_isr
0    516  13   0  2296  6.4  temp1s
1   6822 177   1 19051 11.5  MAIN
0     16   0   0             @const1138
0      8   0   0             @const1139
0     14   0   0             @const1140
0     30   1   0             @const1141
0     16   0   0             @const1142
0     24   1   0   564  5.2  @const1143
0     16   0   0  2296  6.4  @const1144
0     26   1   0 19051 11.5  @const1145
0     14   0   0             @const1146
0     26   1   0   564  5.2  @const1147
0     14   0   0  2296  6.4  @const1148
0     28   1   0 19051 11.5  @const1149
0     14   0   0             @const1150
0     28   1   0             @const1151
0     14   0   0             @const1152
0     24   1   0             @const1153
0     14   0   0             @const1154
0     24   1   0             @const1155
0     16   0   0             @const1156
0     28   1   0             @const1157
0     16   0   0             @const1158
0     24   1   0             @const1159
0     16   0   0             @const1160
0     30   1   0             @const1161
0     16   0   0             @const1162
0     30   1   0             @const1163
0     16   0   0             @const1164
0     28   1   0             @const1165
0     16   0   0             @const1166
0     32   1   0             @const1167
0     16   0   0             @const1168
0     30   1   0             @const1169
0     16   0   0             @const1170
0     10   0   0             @const1171
0     54   1   0             @const1172

Program metrics:
    Functions               63
    Statements              4325
    Comments                1401
    Volume (V)              330605
    Difficilty (D)          301.6
    Effort to implement (E) 99723458
    Time to implement (T)   1538 hours, 57 minutes
    Est Delivered Bugs (B)  72
    Cyclomatic Complexity   980
    Maintainability (MI)    97

 Segment     Used  Free
-----------  ----  ----
00000-00002     4  0  
00004-00006     4  0  
00008-00142   316  0  
00144-0FFFE  60320  4892  
10000-17FFE  6822  25946  



