>>> Warning 203 "H:\JP\JP\Laboratorio\Autoclave\Autoclaves Vertical\Sin Precamara\2016\Autoclave 55L\Autoclave 55L LabService\Firmware V3\Hardware_Controller\pic18_usb.c" Line 531(1,1): Condition always TRUE
>>> Warning 216 "Hardware_Controller.c" Line 713(0,1): Interrupts disabled during call to prevent re-entrancy:  (usb_token_reset)
>>> Warning 216 "Hardware_Controller.c" Line 713(0,1): Interrupts disabled during call to prevent re-entrancy:  (@MUL1616)
>>> Warning 216 "Hardware_Controller.c" Line 713(0,1): Interrupts disabled during call to prevent re-entrancy:  (usb_flush_out)
>>> Warning 216 "Hardware_Controller.c" Line 713(0,1): Interrupts disabled during call to prevent re-entrancy:  (usb_tbe)
>>> Warning 216 "Hardware_Controller.c" Line 713(0,1): Interrupts disabled during call to prevent re-entrancy:  (usb_flush_in)
>>> Warning 202 "Hardware_Controller.c" Line 59(19,32): Variable never used:   desfoguelento
>>> Warning 202 "Hardware_Controller.c" Line 59(47,67): Variable never used:   TiempoFuncionamiento
>>> Warning 202 "Hardware_Controller.c" Line 60(6,10): Variable never used:   Menu
>>> Warning 202 "Hardware_Controller.c" Line 60(13,17): Variable never used:   bite
>>> Warning 202 "Hardware_Controller.c" Line 60(20,32): Variable never used:   TamanoCadena
>>> Warning 202 "Hardware_Controller.c" Line 60(35,36): Variable never used:   i
>>> Warning 202 "Hardware_Controller.c" Line 60(39,46): Variable never used:   Decimal
>>> Warning 202 "Hardware_Controller.c" Line 60(73,74): Variable never used:   q
>>> Warning 202 "Hardware_Controller.c" Line 61(140,150): Variable never used:   AlarmaTemp
>>> Warning 202 "Hardware_Controller.c" Line 63(41,48): Variable never used:   Minutos
>>> Warning 202 "Hardware_Controller.c" Line 63(104,113): Variable never used:   tdesfogue
>>> Warning 202 "Hardware_Controller.c" Line 64(7,22): Variable never used:   disp_Calentando
>>> Warning 202 "Hardware_Controller.c" Line 64(25,38): Variable never used:   disp_Llenando
>>> Warning 202 "Hardware_Controller.c" Line 64(41,53): Variable never used:   disp_Secando
>>> Warning 202 "Hardware_Controller.c" Line 64(56,74): Variable never used:   disp_Esterilizando
>>> Warning 202 "Hardware_Controller.c" Line 64(77,97): Variable never used:   disp_Despresurizando
>>> Warning 202 "Hardware_Controller.c" Line 64(100,109): Variable never used:   disp_Stop
>>> Warning 202 "Hardware_Controller.c" Line 64(112,121): Variable never used:   disp_Door
>>> Warning 202 "Hardware_Controller.c" Line 64(124,132): Variable never used:   disp_Fin
>>> Warning 202 "Hardware_Controller.c" Line 64(135,149): Variable never used:   CadenaRecibida
>>> Warning 202 "Hardware_Controller.c" Line 65(13,28): Variable never used:   Testerilizacion
>>> Warning 202 "Hardware_Controller.c" Line 66(13,29): Variable never used:   Testerilizacionp
>>> Warning 202 "Hardware_Controller.c" Line 67(13,20): Variable never used:   Tsecado
>>> Warning 202 "Hardware_Controller.c" Line 68(13,21): Variable never used:   Tsecadop
>>> Warning 202 "Hardware_Controller.c" Line 70(28,31): Variable never used:   est
>>> Warning 202 "Hardware_Controller.c" Line 70(42,51): Variable never used:   flagtimer
>>> Warning 202 "Hardware_Controller.c" Line 71(38,47): Variable never used:   fin_ciclo
>>> Warning 202 "Hardware_Controller.c" Line 71(50,65): Variable never used:   tiempo_desfogue
>>> Warning 202 "Hardware_Controller.c" Line 71(92,105): Variable never used:   tiempo_secado
>>> Warning 202 "Hardware_Controller.c" Line 71(108,115): Variable never used:   Exhaust
>>> Warning 202 "Hardware_Controller.c" Line 74(77,79): Variable never used:   p1
>>> Warning 202 "Hardware_Controller.c" Line 74(87,89): Variable never used:   p2
>>> Warning 202 "Hardware_Controller.c" Line 74(99,101): Variable never used:   p3
>>> Warning 202 "Hardware_Controller.c" Line 74(110,112): Variable never used:   p4
>>> Warning 202 "Hardware_Controller.c" Line 76(6,12): Variable never used:   datoTx
>>> Warning 202 "Hardware_Controller.c" Line 77(6,12): Variable never used:   datoRx
>>> Warning 202 "Hardware_Controller.c" Line 78(6,20): Variable never used:   ADCTemperatura
>>> Warning 202 "Hardware_Controller.c" Line 79(6,20): Variable never used:   SetTemperatura
>>> Warning 202 "Hardware_Controller.c" Line 83(7,18): Variable never used:   EnvioMaster
>>> Warning 202 "Hardware_Controller.c" Line 84(7,22): Variable never used:   SolicitudMaster
>>> Warning 202 "Hardware_Controller.c" Line 85(6,10): Variable never used:   dato
>>> Warning 202 "Hardware_Controller.c" Line 86(6,15): Variable never used:   direccion
      Memory usage:   ROM=42%      RAM=49% - 51%
      0 Errors,  48 Warnings.
