
ROM used: 59980 (61%)
          59980 (61%) including unused fragments

          9 Average locations per line
          16 Average locations per statement

RAM used: 1581 (48%) at main() level
          1606 (48%) worst case

Stack used: 4 worst case (out of 31 total available)

Lines Stmts  %   Files
----- ----- ---  -----
 3058  2566  69  GLCD_Controller.c
  461     0   0  C:\Program Files (x86)\PICC\Devices\18F4685.h
   37     0   0  stdio.h
  409     0   0  string.h
   28     0   0  stddef.h
   28     0   0  ctype.h
 1273   359  10  stdlib.h
  143    53   1  DS1302.c
   73    24   1  24512.c
  885   731  20  Funciones.h
----- -----
 6395  3733 Total

Page ROM  %  RAM   Vol Diff  Functions:
---- --- --- ---   --- ----  ----------
0     40   0   1             @delay_ms1
0      8   0   0             @PUTCHARI_BIU_1
0     78   0   2             @MUL88
0    246   0  11             @MULFF
0     54   0   2             @ITOF
0    632   1  16             @ADDFF
0    350   0  14             @DIVFF
0     70   0   5             @DIV1616
0     40   0   2   199  4.3  write_ds1302_byte
0     22   0   2    94  1.8  write_ds1302
0     86   0   3   401  4.9  read_ds1302
0     82   0   2   247  3.7  rtc_init
0     48   0   4   160  5.0  get_bcd
0     44   0   3             @DIV88
0     50   0   3   160  4.2  rm_bcd
0    188   0   7   402  2.2  rtc_set_datetime
 Inline        5   238  3.1  rtc_get_date
 Inline        4   170  3.0  rtc_get_time
0    106   0   3             @I2C_READ_2
0    118   0   1             @I2C_WRITE_2
0    274   0   6   331  4.0  write_ext_eeprom
0    168   0   5   264  1.2  read_ext_eeprom
0    234   0   0             @const589
0     44   0   0   749  2.4  BorraBuffer
0     54   0   0   134  1.3  SendDataDisplay
0     82   0   3   111  3.8  esBisiesto
0    148   0   1   750  4.8  LimitaDia
0     88   0   5   100  2.1  sensores
0   2736   2  12  1628  8.9  LeerPT100
0     34   0   5             @MUL1616
0    514   0   5   524  7.4  Leer_Sensor_Presion_Camara
0    122   0  10             @FLT
0    514   0   5   524  7.4  Leer_Sensor_Presion_PreCamara
0    924   1   4   817  6.6  Controla
0     60   0   4             @SFTOI
0    202   0  16   156  3.5  extraeDecimal
0     64   0   5    64  2.4  inttofloat
0   4700   4   9  8904  7.9  LeeEEPROM
0     66   0   6             @WRITEBITA
0     50   0   5             @READBITA
0   1216   1   0  2584  5.9  LimitaValores
0    496   0   0  4225  4.5  LeeDisplay
0     94   0  11  1133  4.9  ConfiguraCiclo
0    184   0   1   978  6.3  ActivaAlarma
0     40   0   0   272  2.3  ApagaSalidas
0     40   0   0   129  3.4  ControlaPresion
0    494   0   7   766  5.8  GuardaDatoEstatico
0    932   1   7  1656  6.4  GuardaDatoCiclo
0    140   0   0   250  3.7  incrementaCiclos
0    942   1   5  2160  4.9  exportarData
0   1314   1   1  2288  4.4  codificaAlarma
0     16   0   0             @const716
0    126   0   2             @PRINTF_U_9600_31766_31767
0     50   0   4             @PSTRINGCN_9600_31766_31767
0     18   0   0             @const722
0     18   0   0             @const723
0     22   0   0             @const724
0     18   0   0             @const725
0     18   0   0             @const726
0     18   0   0             @const727
0     16   0   0             @const728
0     22   0   0             @const729
0     18   0   0             @const730
0     16   0   0             @const731
0     16   0   0             @const732
0     18   0   0             @const733
0     22   0   0             @const734
0     18   0   0             @const735
0     24   0   0             @const736
0     44   0   1   233  4.1  sistemaBloqueo
0    110   0   2   644  5.8  serial_rx_isr
0    396   0   0  2235  6.9  temp1s
0  31972  27  11156813 15.0  MAIN
0     16   0   0             @const743
0     42   0   3             @PSTRINGC_9600_31766_31767
0      8   0   0             @const745
0     14   0   0             @const746
0     16   0   0             @const747
0      8   0   0             @const748
0     14   0   0             @const749
0     20   0   0             @const750
0     26   0   0             @const751
0     10   0   0             @const752
0     26   0   0             @const753
0     10   0   0             @const754
0     28   0   0             @const755
0     10   0   0             @const756
0     16   0   0             @const757
0     38   0   2             @PSTRINGR_9600_31766_31767
0     14   0   0             @const759
0     14   0   0             @const760
0     20   0   0             @const761
0     14   0   0             @const762
0     12   0   0             @const763
0     10   0   0             @const764
0     12   0   0             @const765
0     26   0   0             @const766
0     10   0   0             @const767
0     26   0   0             @const768
0     10   0   0             @const769
0     60   0   0             @const770
0     16   0   0             @const771
0     20   0   0             @const772
0     20   0   0             @const773
0     20   0   0             @const774
0     20   0   0             @const775
0     20   0   0             @const776
0     20   0   0             @const777
0     20   0   0             @const778
0     20   0   0             @const779
0     20   0   0             @const780
0     20   0   0             @const781
0     10   0   0             @const782
0     18   0   0             @const783
0     14   0   0             @const784
0     12   0   0             @const785
0     60   0   0             @const786
0     18   0   0             @const787
0     20   0   0             @const788
0     20   0   0             @const789
0     60   0   0             @const790
0     18   0   0             @const791
0     20   0   0             @const792
0     20   0   0             @const793
0     60   0   0             @const794
0     18   0   0             @const795
0     20   0   0             @const796
0     60   0   0             @const797
0     18   0   0             @const798
0     18   0   0             @const799
0    170   0   9             @PRINTF_LU_9600_31766_31767
0     12   0   0             @const802
0     14   0   0             @const803
0     12   0   0             @const804
0     14   0   0             @const805
0     12   0   0             @const806
0     14   0   0             @const807
0     12   0   0             @const808
0     14   0   0             @const809
0     12   0   0             @const810
0     14   0   0             @const811
0     12   0   0             @const812
0     14   0   0             @const813
0     12   0   0             @const814
0     14   0   0             @const815
0     12   0   0             @const816
0     14   0   0             @const817
0     14   0   0             @const818
0     14   0   0             @const819
0     12   0   0             @const820
0     14   0   0             @const821
0     12   0   0             @const822
0     14   0   0             @const823
0     14   0   0             @const824
0     14   0   0             @const825
0     14   0   0             @const826
0     14   0   0             @const827
0     14   0   0             @const828
0     14   0   0             @const829
0     14   0   0             @const830
0     14   0   0             @const831
0     22   0   0             @const832
0     68   0   5             @FTOSD
0    128   0  13             @DIV3232
0    420   0  13             @PRINTF_L32D_9600_31766_31767FPFPF
0     22   0   0             @const841
0     26   0   0             @const842
0     26   0   0             @const843
0     20   0   0             @const844
0     20   0   0             @const845
0     10   0   0             @const846
0     10   0   0             @const847
0     18   0   0             @const848
0     20   0   0             @const849
0     16   0   0             @const850
0     16   0   0             @const851
0     18   0   0             @const852
0     60   0   0             @const853
0     16   0   0             @const854
0     24   0   0             @const855
0     14   0   0             @const856
0     22   0   0             @const857
0     22   0   0             @const858
0     18   0   0             @const859
0     22   0   0             @const860
0     20   0   0             @const861
0     22   0   0             @const862
0     14   0   0             @const863
0     18   0   0             @const864
0     18   0   0             @const865
0     16   0   0             @const866
0     16   0   0             @const867
0     18   0   0             @const868
0     24   0   0             @const869
0     14   0   0             @const870
0     22   0   0             @const871
0     22   0   0             @const872
0     18   0   0             @const873
0     22   0   0             @const874
0     20   0   0             @const875
0     10   0   0             @const876
0     18   0   0             @const877
0     14   0   0             @const878
0     18   0   0             @const879
0     16   0   0             @const880
0     16   0   0             @const881
0     12   0   0             @const882
0     12   0   0             @const883
0     20   0   0             @const884
0     60   0   0             @const885
0     18   0   0             @const886
0     16   0   0             @const887
0     60   0   0             @const888
0     12   0   0             @const889
0     42   0   0             @const890
0     12   0   0             @const891
0     48   0   0             @const892
0     12   0   0             @const893
0     48   0   0             @const894
0     12   0   0             @const895
0     48   0   0             @const896
0     12   0   0             @const897
0     48   0   0             @const898
0     12   0   0             @const899
0     48   0   0             @const900
0     12   0   0             @const901
0     48   0   0             @const902
0     12   0   0             @const903
0     48   0   0             @const904
0     12   0   0             @const905
0     48   0   0             @const906
0     12   0   0             @const907
0     44   0   0             @const908
0     14   0   0             @const909
0     60   0   0             @const910
0     16   0   0             @const911
0     12   0   0             @const912
0     10   0   0             @const913
0     14   0   0             @const914
0     12   0   0             @const915
0     12   0   0             @const916
0     12   0   0             @const917
0     10   0   0             @const918
0     18   0   0             @const919
0     14   0   0             @const920
0     24   0   0             @const921
0     32   0   0             @const922
0     26   0   0             @const923
0     30   0   0             @const924
0     34   0   0             @const925
0     26   0   0             @const926
0     28   0   0             @const927
0     14   0   0             @const928
0     28   0   0             @const929
0     18   0   0             @const930
0     20   0   0             @const931
0     20   0   0             @const932
0     26   0   0             @const933
0     22   0   0             @const934
0     30   0   0             @const935
0     18   0   0             @const936
0     20   0   0             @const937
0     22   0   0             @const938
0     60   0   0             @const939
0     18   0   0             @const940
0     16   0   0             @const941
0     60   0   0             @const942
0     14   0   0             @const943
0     14   0   0             @const944
0     14   0   0             @const945
0     10   0   0             @const946
0     12   0   0             @const947
0     14   0   0             @const948
0     14   0   0             @const949
0     14   0   0             @const950
0     24   0   0             @const951
0     48   0   0             @const952
0     36   0   0             @const953
0     42   0   0             @const954
0     34   0   0             @const955
0     38   0   0             @const956
0     36   0   0             @const957
0     44   0   0             @const958
0     36   0   0             @const959
0     44   0   0             @const960
0     36   0   0             @const961
0     40   0   0             @const962
0     36   0   0             @const963
0     38   0   0             @const964
0     36   0   0             @const965
0     38   0   0             @const966
0     36   0   0             @const967
0     34   0   0             @const968
0     40   0   0             @const969
0     34   0   0             @const970
0     44   0   0             @const971
0     44   0   0             @const972
0     34   0   0             @const973
0     38   0   0             @const974
0     34   0   0             @const975
0     38   0   0             @const976
0     34   0   0             @const977
0     42   0   0             @const978
0     34   0   0             @const979
0     38   0   0             @const980
0     34   0   0             @const981
0     34   0   0             @const982
0     34   0   0             @const983
0     42   0   0             @const984
0     34   0   0             @const985
0     40   0   0             @const986
0     34   0   0             @const987
0     32   0   0             @const988
0     34   0   0             @const989
0     38   0   0             @const990
0     38   0   0             @const991
0     38   0   0             @const992
0     16   0   0             @const993
0     16   0   0             @const994
0     16   0   0             @const995
0     16   0   0             @const996
0     16   0   0             @const997
0     34   0   0             @const998
0     36   0   0             @const999
0     30   0   0             @const1000
0     32   0   0             @const1001
0     32   0   0             @const1002
0     32   0   0             @const1003
0     32   0   0             @const1004
0     54   0   0             @const1005
0     14   0   0             @const1006
0     30   0   0             @const1007
0     16   0   0             @const1008
0     24   0   0             @const1009
0     16   0   0             @const1010
0     26   0   0             @const1011
0     14   0   0             @const1012
0     26   0   0             @const1013
0     14   0   0             @const1014
0     28   0   0             @const1015
0     14   0   0             @const1016
0     28   0   0             @const1017
0     14   0   0             @const1018
0     24   0   0             @const1019
0     14   0   0             @const1020
0     26   0   0             @const1021
0     16   0   0             @const1022
0     28   0   0             @const1023
0     16   0   0             @const1024
0     24   0   0             @const1025
0     16   0   0             @const1026
0     30   0   0             @const1027
0     16   0   0             @const1028
0     30   0   0             @const1029
0     16   0   0             @const1030
0     10   0   0             @const1031
0     54   0   0             @const1032

Program metrics:
    Functions               38
    Statements              3733
    Comments                1169
    Volume (V)              233462
    Difficilty (D)          180.4
    Effort to implement (E) 42105192
    Time to implement (T)   649 hours, 46 minutes
    Est Delivered Bugs (B)  40
    Cyclomatic Complexity   641
    Maintainability (MI)    84

 Segment     Used  Free
-----------  ----  ----
00000-00002     4  0  
00004-00006     0  4  
00008-00142   316  0  
00144-0FFFE  59660  5552  
10000-17FFE     0  32768  



