
ROM used: 59044 (60%)
          59044 (60%) including unused fragments

          9 Average locations per line
          16 Average locations per statement

RAM used: 1984 (60%) at main() level
          2013 (60%) worst case

Stack used: 5 worst case (out of 31 total available)

Lines Stmts  %   Files
----- ----- ---  -----
 2828  2303  61  GLCD_Controller.c
  461     0   0  C:\Program Files (x86)\PICC\Devices\18F4685.h
   37     0   0  stdio.h
  409     0   0  string.h
   28     0   0  stddef.h
   28     0   0  ctype.h
 1273   359   9  stdlib.h
  143    53   1  DS1302.c
   73    24   1  24512.c
 1261  1048  28  Funciones.h
----- -----
 6541  3787 Total

Page ROM  %  RAM   Vol Diff  Functions:
---- --- --- ---   --- ----  ----------
0     40   0   1             @delay_ms1
0    106   0   3             @I2C_READ_1
0    118   0   1             @I2C_WRITE_1
0      8   0   0             @PUTCHARI_BIU_1
0     78   0   2             @MUL88
0    246   0  11             @MULFF
0     54   0   2             @ITOF
0    632   1  16             @ADDFF
0    350   0  14             @DIVFF
0     70   0   5             @DIV1616
0     40   0   2   199  4.3  write_ds1302_byte
0     22   0   2    94  1.8  write_ds1302
0     86   0   3   401  4.9  read_ds1302
0     82   0   2   247  3.7  rtc_init
0     48   0   4   160  5.0  get_bcd
0     44   0   3             @DIV88
0     50   0   3   160  4.2  rm_bcd
0    188   0   7   402  2.2  rtc_set_datetime
 Inline        5   238  3.1  rtc_get_date
 Inline        4   170  3.0  rtc_get_time
0    274   0   6   331  4.0  write_ext_eeprom
0    168   0   5   255  1.4  read_ext_eeprom
0    278   0   0             @const632
0     44   0   0   749  2.4  BorraBuffer
0     54   0   0   134  1.3  SendDataDisplay
0     82   0   3   111  3.8  esBisiesto
0    148   0   1   750  4.8  LimitaDia
0    110   0   2   142  3.9  ActualizaRecta
0     88   0   5   100  2.1  sensores
0   2272   2  10  1387  8.9  LeerPT100
0     34   0   5             @MUL1616
0    510   0   5   499  7.0  Leer_Sensor_Presion_Camara
0    122   0  10             @FLT
0    510   0   5   499  7.0  Leer_Sensor_Presion_PreCamara
0   1350   1   4  1190  7.2  Controla
0     60   0   4             @SFTOI
0     94   0   3   100  1.8  Envio_I2C
 Inline        4   188  3.5  Lectura_I2C
0    326   0   4  1360  4.7  Carga_Vector
0     64   0   1   153  3.9  Envio_Esclavos
0    202   0  16   156  3.5  extraeDecimal
0     64   0   5    64  2.4  inttofloat
0   4472   4   9  8711  7.5  LeeEEPROM
0     66   0   6             @WRITEBITA
0     50   0   5             @READBITA
0   1348   1   0  2775  5.9  LimitaValores
0    496   0   0  4225  4.5  LeeDisplay
0    118   0  10   561  2.4  ConfiguraCiclo
0    198   0   1   990  6.3  ActivaAlarma
0    124   0   0   562  4.3  ControlaPresion
0     36   0   0   236  2.3  ApagaSalidas
0    494   0   7   766  5.8  GuardaDatoEstatico
0    932   1   7  1656  6.4  GuardaDatoCiclo
0    140   0   0   250  3.7  incrementaCiclos
0   1560   1   1  2803  4.4  codificaAlarma
0     16   0   0             @const767
0    126   0   2             @PRINTF_U_9600_31766_31767
0     50   0   4             @PSTRINGCN_9600_31766_31767
0     18   0   0             @const773
0     18   0   0             @const774
0     22   0   0             @const775
0     18   0   0             @const776
0     18   0   0             @const777
0     18   0   0             @const778
0     24   0   0             @const779
0     24   0   0             @const780
0     18   0   0             @const781
0     18   0   0             @const782
0     16   0   0             @const783
0     16   0   0             @const784
0     18   0   0             @const785
0     22   0   0             @const786
0     18   0   0             @const787
0     24   0   0             @const788
0     20   0   0             @const789
0     18   0   0             @const790
0     38   0   2    72  2.4  graficaCurva
0    496   0   6   529  4.3  muestreo
0    160   0   0  1081  4.9  monitoreaAgua
0     74   0   0   250  3.7  detieneBloqueo
0     66   0   0   195  3.1  detienePuerta
0    108   0   0   426  5.2  bloqueaPuerta
0    120   0   0   423  5.6  desbloqueaPuerta
0    134   0   1   503  4.7  cierraPuerta
0    348   0   0  1533  6.4  abrePuerta
0     98   0   0   459  4.1  monitoreaStop
0     16   0   0             @const803
0     42   0   3             @PSTRINGC_9600_31766_31767
0   1714   1   9  2796  6.4  actualizaTabla
0    110   0   2   632  5.8  serial_rx_isr
0     80   0   0   214  4.5  temp0s
0    416   0   0  1739  7.3  temp1s
0  27736  23   7127033 15.0  MAIN
0     16   0   0             @const811
0      8   0   0             @const812
0     14   0   0             @const813
0      8   0   0             @const814
0     14   0   0             @const815
0     26   0   0             @const816
0     26   0   0             @const817
0     28   0   0             @const818
0     16   0   0             @const819
0     38   0   2             @PSTRINGR_9600_31766_31767
0     14   0   0             @const821
0     14   0   0             @const822
0     20   0   0             @const823
0     14   0   0             @const824
0     12   0   0             @const825
0     20   0   0             @const826
0     12   0   0             @const827
0     26   0   0             @const828
0     20   0   0             @const829
0     26   0   0             @const830
0     20   0   0             @const831
0     66   0   0             @const832
0     68   0   5             @FTOSD
0    128   0  13             @DIV3232
0    420   0  13             @PRINTF_L32D_9600_31766_31767FPFPF
0     16   0   0             @const841
0     20   0   0             @const842
0     20   0   0             @const843
0     14   0   0             @const844
0     14   0   0             @const845
0     20   0   0             @const846
0     20   0   0             @const847
0     20   0   0             @const848
0     14   0   0             @const849
0     20   0   0             @const850
0     20   0   0             @const851
0     20   0   0             @const852
0     18   0   0             @const853
0     14   0   0             @const854
0     66   0   0             @const855
0     18   0   0             @const856
0     20   0   0             @const857
0     20   0   0             @const858
0     66   0   0             @const859
0     18   0   0             @const860
0     20   0   0             @const861
0     20   0   0             @const862
0     66   0   0             @const863
0     18   0   0             @const864
0     20   0   0             @const865
0     60   0   0             @const866
0     18   0   0             @const867
0     20   0   0             @const868
0    170   0   9             @PRINTF_LU_9600_31766_31767
0     12   0   0             @const871
0     14   0   0             @const872
0     12   0   0             @const873
0     14   0   0             @const874
0     12   0   0             @const875
0     14   0   0             @const876
0     12   0   0             @const877
0     14   0   0             @const878
0     12   0   0             @const879
0     14   0   0             @const880
0     12   0   0             @const881
0     14   0   0             @const882
0     12   0   0             @const883
0     14   0   0             @const884
0     12   0   0             @const885
0     14   0   0             @const886
0     14   0   0             @const887
0     14   0   0             @const888
0     12   0   0             @const889
0     14   0   0             @const890
0     12   0   0             @const891
0     14   0   0             @const892
0     14   0   0             @const893
0     14   0   0             @const894
0     14   0   0             @const895
0     14   0   0             @const896
0     14   0   0             @const897
0     14   0   0             @const898
0     14   0   0             @const899
0     14   0   0             @const900
0     14   0   0             @const901
0     14   0   0             @const902
0     14   0   0             @const903
0     14   0   0             @const904
0     18   0   0             @const905
0     18   0   0             @const906
0     22   0   0             @const907
0     22   0   0             @const908
0     26   0   0             @const909
0     26   0   0             @const910
0     16   0   0             @const911
0     22   0   0             @const912
0     20   0   0             @const913
0     20   0   0             @const914
0     18   0   0             @const915
0     20   0   0             @const916
0     16   0   0             @const917
0     16   0   0             @const918
0     18   0   0             @const919
0     66   0   0             @const920
0     16   0   0             @const921
0     24   0   0             @const922
0     14   0   0             @const923
0     22   0   0             @const924
0     22   0   0             @const925
0     16   0   0             @const926
0     16   0   0             @const927
0     18   0   0             @const928
0     22   0   0             @const929
0     14   0   0             @const930
0     18   0   0             @const931
0     18   0   0             @const932
0     16   0   0             @const933
0     16   0   0             @const934
0     18   0   0             @const935
0     24   0   0             @const936
0     14   0   0             @const937
0     22   0   0             @const938
0     22   0   0             @const939
0     16   0   0             @const940
0     16   0   0             @const941
0     18   0   0             @const942
0     20   0   0             @const943
0     18   0   0             @const944
0     14   0   0             @const945
0     18   0   0             @const946
0     16   0   0             @const947
0     16   0   0             @const948
0     14   0   0             @const949
0     20   0   0             @const950
0     60   0   0             @const951
0     18   0   0             @const952
0     18   0   0             @const953
0     66   0   0             @const954
0     12   0   0             @const955
0     42   0   0             @const956
0     12   0   0             @const957
0     48   0   0             @const958
0     12   0   0             @const959
0     48   0   0             @const960
0     12   0   0             @const961
0     48   0   0             @const962
0     12   0   0             @const963
0     48   0   0             @const964
0     12   0   0             @const965
0     48   0   0             @const966
0     12   0   0             @const967
0     48   0   0             @const968
0     12   0   0             @const969
0     48   0   0             @const970
0     12   0   0             @const971
0     48   0   0             @const972
0     12   0   0             @const973
0     44   0   0             @const974
0     14   0   0             @const975
0     66   0   0             @const976
0     16   0   0             @const977
0     12   0   0             @const978
0     10   0   0             @const979
0     14   0   0             @const980
0     12   0   0             @const981
0     12   0   0             @const982
0     12   0   0             @const983
0     20   0   0             @const984
0     18   0   0             @const985
0     14   0   0             @const986
0     18   0   0             @const987
0     14   0   0             @const988
0     10   0   0             @const989
0     10   0   0             @const990
0     10   0   0             @const991
0     10   0   0             @const992
0     28   0   0             @const993
0     18   0   0             @const994
0     20   0   0             @const995
0     20   0   0             @const996
0     26   0   0             @const997
0     22   0   0             @const998
0     30   0   0             @const999
0     18   0   0             @const1000
0     20   0   0             @const1001
0     22   0   0             @const1002
0     66   0   0             @const1003
0     20   0   0             @const1004
0     18   0   0             @const1005
0     16   0   0             @const1006
0     66   0   0             @const1007
0     14   0   0             @const1008
0     14   0   0             @const1009
0     14   0   0             @const1010
0     20   0   0             @const1011
0     12   0   0             @const1012
0     14   0   0             @const1013
0     14   0   0             @const1014
0     14   0   0             @const1015
0     24   0   0             @const1016
0     48   0   0             @const1017
0     36   0   0             @const1018
0     42   0   0             @const1019
0     36   0   0             @const1020
0     38   0   0             @const1021
0     36   0   0             @const1022
0     44   0   0             @const1023
0     36   0   0             @const1024
0     44   0   0             @const1025
0     36   0   0             @const1026
0     40   0   0             @const1027
0     36   0   0             @const1028
0     42   0   0             @const1029
0     36   0   0             @const1030
0     42   0   0             @const1031
0     36   0   0             @const1032
0     42   0   0             @const1033
0     34   0   0             @const1034
0     34   0   0             @const1035
0     44   0   0             @const1036
0     34   0   0             @const1037
0     40   0   0             @const1038
0     34   0   0             @const1039
0     38   0   0             @const1040
0     34   0   0             @const1041
0     38   0   0             @const1042
0     34   0   0             @const1043
0     42   0   0             @const1044
0     34   0   0             @const1045
0     38   0   0             @const1046
0     34   0   0             @const1047
0     34   0   0             @const1048
0     34   0   0             @const1049
0     42   0   0             @const1050
0     34   0   0             @const1051
0     40   0   0             @const1052
0     16   0   0             @const1053
0     16   0   0             @const1054
0     16   0   0             @const1055
0     16   0   0             @const1056
0     18   0   0             @const1057
0     34   0   0             @const1058
0     36   0   0             @const1059
0     30   0   0             @const1060
0     32   0   0             @const1061
0     32   0   0             @const1062
0     32   0   0             @const1063
0     32   0   0             @const1064
0     60   0   0             @const1065
0     30   0   0             @const1066
0     16   0   0             @const1067
0     24   0   0             @const1068
0     16   0   0             @const1069
0     26   0   0             @const1070
0     14   0   0             @const1071
0     26   0   0             @const1072
0     14   0   0             @const1073
0     28   0   0             @const1074
0     14   0   0             @const1075
0     28   0   0             @const1076
0     14   0   0             @const1077
0     24   0   0             @const1078
0     14   0   0             @const1079
0     28   0   0             @const1080
0     16   0   0             @const1081
0     26   0   0             @const1082
0     16   0   0             @const1083
0     24   0   0             @const1084
0     16   0   0             @const1085
0     30   0   0             @const1086
0     16   0   0             @const1087
0     30   0   0             @const1088
0     16   0   0             @const1089
0     26   0   0             @const1090
0     16   0   0             @const1091
0     20   0   0             @const1092
0     66   0   0             @const1093

Program metrics:
    Functions               53
    Statements              3787
    Comments                1201
    Volume (V)              221944
    Difficilty (D)          241.8
    Effort to implement (E) 53666574
    Time to implement (T)   828 hours, 11 minutes
    Est Delivered Bugs (B)  47
    Cyclomatic Complexity   669
    Maintainability (MI)    100

 Segment     Used  Free
-----------  ----  ----
00000-00002     4  0  
00004-00006     0  4  
00008-0014E   328  0  
00150-0FFFE  58712  6488  
10000-17FFE     0  32768  



