>>> Warning 203 "H:\JP\JP\Laboratorio\Autoclave\Autoclave Horizontal\Sin Precamara\2019\Autoclave 23L con Vacio Peru #0045879XX OP2019119\Firmware V4.0\USB_I2C\pic18_usb.c" Line 531(1,1): Condition always TRUE
>>> Warning 216 "USB_I2C.c" Line 253(0,1): Interrupts disabled during call to prevent re-entrancy:  (usb_token_reset)
>>> Warning 216 "USB_I2C.c" Line 253(0,1): Interrupts disabled during call to prevent re-entrancy:  (usb_flush_out)
>>> Warning 216 "USB_I2C.c" Line 253(0,1): Interrupts disabled during call to prevent re-entrancy:  (usb_tbe)
>>> Warning 216 "USB_I2C.c" Line 253(0,1): Interrupts disabled during call to prevent re-entrancy:  (usb_flush_in)
>>> Warning 202 "USB_I2C.c" Line 33(6,13): Variable never used:   Regular
>>> Warning 202 "USB_I2C.c" Line 34(6,14): Variable never used:   Bisiesto
>>> Warning 202 "USB_I2C.c" Line 40(51,54): Variable never used:   dow
>>> Warning 202 "USB_I2C.c" Line 41(6,12): Variable never used:   YearRx
>>> Warning 202 "USB_I2C.c" Line 41(15,20): Variable never used:   MesRx
>>> Warning 202 "USB_I2C.c" Line 41(23,28): Variable never used:   DiaRx
>>> Warning 202 "USB_I2C.c" Line 41(31,37): Variable never used:   HoraRx
>>> Warning 202 "USB_I2C.c" Line 41(40,48): Variable never used:   MinutoRx
>>> Warning 202 "USB_I2C.c" Line 41(51,60): Variable never used:   SegundoRx
>>> Warning 202 "USB_I2C.c" Line 41(63,68): Variable never used:   dowRx
>>> Warning 202 "USB_I2C.c" Line 41(71,77): Variable never used:   Modulo
>>> Warning 202 "USB_I2C.c" Line 42(7,16): Variable never used:   flagCiclo
>>> Warning 202 "USB_I2C.c" Line 42(48,57): Variable never used:   Configura
      Memory usage:   ROM=30%      RAM=24% - 26%
      0 Errors,  18 Warnings.
