>>> Warning 203 "H:\JP\JP\Laboratorio\Autoclave\Autoclave Horizontal\Sin Precamara\2018\Autoclave 34L-V3.1 ArtiLab  #004587829\Firmware V4.0\USB_I2C\pic18_usb.c" Line 531(1,1): Condition always TRUE
>>> Warning 216 "USB_I2C.c" Line 196(0,1): Interrupts disabled during call to prevent re-entrancy:  (usb_token_reset)
>>> Warning 216 "USB_I2C.c" Line 196(0,1): Interrupts disabled during call to prevent re-entrancy:  (usb_flush_out)
>>> Warning 216 "USB_I2C.c" Line 196(0,1): Interrupts disabled during call to prevent re-entrancy:  (usb_tbe)
>>> Warning 216 "USB_I2C.c" Line 196(0,1): Interrupts disabled during call to prevent re-entrancy:  (usb_flush_in)
>>> Warning 202 "USB_I2C.c" Line 28(7,15): Variable never used:   promedio
>>> Warning 202 "USB_I2C.c" Line 29(7,18): Variable never used:   PromPresion
>>> Warning 202 "USB_I2C.c" Line 30(7,19): Variable never used:   PromPresionp
>>> Warning 202 "USB_I2C.c" Line 31(7,8): Variable never used:   X
>>> Warning 202 "USB_I2C.c" Line 32(7,22): Variable never used:   promediopresion
>>> Warning 202 "USB_I2C.c" Line 32(27,34): Variable never used:   Aumento
>>> Warning 202 "USB_I2C.c" Line 32(39,55): Variable never used:   promediopresionp
>>> Warning 202 "USB_I2C.c" Line 33(7,16): Variable never used:   emergency
>>> Warning 202 "USB_I2C.c" Line 33(19,28): Variable never used:   flag_agua
>>> Warning 202 "USB_I2C.c" Line 33(31,41): Variable never used:   flag_agua2
>>> Warning 202 "USB_I2C.c" Line 33(44,53): Variable never used:   CamaraOUT
>>> Warning 202 "USB_I2C.c" Line 33(56,64): Variable never used:   CamaraIN
>>> Warning 202 "USB_I2C.c" Line 33(67,82): Variable never used:   flag_reservorio
>>> Warning 202 "USB_I2C.c" Line 33(85,100): Variable never used:   flag_presostato
>>> Warning 202 "USB_I2C.c" Line 33(103,113): Variable never used:   flag_vacio
>>> Warning 202 "USB_I2C.c" Line 34(6,7): Variable never used:   r
>>> Warning 202 "USB_I2C.c" Line 34(10,11): Variable never used:   t
>>> Warning 202 "USB_I2C.c" Line 34(14,16): Variable never used:   r2
>>> Warning 202 "USB_I2C.c" Line 34(19,21): Variable never used:   t2
>>> Warning 202 "USB_I2C.c" Line 34(24,37): Variable never used:   TiempoControl
>>> Warning 202 "USB_I2C.c" Line 34(40,41): Variable never used:   z
>>> Warning 202 "USB_I2C.c" Line 34(44,48): Variable never used:   Frio
>>> Warning 202 "USB_I2C.c" Line 34(51,56): Variable never used:   llena
>>> Warning 202 "USB_I2C.c" Line 34(59,72): Variable never used:   PulsoPositivo
>>> Warning 202 "USB_I2C.c" Line 34(76,87): Variable never used:   PulsosVacio
>>> Warning 202 "USB_I2C.c" Line 34(90,100): Variable never used:   flag_pulso
>>> Warning 202 "USB_I2C.c" Line 34(103,114): Variable never used:   Atmosferica
>>> Warning 202 "USB_I2C.c" Line 35(6,17): Variable never used:   Resistencia
>>> Warning 202 "USB_I2C.c" Line 35(20,30): Variable never used:   EVDesfogue
>>> Warning 202 "USB_I2C.c" Line 35(33,39): Variable never used:   EVAgua
>>> Warning 202 "USB_I2C.c" Line 35(42,50): Variable never used:   EVTrampa
>>> Warning 202 "USB_I2C.c" Line 35(53,64): Variable never used:   MotorPuerta
>>> Warning 202 "USB_I2C.c" Line 35(67,80): Variable never used:   EVEntradaAgua
>>> Warning 202 "USB_I2C.c" Line 35(83,93): Variable never used:   BombaVacio
>>> Warning 202 "USB_I2C.c" Line 35(96,105): Variable never used:   BombaAgua
>>> Warning 202 "USB_I2C.c" Line 35(108,115): Variable never used:   Control
>>> Warning 202 "USB_I2C.c" Line 35(118,124): Variable never used:   Alarma
>>> Warning 202 "USB_I2C.c" Line 35(127,137): Variable never used:   AlarmaAgua
>>> Warning 202 "USB_I2C.c" Line 36(48,58): Variable never used:   Presostato
>>> Warning 202 "USB_I2C.c" Line 36(61,70): Variable never used:   ADC_Pt100
>>> Warning 202 "USB_I2C.c" Line 36(73,74): Variable never used:   y
>>> Warning 202 "USB_I2C.c" Line 36(77,83): Variable never used:   Chksum
>>> Warning 202 "USB_I2C.c" Line 36(86,98): Variable never used:   flagprevacio
>>> Warning 202 "USB_I2C.c" Line 36(102,111): Variable never used:   flagvacio
>>> Warning 202 "USB_I2C.c" Line 37(7,14): Variable never used:   tiempos
>>> Warning 202 "USB_I2C.c" Line 37(17,25): Variable never used:   tiempos3
>>> Warning 202 "USB_I2C.c" Line 37(28,38): Variable never used:   tiempoctrl
>>> Warning 202 "USB_I2C.c" Line 37(41,46): Variable never used:   Nivel
>>> Warning 202 "USB_I2C.c" Line 37(49,58): Variable never used:   t_exhaust
>>> Warning 202 "USB_I2C.c" Line 37(61,68): Variable never used:   tinicio
>>> Warning 202 "USB_I2C.c" Line 37(71,76): Variable never used:   tagua
>>> Warning 202 "USB_I2C.c" Line 37(79,90): Variable never used:   treservorio
>>> Warning 202 "USB_I2C.c" Line 37(93,108): Variable never used:   PresionCamara16
>>> Warning 202 "USB_I2C.c" Line 37(111,129): Variable never used:   PresionPreCamara16
>>> Warning 202 "USB_I2C.c" Line 37(132,138): Variable never used:   tvacio
>>> Warning 202 "USB_I2C.c" Line 40(7,14): Variable never used:   Lectura
>>> Warning 202 "USB_I2C.c" Line 40(17,24): Variable never used:   Expulsa
>>> Warning 202 "USB_I2C.c" Line 40(27,32): Variable never used:   Visua
>>> Warning 202 "USB_I2C.c" Line 41(6,7): Variable never used:   h
>>> Warning 202 "USB_I2C.c" Line 41(14,20): Variable never used:   Ajuste
>>> Warning 202 "USB_I2C.c" Line 41(23,30): Variable never used:   Ajusten
>>> Warning 202 "USB_I2C.c" Line 41(33,54): Variable never used:   tiempo_esterilizacion
>>> Warning 202 "USB_I2C.c" Line 41(57,58): Variable never used:   p
>>> Warning 202 "USB_I2C.c" Line 41(61,71): Variable never used:   MediaMovil
>>> Warning 202 "USB_I2C.c" Line 42(7,9): Variable never used:   V0
>>> Warning 202 "USB_I2C.c" Line 42(14,16): Variable never used:   R1
>>> Warning 202 "USB_I2C.c" Line 42(24,26): Variable never used:   Pt
>>> Warning 202 "USB_I2C.c" Line 42(27,33): Variable never used:   Tciclo
>>> Warning 202 "USB_I2C.c" Line 42(60,64): Variable never used:   Prom
>>> Warning 202 "USB_I2C.c" Line 42(69,80): Variable never used:   Temperature
>>> Warning 202 "USB_I2C.c" Line 42(85,88): Variable never used:   tmp
>>> Warning 202 "USB_I2C.c" Line 42(93,101): Variable never used:   Ganancia
>>> Warning 202 "USB_I2C.c" Line 42(107,116): Variable never used:   Ganancia2
>>> Warning 202 "USB_I2C.c" Line 42(122,128): Variable never used:   desvio
>>> Warning 202 "USB_I2C.c" Line 42(140,142): Variable never used:   d4
>>> Warning 202 "USB_I2C.c" Line 42(147,149): Variable never used:   d5
>>> Warning 202 "USB_I2C.c" Line 43(7,9): Variable never used:   V1
>>> Warning 202 "USB_I2C.c" Line 43(14,21): Variable never used:   Presion
>>> Warning 202 "USB_I2C.c" Line 43(26,28): Variable never used:   d6
>>> Warning 202 "USB_I2C.c" Line 43(33,35): Variable never used:   d7
>>> Warning 202 "USB_I2C.c" Line 43(40,42): Variable never used:   d8
>>> Warning 202 "USB_I2C.c" Line 43(47,49): Variable never used:   V2
>>> Warning 202 "USB_I2C.c" Line 43(54,62): Variable never used:   Presionp
>>> Warning 202 "USB_I2C.c" Line 44(7,15): Variable never used:   Setpoint
>>> Warning 202 "USB_I2C.c" Line 44(87,88): Variable never used:   K
>>> Warning 202 "USB_I2C.c" Line 45(7,8): Variable never used:   a
>>> Warning 202 "USB_I2C.c" Line 45(16,17): Variable never used:   b
>>> Warning 202 "USB_I2C.c" Line 45(25,26): Variable never used:   c
      Memory usage:   ROM=24%      RAM=54% - 55%
      0 Errors,  93 Warnings.
