
ROM used: 7712 (24%)
          7712 (24%) including unused fragments

          3 Average locations per line
          10 Average locations per statement

RAM used: 598 (29%) at main() level
          624 (30%) worst case

Stack used: 5 worst case (out of 31 total available)

Lines Stmts  %   Files
----- ----- ---  -----
  333   280  38  ch376s.c
  392     0   0  C:\Program Files (x86)\PICC\Devices\18F2550.h
   37     0   0  C:\Program Files (x86)\PICC\Drivers\stdio.h
  409     0   0  C:\Program Files (x86)\PICC\Drivers\string.h
   28     0   0  C:\Program Files (x86)\PICC\Drivers\stddef.h
   28     0   0  C:\Program Files (x86)\PICC\Drivers\ctype.h
 1273   359  48  C:\Program Files (x86)\PICC\Drivers\stdlib.h
  178   104  14  CH367s.h
----- -----
 2678   743 Total

Page ROM  %  RAM   Vol Diff  Functions:
---- --- --- ---   --- ----  ----------
0     40   0   1             @delay_ms1
0     60   0   5   129  4.6  strlen
0    248   2  11             @MULFF
0     54   0   2             @ITOF
0    632   4  16             @ADDFF
0    352   2  14             @DIVFF
0     24   0   1             @I2C_WRITE_1
0      8   0   0             @PUTCHARI_BIU_1
0     24   0   0    67  1.2  reset
0     46   0   0   154  2.6  set_usb
0     42   0   0   132  2.6  check
0     42   0   0   132  2.6  mount
0    110   1   2   221  2.2  name
0     20   0   0             @const371
0     44   0   3             @DIV88
0    126   1   2             @PRINTF_U_9600_31766_31767
0     44   0   3             @PSTRINGCN_9600_31766_31767
0     42   0   0   132  2.6  create
0    104   1   3   354  1.9  escribir
0     40   0   2             @PSTRINGR_9600_31766_31767
0     80   1   1   325  1.8  writeInt8
0     80   1   2   325  1.8  writeInt16
0    172   1   9             @PRINTF_LU_9600_31766_31767
0    208   1   4   460  3.3  writeFloat
0    122   1  10             @FLT
0     68   0   5             @FTOSD
0    128   1  13             @DIV3232
0    420   3  13             @PRINTF_L32D_9600_31766_31767FPFPF
0     56   0   0   154  2.6  close
0    286   2   3   804  6.3  ssp_interupt
0     64   0   5    64  2.4  inttofloat
0   3780  25   7 11584  9.0  MAIN

Program metrics:
    Functions               15
    Statements              743
    Comments                703
    Volume (V)              19323
    Difficilty (D)          49.1
    Effort to implement (E) 949170
    Time to implement (T)   14 hours, 39 minutes
    Est Delivered Bugs (B)  3
    Cyclomatic Complexity   45
    Maintainability (MI)    24

 Segment     Used  Free
-----------  ----  ----
00000-00002     4  0  
00004-00006     0  4  
00008-00094   142  0  
00096-07FFE  7566  25052  



