
ROM used: 25682 (78%)
          25682 (78%) including unused fragments

          5 Average locations per line
          13 Average locations per statement

RAM used: 1324 (65%) at main() level
          1374 (67%) worst case

Stack used: 5 worst case (out of 31 total available)

Lines Stmts  %   Files
----- ----- ---  -----
 1629  1401  70  GLCD_Controller - copia.c
  451     0   0  C:\Program Files (x86)\PICC\Devices\18F4550.h
   37     0   0  stdio.h
  409     0   0  string.h
   28     0   0  stddef.h
   28     0   0  ctype.h
 1273   359  18  stdlib.h
  354    78   4  HDM64GS12.c
  556   167   8  GRAPHICS.c
  337     0   0  imagen.h
----- -----
 5102  2005 Total

Page ROM  %  RAM   Vol Diff  Functions:
---- --- --- ---   --- ----  ----------
0     42   0   1             @delay_ms1
0     78   0   2             @MUL88
0    248   0  11             @MULFF
0     54   0   2             @ITOF
0    632   1  16             @ADDFF
0    352   1  14             @DIVFF
0    170   0   1   580  3.2  glcd_init
0    184   0   7   609  5.4  glcd_update
0    188   0   9   466  7.8  glcd_pixel
0     90   0  10   317  4.7  glcd_fillScreen
0     66   0   2   257  2.8  glcd_writeByte
0    272   1   0             @const362
0    236   0   0             @const365
0    318   1  17  1475  8.8  glcd_line
0    194   0   6  1036  5.8  glcd_rect
0    554   1  12  1822  8.6  glcd_circle
0    440   1  20  1550 11.2  glcd_text57
0   1038   2   0             @const447
0    250   0   8   868  5.1  displayMenu
0    336   1  16  1180  5.1  displayTiempo
0     32   0   1             @SPRINTF
0     44   0   3             @DIV88
0    134   0   2             @PRINTF_U_558
0    100   0   0   689  4.3  EnviarCodigo
0    198   0   4   490  3.8  Determina
0    174   0   6   483  7.8  glcd_imagen
0     36   0   5   483  7.8  @MUL1616
0     36   0   4   110  2.5  Limpia
0    122   0  18   330  3.4  displayT
0     68   0   5             @FTOSD
0    128   0  13   100  2.1  @DIV3232
0    436   1  13  1018  2.9  @PRINTF_L32D_558FPFPF
0    320   1   2  1018  2.9  MuestraTiemposProgramados
0     18   0   0  1018  2.9  @const600
0    182   0  15   603  4.5  displayContrasena
0    224   0   6             @PRINTF_D_558
0  16074  31   4 89794 11.0  MAIN
0     28   0   0 89349 11.0  @const616
0     36   0   0             @const617
0     30   0   0             @const618
0     22   0   0             @const619
0     26   0   0             @const621
0     28   0   0             @const623
0     32   0   0             @const624
0     24   0   0             @const625
0     26   0   0             @const627
0     36   0   0             @const629
0     38   0   0             @const631
0     30   0   0             @const633
0     30   0   0             @const635
0     34   0   0             @const639
0     38   0   0             @const640
0     32   0   0             @const641
0     28   0   0             @const642
0     24   0   0             @const643
0     24   0   0             @const644
0     18   0   0             @const645
0     38   0   0             @const649
0     32   0   0             @const650
0     28   0   0             @const651
0     38   0   0             @const654
0     26   0   0             @const656
0     32   0   0             @const660
0     38   0   0             @const665
0     34   0   0             @const666
0     26   0   0             @const668
0     28   0   0             @const670
0     34   0   0             @const672
0     26   0   0             @const674
0     28   0   0             @const681
0     26   0   0             @const682
0     24   0   0             @const684
0     26   0   0             @const687
0     20   0   0             @const693
0     20   0   0             @const694
0     30   0   0             @const701
0     28   0   0             @const702
0     28   0   0             @const703
0     26   0   0             @const704
0     28   0   0             @const705
0     32   0   0             @const706
0     24   0   0             @const707
0     32   0   0             @const708
0     60   0   4             @SFTOI
0    124   0  10             @FLT
0     34   0   0             @const717
0     28   0   0             @const718
0     28   0   0             @const719

Program metrics:
    Functions               24
    Statements              2005
    Comments                1306
    Volume (V)              233107
    Difficilty (D)          135.3
    Effort to implement (E) 31547630
    Time to implement (T)   486 hours, 51 minutes
    Est Delivered Bugs (B)  33
    Cyclomatic Complexity   452
    Maintainability (MI)    2

 Segment     Used  Free
-----------  ----  ----
00000-00002     4  0  
00004-07FFE  25678  7086  



