H:\JP\JP\Laboratorio\Autoclave\Autoclaves Vertical\Sin Precamara\Autoclave 27L\Plano Neumatico\Conexiones.dwg,ANSI C Title Block,05/01/2016 9:34:30 a. m.,JP Electronica,DWG To PDF.pc3,ANSI C (17.00 x 22.00 Inches),1:1,
H:\JP\JP\Laboratorio\Autoclave\Autoclaves Vertical\Sin Precamara\Autoclave 27L\Plano Neumatico\Conexiones.dwg,ANSI C Title Block,05/01/2016 9:54:55 a. m.,JP Electronica,DWG To PDF.pc3,ANSI C (17.00 x 22.00 Inches),1:1,
H:\JP\JP\Laboratorio\Autoclave\Autoclaves Vertical\Sin Precamara\Autoclave 27L\Plano Neumatico\Conexiones_JPA27L.dwg,ANSI C Title Block,05/01/2016 2:05:14 p. m.,JP Electronica,DWG To PDF.pc3,ANSI C (17.00 x 22.00 Inches),1:1,
H:\JP\JP\Laboratorio\Autoclave\Autoclave Horizontal\Con Precamara\Autoclave 110L\Autoclave ArtiLab\Plano Neumatico\ConexionesNeumaticas110L\Tuberia110L.dwg,Layout1,07/03/2016 7:26:16 a. m.,JP Electronica,DWG To PDF.pc3,ISO A4 (210.00 x 297.00 MM),1:1,
H:\JP\JP\Laboratorio\Autoclave\Autoclave Horizontal\Con Precamara\Autoclave 110L\Autoclave ArtiLab\Plano Electrico Autoclave Horizontal\ConexionesElectricasYElectronicas.dwg,Layout1,07/03/2016 7:58:06 a. m.,JP Electronica,DWG To PDF.pc3,ISO A4 (210.00 x 297.00 MM),1:1,
H:\JP\JP\Laboratorio\Autoclave\Autoclaves Vertical\Con Precamara\2016\Autoclave 85L\Autoclave UPTC\Plano Neumatico\ConexionesNeumaticas85L\Tuberia110L.dwg,Layout1,01/10/2016 9:29:28 a. m.,JP Electronica,DWG To PDF.pc3,ISO A4 (210.00 x 297.00 MM),1:1,
H:\JP\JP\Laboratorio\Autoclave\Autoclaves Vertical\Con Precamara\2016\Autoclave 85L\Autoclave UPTC\Plano Electrico Autoclave Vertical 85L\ConexionesElectricasYElectronicas.dwg,Layout1,01/10/2016 9:50:40 a. m.,JP Electronica,DWG To PDF.pc3,ISO A4 (210.00 x 297.00 MM),1:1,
H:\JP\JP\Laboratorio\Cabina de Flujo Laminar Horizontal\2017\CFLH180 Cabina Flores La Serena #0045876XX\Plano Electrico CFLH Especial\Conexiones_Panel_Control.dwg,ANSI C Title Block,25/09/2017 11:25:11 a. m.,JP Electronica,DWG To PDF.pc3,ANSI C (17.00 x 22.00 Inches),1:1,
H:\JP\JP\Laboratorio\Cabina de Bioseguridad\A2\2017\90\CBA2 Sanitas #0045876XX\Plano Electrico CBA2\Conexiones_Panel_Control.dwg,ANSI C Title Block,30/11/2017 7:34:38 a. m.,JP Electronica,DWG To PDF.pc3,ANSI C (17.00 x 22.00 Inches),1:1,
H:\JP\JP\Laboratorio\Autoclave\Autoclaves Vertical\Sin Precamara\2017\Autoclave 55L\Autoclave 55L Labservis #0045876XX\Plano Electrico Autoclave Vertical con Calderin\ConexionesElectricasYElectronicas.dwg,Layout1,11/12/2017 7:59:00 a. m.,JP Electronica,DWG To PDF.pc3,ISO A4 (210.00 x 297.00 MM),1:1,
H:\JP\JP\Laboratorio\Reactor\2018\Reactor 100mL Jaime Isaza #0045877XX\Plano Electrico Reactor 100mL\ConexionesElectricasYElectronicas.dwg,Layout1,27/02/2018 8:28:15 a. m.,JP Electronica,DWG To PDF.pc3,ISO A4 (210.00 x 297.00 MM),1:1,
H:\JP\JP\Laboratorio\Autoclave\Autoclaves Vertical\Sin Precamara\2018\Autoclave 55L Labservis #0045877XX\Plano Electrico Autoclave Vertical con Calderin\ConexionesElectricasYElectronicas.dwg,Layout1,05/03/2018 3:26:27 p. m.,JP Electronica,DWG To PDF.pc3,ISO A4 (210.00 x 297.00 MM),1:1,
H:\JP\JP\Laboratorio\Autoclave\Autoclave Horizontal\Con Precamara\2018\Autoclave 85L con vacio  #0045877XX\Plano Electrico Autoclave Horizontal\ConexionesElectricasYElectronicas.dwg,Layout1,14/07/2018 11:28:13 a. m.,JP Electronica,DWG To PDF.pc3,ISO A4 (210.00 x 297.00 MM),1:1,
H:\JP\JP\Laboratorio\Cabina de Flujo Laminar Horizontal\2018\CFLH 120 Blamis Medidor de Flujo #0045877XX\Plano Electrico\Plano Electrico Cabina CFLH\ConexionesElectricasYElectronicas.dwg,Layout1,26/07/2018 11:16:23 a. m.,JP Electronica,DWG To PDF.pc3,ISO A4 (210.00 x 297.00 MM),1:1,
H:\JP\JP\Laboratorio\Fermentador\2018\Fermentador Avantika 7L\Plano Hidraulico-Neumatico\Esquema Conexiones\EsquemaFermentador.dwg,Layout1,13/12/2018 9:29:49 a. m.,JP Electronica,DWG To PDF.pc3,ISO A4 (210.00 x 297.00 MM),1:1,
H:\JP\JP\Laboratorio\Cabina Extractora de Gases y  Humos\2019\Cabina Extractora 240 Sencilla Sodeca #004587949\Plano Electrico CEH 110V Sencilla\DiagramaConexiones\ConexionesElectricasYElectronicas.dwg,Layout1,05/04/2019 2:16:37 p. m.,JP Electronica,DWG To PDF.pc3,ISO A4 (210.00 x 297.00 MM),1:1,
H:\JP\JP\Laboratorio\SHaker\2019\Shaker Incubadora ArtiLab #0045879XX-34\Plano Electrico Shaker Incubadora\ConexionesElectricasYElectronicas24V.dwg,Layout1,25/04/2019 8:34:37 a. m.,JP Electronica,DWG To PDF.pc3,ISO A4 (210.00 x 297.00 MM),1:1,
H:\JP\JP\Laboratorio\Autoclave\Autoclave Horizontal\Con Precamara\2019\Autoclave 680L-V3.1 VM #0045879XX\Plano Hidraulico\Conexiones85LH\Tuberia110L.dwg,Layout1,17/05/2019 7:28:53 a. m.,JP Electronica,DWG To PDF.pc3,ISO A4 (210.00 x 297.00 MM),1:1,
H:\JP\JP\Laboratorio\Autoclave\Autoclave Horizontal\Con Precamara\2019\Autoclave 680L-V3.1 VM #0045879XX\Plano Hidraulico\Conexiones85LH\Tuberia110L.dwg,Layout1,17/05/2019 10:07:26 a. m.,JP Electronica,DWG To PDF.pc3,ISO A4 (210.00 x 297.00 MM),1:1,
H:\JP\JP\Laboratorio\Autoclave\Autoclave Horizontal\Con Precamara\2019\Autoclave 680L-V3.1 VM #0045879XX\Plano Electrico Autoclave 680L\Conexiones electricas y electronicas A110L.dwg,Layout1,17/05/2019 10:10:51 a. m.,JP Electronica,DWG To PDF.pc3,ANSI expand A (8.50 x 11.00 Inches),1:1,
H:\JP\JP\Laboratorio\Autoclave\Autoclave Horizontal\Con Precamara\2019\Autoclave 120L Universidad Militar #0045879XX OP201998\Plano Hidraulico\EsquemaHidraulico120L\Tuberia110L.dwg,Layout1,05/08/2019 1:26:51 p. m.,JP Electronica,DWG To PDF.pc3,ISO A4 (210.00 x 297.00 MM),1:1,
H:\JP\JP\Laboratorio\Autoclave\Autoclave Horizontal\Sin Precamara\2019\Autoclave 62L Bardot #0045879XX OP2019101\Plano Hidraulico\Conexiones62L\Tuberia110L.dwg,Layout1,12/08/2019 4:48:11 p. m.,JP Electronica,DWG To PDF.pc3,ISO A4 (210.00 x 297.00 MM),1:1,
H:\JP\JP\Laboratorio\Camara Climatica\Camara Climatica 260L Avantika #0045880XX\Plano Electrico Camara Climatica\ConexionesHum-Deshumidificador.dwg,Layout1,21/10/2019 9:58:38 a. m.,JP Electronica,DWG To PDF.pc3,ISO A4 (210.00 x 297.00 MM),1:1,
H:\JP\JP\Laboratorio\Autoclave\Autoclave Horizontal\Con Precamara\2019\Autoclave 120L Universidad Militar #0045879XX OP201998\Plano Hidraulico\EsquemaHidraulico120L\Tuberia110L.dwg,Layout1,06/11/2019 11:22:59 a. m.,JP Electronica,DWG To PDF.pc3,ISO A4 (210.00 x 297.00 MM),1:1,
H:\JP\JP\Laboratorio\Autoclave\Autoclave Horizontal\Con Precamara\2019\Autoclave 120L Universidad Militar #0045879XX OP201998\Plano Hidraulico\EsquemaHidraulico120L\Tuberia110L.dwg,Layout1,06/11/2019 11:30:21 a. m.,JP Electronica,DWG To PDF.pc3,ISO A4 (210.00 x 297.00 MM),1:1,
H:\JP\JP\Laboratorio\Autoclave\Autoclave Horizontal\Con Precamara\2019\Autoclave 250L Doble Puerta UCC#0045879XX\Plano Hidraulico\EsquemaHidraulico250L\Tuberia110L.dwg,Layout1,06/11/2019 12:09:05 p. m.,JP Electronica,DWG To PDF.pc3,ISO A4 (210.00 x 297.00 MM),1:1,
D:\Laboratorio\Autoclave\Autoclave Horizontal\Con Precamara\2019\Autoclave 120L Universidad Militar #004588099 OP201998\Plano Electrico Autoclave 120L\Conexiones electricas y electronicas A110L.dwg,Layout1,24/02/2020 8:17:18 a. m.,USUARIO,DWG To PDF.pc3,ANSI expand A (8.50 x 11.00 Inches),1:1,
