WARNING (------): DXF version not recognised or not release 12-15.
ASCII DXF release 15 is recommended
XRECORD: name="ACDB_RECOMPOSE_DATA", handle="15D", group="280", value="     1"
WARNING (002788): XRECORD object group 90 unknown/not supported - ignored.
WARNING (002938): XRECORD object group 290 unknown/not supported - ignored.
WARNING (008456): XRECORD object group 1 unknown/not supported - ignored.
WARNING (008460): XRECORD object group 90 unknown/not supported - ignored.
WARNING (008564): XRECORD object group 148 unknown/not supported - ignored.
WARNING (008566): XRECORD object group 149 unknown/not supported - ignored.
WARNING (008568): XRECORD object group 149 unknown/not supported - ignored.
WARNING (008570): XRECORD object group 93 unknown/not supported - ignored.
WARNING (008572): XRECORD object group 94 unknown/not supported - ignored.
WARNING (008574): XRECORD object group 282 unknown/not supported - ignored.
WARNING (008576): XRECORD object group 72 unknown/not supported - ignored.
WARNING (008578): XRECORD object group 77 unknown/not supported - ignored.
WARNING (008580): XRECORD object group 171 unknown/not supported - ignored.
WARNING (008582): XRECORD object group 175 unknown/not supported - ignored.
WARNING (008584): XRECORD object group 179 unknown/not supported - ignored.
WARNING (008586): XRECORD object group 273 unknown/not supported - ignored.
WARNING (008624): XRECORD object group 270 unknown/not supported - ignored.
WARNING (008626): XRECORD object group 271 unknown/not supported - ignored.
WARNING (008664): XRECORD object group 270 unknown/not supported - ignored.
WARNING (008666): XRECORD object group 271 unknown/not supported - ignored.
WARNING (008704): XRECORD object group 270 unknown/not supported - ignored.
WARNING (008706): XRECORD object group 271 unknown/not supported - ignored.
WARNING (008766): XRECORD object group 270 unknown/not supported - ignored.
WARNING (008768): XRECORD object group 271 unknown/not supported - ignored.
WARNING (008806): XRECORD object group 270 unknown/not supported - ignored.
WARNING (008808): XRECORD object group 271 unknown/not supported - ignored.
WARNING (008846): XRECORD object group 270 unknown/not supported - ignored.
WARNING (008848): XRECORD object group 271 unknown/not supported - ignored.
WARNING (008888): XRECORD object group 148 unknown/not supported - ignored.
WARNING (008890): XRECORD object group 149 unknown/not supported - ignored.
WARNING (008892): XRECORD object group 149 unknown/not supported - ignored.
WARNING (008894): XRECORD object group 93 unknown/not supported - ignored.
WARNING (008896): XRECORD object group 94 unknown/not supported - ignored.
WARNING (008898): XRECORD object group 282 unknown/not supported - ignored.
WARNING (008900): XRECORD object group 72 unknown/not supported - ignored.
WARNING (008902): XRECORD object group 77 unknown/not supported - ignored.
WARNING (008904): XRECORD object group 171 unknown/not supported - ignored.
WARNING (008906): XRECORD object group 175 unknown/not supported - ignored.
WARNING (008908): XRECORD object group 179 unknown/not supported - ignored.
WARNING (008910): XRECORD object group 273 unknown/not supported - ignored.
WARNING (008948): XRECORD object group 270 unknown/not supported - ignored.
WARNING (008950): XRECORD object group 271 unknown/not supported - ignored.
WARNING (008988): XRECORD object group 270 unknown/not supported - ignored.
WARNING (008990): XRECORD object group 271 unknown/not supported - ignored.
WARNING (009028): XRECORD object group 270 unknown/not supported - ignored.
WARNING (009030): XRECORD object group 271 unknown/not supported - ignored.
WARNING (009070): XRECORD object group 1 unknown/not supported - ignored.
WARNING (009074): XRECORD object group 90 unknown/not supported - ignored.
WARNING (009740): XRECORD object group 90 unknown/not supported - ignored.
WARNING (009742): XRECORD object group 91 unknown/not supported - ignored.
WARNING (009744): XRECORD object group 1 unknown/not supported - ignored.
WARNING (009746): XRECORD object group 92 unknown/not supported - ignored.
WARNING (009748): XRECORD object group 93 unknown/not supported - ignored.
WARNING (009750): XRECORD object group 2 unknown/not supported - ignored.
WARNING (009752): XRECORD object group 94 unknown/not supported - ignored.
WARNING (009754): XRECORD object group 95 unknown/not supported - ignored.
WARNING (009756): XRECORD object group 3 unknown/not supported - ignored.
WARNING (010296): XRECORD object group 280 unknown/not supported - ignored.
WARNING (010304): XRECORD object group 280 unknown/not supported - ignored.
WARNING (010312): XRECORD object group 280 unknown/not supported - ignored.
WARNING (010320): XRECORD object group 280 unknown/not supported - ignored.
WARNING (010328): XRECORD object group 280 unknown/not supported - ignored.
WARNING (010336): XRECORD object group 280 unknown/not supported - ignored.
WARNING (010344): XRECORD object group 280 unknown/not supported - ignored.
WARNING (010352): XRECORD object group 280 unknown/not supported - ignored.
WARNING (010360): XRECORD object group 280 unknown/not supported - ignored.
WARNING (010368): XRECORD object group 90 unknown/not supported - ignored.
WARNING (010376): XRECORD object group 140 unknown/not supported - ignored.
WARNING (010384): XRECORD object group 140 unknown/not supported - ignored.
WARNING (010392): XRECORD object group 90 unknown/not supported - ignored.
WARNING (010400): XRECORD object group 90 unknown/not supported - ignored.
WARNING (010404): XRECORD object group 90 unknown/not supported - ignored.
WARNING (010412): XRECORD object group 90 unknown/not supported - ignored.
WARNING (010420): XRECORD object group 90 unknown/not supported - ignored.
WARNING (010428): XRECORD object group 90 unknown/not supported - ignored.
WARNING (010432): XRECORD object group 90 unknown/not supported - ignored.
WARNING (010440): XRECORD object group 280 unknown/not supported - ignored.
WARNING (010448): XRECORD object group 90 unknown/not supported - ignored.
WARNING (010456): XRECORD object group 90 unknown/not supported - ignored.
WARNING (010464): XRECORD object group 90 unknown/not supported - ignored.
WARNING (010472): XRECORD object group 280 unknown/not supported - ignored.
WARNING (010480): XRECORD object group 90 unknown/not supported - ignored.
WARNING (010488): XRECORD object group 90 unknown/not supported - ignored.
WARNING (010492): XRECORD object group 90 unknown/not supported - ignored.
WARNING (010500): XRECORD object group 140 unknown/not supported - ignored.
WARNING (010508): XRECORD object group 90 unknown/not supported - ignored.
WARNING (010516): XRECORD object group 1 unknown/not supported - ignored.
WARNING (010524): XRECORD object group 280 unknown/not supported - ignored.
WARNING (010532): XRECORD object group 140 unknown/not supported - ignored.
WARNING (010540): XRECORD object group 140 unknown/not supported - ignored.
WARNING (011336): XRECORD object group 280 unknown/not supported - ignored.
WARNING (011344): XRECORD object group 280 unknown/not supported - ignored.
WARNING (011352): XRECORD object group 280 unknown/not supported - ignored.
WARNING (011360): XRECORD object group 280 unknown/not supported - ignored.
WARNING (011368): XRECORD object group 280 unknown/not supported - ignored.
WARNING (011376): XRECORD object group 280 unknown/not supported - ignored.
WARNING (011384): XRECORD object group 280 unknown/not supported - ignored.
WARNING (011392): XRECORD object group 280 unknown/not supported - ignored.
WARNING (011400): XRECORD object group 280 unknown/not supported - ignored.
WARNING (011408): XRECORD object group 90 unknown/not supported - ignored.
WARNING (011416): XRECORD object group 140 unknown/not supported - ignored.
WARNING (011424): XRECORD object group 140 unknown/not supported - ignored.
WARNING (011432): XRECORD object group 90 unknown/not supported - ignored.
WARNING (011440): XRECORD object group 90 unknown/not supported - ignored.
WARNING (011444): XRECORD object group 90 unknown/not supported - ignored.
WARNING (011452): XRECORD object group 90 unknown/not supported - ignored.
WARNING (011460): XRECORD object group 90 unknown/not supported - ignored.
WARNING (011468): XRECORD object group 90 unknown/not supported - ignored.
WARNING (011472): XRECORD object group 90 unknown/not supported - ignored.
WARNING (011480): XRECORD object group 280 unknown/not supported - ignored.
WARNING (011488): XRECORD object group 90 unknown/not supported - ignored.
WARNING (011496): XRECORD object group 90 unknown/not supported - ignored.
WARNING (011504): XRECORD object group 90 unknown/not supported - ignored.
WARNING (011512): XRECORD object group 280 unknown/not supported - ignored.
WARNING (011520): XRECORD object group 90 unknown/not supported - ignored.
WARNING (011528): XRECORD object group 90 unknown/not supported - ignored.
WARNING (011532): XRECORD object group 90 unknown/not supported - ignored.
WARNING (011540): XRECORD object group 140 unknown/not supported - ignored.
WARNING (011548): XRECORD object group 90 unknown/not supported - ignored.
WARNING (011556): XRECORD object group 1 unknown/not supported - ignored.
WARNING (011564): XRECORD object group 280 unknown/not supported - ignored.
WARNING (011572): XRECORD object group 140 unknown/not supported - ignored.
WARNING (011580): XRECORD object group 140 unknown/not supported - ignored.
WARNING (012376): XRECORD object group 280 unknown/not supported - ignored.
WARNING (012384): XRECORD object group 280 unknown/not supported - ignored.
WARNING (012392): XRECORD object group 280 unknown/not supported - ignored.
WARNING (012400): XRECORD object group 280 unknown/not supported - ignored.
WARNING (012408): XRECORD object group 280 unknown/not supported - ignored.
WARNING (012416): XRECORD object group 280 unknown/not supported - ignored.
WARNING (012424): XRECORD object group 280 unknown/not supported - ignored.
WARNING (012432): XRECORD object group 280 unknown/not supported - ignored.
WARNING (012440): XRECORD object group 280 unknown/not supported - ignored.
WARNING (012448): XRECORD object group 90 unknown/not supported - ignored.
WARNING (012456): XRECORD object group 140 unknown/not supported - ignored.
WARNING (012464): XRECORD object group 140 unknown/not supported - ignored.
WARNING (012472): XRECORD object group 90 unknown/not supported - ignored.
WARNING (012480): XRECORD object group 90 unknown/not supported - ignored.
WARNING (012484): XRECORD object group 90 unknown/not supported - ignored.
WARNING (012492): XRECORD object group 90 unknown/not supported - ignored.
WARNING (012500): XRECORD object group 90 unknown/not supported - ignored.
WARNING (012508): XRECORD object group 90 unknown/not supported - ignored.
WARNING (012512): XRECORD object group 90 unknown/not supported - ignored.
WARNING (012520): XRECORD object group 280 unknown/not supported - ignored.
WARNING (012528): XRECORD object group 90 unknown/not supported - ignored.
WARNING (012536): XRECORD object group 90 unknown/not supported - ignored.
WARNING (012544): XRECORD object group 90 unknown/not supported - ignored.
WARNING (012552): XRECORD object group 280 unknown/not supported - ignored.
WARNING (012560): XRECORD object group 90 unknown/not supported - ignored.
WARNING (012568): XRECORD object group 90 unknown/not supported - ignored.
WARNING (012572): XRECORD object group 90 unknown/not supported - ignored.
WARNING (012580): XRECORD object group 140 unknown/not supported - ignored.
WARNING (012588): XRECORD object group 90 unknown/not supported - ignored.
WARNING (012596): XRECORD object group 1 unknown/not supported - ignored.
WARNING (012604): XRECORD object group 280 unknown/not supported - ignored.
WARNING (012612): XRECORD object group 140 unknown/not supported - ignored.
WARNING (012620): XRECORD object group 140 unknown/not supported - ignored.
WARNING (013416): XRECORD object group 280 unknown/not supported - ignored.
WARNING (013424): XRECORD object group 280 unknown/not supported - ignored.
WARNING (013432): XRECORD object group 280 unknown/not supported - ignored.
WARNING (013440): XRECORD object group 280 unknown/not supported - ignored.
WARNING (013448): XRECORD object group 280 unknown/not supported - ignored.
WARNING (013456): XRECORD object group 280 unknown/not supported - ignored.
WARNING (013464): XRECORD object group 280 unknown/not supported - ignored.
WARNING (013472): XRECORD object group 280 unknown/not supported - ignored.
WARNING (013480): XRECORD object group 280 unknown/not supported - ignored.
WARNING (013488): XRECORD object group 90 unknown/not supported - ignored.
WARNING (013496): XRECORD object group 140 unknown/not supported - ignored.
WARNING (013504): XRECORD object group 140 unknown/not supported - ignored.
WARNING (013512): XRECORD object group 90 unknown/not supported - ignored.
WARNING (013520): XRECORD object group 90 unknown/not supported - ignored.
WARNING (013524): XRECORD object group 90 unknown/not supported - ignored.
WARNING (013532): XRECORD object group 90 unknown/not supported - ignored.
WARNING (013540): XRECORD object group 90 unknown/not supported - ignored.
WARNING (013548): XRECORD object group 90 unknown/not supported - ignored.
WARNING (013552): XRECORD object group 90 unknown/not supported - ignored.
WARNING (013560): XRECORD object group 280 unknown/not supported - ignored.
WARNING (013568): XRECORD object group 90 unknown/not supported - ignored.
WARNING (013576): XRECORD object group 90 unknown/not supported - ignored.
WARNING (013584): XRECORD object group 90 unknown/not supported - ignored.
WARNING (013592): XRECORD object group 280 unknown/not supported - ignored.
WARNING (013600): XRECORD object group 90 unknown/not supported - ignored.
WARNING (013608): XRECORD object group 90 unknown/not supported - ignored.
WARNING (013612): XRECORD object group 90 unknown/not supported - ignored.
WARNING (013620): XRECORD object group 140 unknown/not supported - ignored.
WARNING (013628): XRECORD object group 90 unknown/not supported - ignored.
WARNING (013636): XRECORD object group 1 unknown/not supported - ignored.
WARNING (013644): XRECORD object group 280 unknown/not supported - ignored.
WARNING (013652): XRECORD object group 140 unknown/not supported - ignored.
WARNING (013660): XRECORD object group 140 unknown/not supported - ignored.
WARNING (014456): XRECORD object group 280 unknown/not supported - ignored.
WARNING (014464): XRECORD object group 280 unknown/not supported - ignored.
WARNING (014472): XRECORD object group 280 unknown/not supported - ignored.
WARNING (014480): XRECORD object group 280 unknown/not supported - ignored.
WARNING (014488): XRECORD object group 280 unknown/not supported - ignored.
WARNING (014496): XRECORD object group 280 unknown/not supported - ignored.
WARNING (014504): XRECORD object group 280 unknown/not supported - ignored.
WARNING (014512): XRECORD object group 280 unknown/not supported - ignored.
WARNING (014520): XRECORD object group 280 unknown/not supported - ignored.
WARNING (014528): XRECORD object group 90 unknown/not supported - ignored.
WARNING (014536): XRECORD object group 140 unknown/not supported - ignored.
WARNING (014544): XRECORD object group 140 unknown/not supported - ignored.
WARNING (014552): XRECORD object group 90 unknown/not supported - ignored.
WARNING (014560): XRECORD object group 90 unknown/not supported - ignored.
WARNING (014564): XRECORD object group 90 unknown/not supported - ignored.
WARNING (014572): XRECORD object group 90 unknown/not supported - ignored.
WARNING (014580): XRECORD object group 90 unknown/not supported - ignored.
WARNING (014588): XRECORD object group 90 unknown/not supported - ignored.
WARNING (014592): XRECORD object group 90 unknown/not supported - ignored.
WARNING (014600): XRECORD object group 280 unknown/not supported - ignored.
WARNING (014608): XRECORD object group 90 unknown/not supported - ignored.
WARNING (014616): XRECORD object group 90 unknown/not supported - ignored.
WARNING (014624): XRECORD object group 90 unknown/not supported - ignored.
WARNING (014632): XRECORD object group 280 unknown/not supported - ignored.
WARNING (014640): XRECORD object group 90 unknown/not supported - ignored.
WARNING (014648): XRECORD object group 90 unknown/not supported - ignored.
WARNING (014652): XRECORD object group 90 unknown/not supported - ignored.
WARNING (014660): XRECORD object group 140 unknown/not supported - ignored.
WARNING (014668): XRECORD object group 90 unknown/not supported - ignored.
WARNING (014676): XRECORD object group 1 unknown/not supported - ignored.
WARNING (014684): XRECORD object group 280 unknown/not supported - ignored.
WARNING (014692): XRECORD object group 140 unknown/not supported - ignored.
WARNING (014700): XRECORD object group 140 unknown/not supported - ignored.
WARNING (015496): XRECORD object group 280 unknown/not supported - ignored.
WARNING (015504): XRECORD object group 280 unknown/not supported - ignored.
WARNING (015512): XRECORD object group 280 unknown/not supported - ignored.
WARNING (015520): XRECORD object group 280 unknown/not supported - ignored.
WARNING (015528): XRECORD object group 280 unknown/not supported - ignored.
WARNING (015536): XRECORD object group 280 unknown/not supported - ignored.
WARNING (015544): XRECORD object group 280 unknown/not supported - ignored.
WARNING (015552): XRECORD object group 280 unknown/not supported - ignored.
WARNING (015560): XRECORD object group 280 unknown/not supported - ignored.
WARNING (015568): XRECORD object group 90 unknown/not supported - ignored.
WARNING (015576): XRECORD object group 140 unknown/not supported - ignored.
WARNING (015584): XRECORD object group 140 unknown/not supported - ignored.
WARNING (015592): XRECORD object group 90 unknown/not supported - ignored.
WARNING (015600): XRECORD object group 90 unknown/not supported - ignored.
WARNING (015604): XRECORD object group 90 unknown/not supported - ignored.
WARNING (015612): XRECORD object group 90 unknown/not supported - ignored.
WARNING (015620): XRECORD object group 90 unknown/not supported - ignored.
WARNING (015628): XRECORD object group 90 unknown/not supported - ignored.
WARNING (015632): XRECORD object group 90 unknown/not supported - ignored.
WARNING (015640): XRECORD object group 280 unknown/not supported - ignored.
WARNING (015648): XRECORD object group 90 unknown/not supported - ignored.
WARNING (015656): XRECORD object group 90 unknown/not supported - ignored.
WARNING (015664): XRECORD object group 90 unknown/not supported - ignored.
WARNING (015672): XRECORD object group 280 unknown/not supported - ignored.
WARNING (015680): XRECORD object group 90 unknown/not supported - ignored.
WARNING (015688): XRECORD object group 90 unknown/not supported - ignored.
WARNING (015692): XRECORD object group 90 unknown/not supported - ignored.
WARNING (015700): XRECORD object group 140 unknown/not supported - ignored.
WARNING (015708): XRECORD object group 90 unknown/not supported - ignored.
WARNING (015716): XRECORD object group 1 unknown/not supported - ignored.
WARNING (015724): XRECORD object group 280 unknown/not supported - ignored.
WARNING (015732): XRECORD object group 140 unknown/not supported - ignored.
WARNING (015740): XRECORD object group 140 unknown/not supported - ignored.
WARNING (016536): XRECORD object group 280 unknown/not supported - ignored.
WARNING (016544): XRECORD object group 280 unknown/not supported - ignored.
WARNING (016552): XRECORD object group 280 unknown/not supported - ignored.
WARNING (016560): XRECORD object group 280 unknown/not supported - ignored.
WARNING (016568): XRECORD object group 280 unknown/not supported - ignored.
WARNING (016576): XRECORD object group 280 unknown/not supported - ignored.
WARNING (016584): XRECORD object group 280 unknown/not supported - ignored.
WARNING (016592): XRECORD object group 280 unknown/not supported - ignored.
WARNING (016600): XRECORD object group 280 unknown/not supported - ignored.
WARNING (016608): XRECORD object group 90 unknown/not supported - ignored.
WARNING (016616): XRECORD object group 140 unknown/not supported - ignored.
WARNING (016624): XRECORD object group 140 unknown/not supported - ignored.
WARNING (016632): XRECORD object group 90 unknown/not supported - ignored.
WARNING (016640): XRECORD object group 90 unknown/not supported - ignored.
WARNING (016644): XRECORD object group 90 unknown/not supported - ignored.
WARNING (016652): XRECORD object group 90 unknown/not supported - ignored.
WARNING (016660): XRECORD object group 90 unknown/not supported - ignored.
WARNING (016668): XRECORD object group 90 unknown/not supported - ignored.
WARNING (016672): XRECORD object group 90 unknown/not supported - ignored.
WARNING (016680): XRECORD object group 280 unknown/not supported - ignored.
WARNING (016688): XRECORD object group 90 unknown/not supported - ignored.
WARNING (016696): XRECORD object group 90 unknown/not supported - ignored.
WARNING (016704): XRECORD object group 90 unknown/not supported - ignored.
WARNING (016712): XRECORD object group 280 unknown/not supported - ignored.
WARNING (016720): XRECORD object group 90 unknown/not supported - ignored.
WARNING (016728): XRECORD object group 90 unknown/not supported - ignored.
WARNING (016732): XRECORD object group 90 unknown/not supported - ignored.
WARNING (016740): XRECORD object group 140 unknown/not supported - ignored.
WARNING (016748): XRECORD object group 90 unknown/not supported - ignored.
WARNING (016756): XRECORD object group 1 unknown/not supported - ignored.
WARNING (016764): XRECORD object group 280 unknown/not supported - ignored.
WARNING (016772): XRECORD object group 140 unknown/not supported - ignored.
WARNING (016780): XRECORD object group 140 unknown/not supported - ignored.
WARNING (017576): XRECORD object group 280 unknown/not supported - ignored.
WARNING (017584): XRECORD object group 280 unknown/not supported - ignored.
WARNING (017592): XRECORD object group 280 unknown/not supported - ignored.
WARNING (017600): XRECORD object group 280 unknown/not supported - ignored.
WARNING (017608): XRECORD object group 280 unknown/not supported - ignored.
WARNING (017616): XRECORD object group 280 unknown/not supported - ignored.
WARNING (017624): XRECORD object group 280 unknown/not supported - ignored.
WARNING (017632): XRECORD object group 280 unknown/not supported - ignored.
WARNING (017640): XRECORD object group 280 unknown/not supported - ignored.
WARNING (017648): XRECORD object group 90 unknown/not supported - ignored.
WARNING (017656): XRECORD object group 140 unknown/not supported - ignored.
WARNING (017664): XRECORD object group 140 unknown/not supported - ignored.
WARNING (017672): XRECORD object group 90 unknown/not supported - ignored.
WARNING (017680): XRECORD object group 90 unknown/not supported - ignored.
WARNING (017684): XRECORD object group 90 unknown/not supported - ignored.
WARNING (017692): XRECORD object group 90 unknown/not supported - ignored.
WARNING (017700): XRECORD object group 90 unknown/not supported - ignored.
WARNING (017708): XRECORD object group 90 unknown/not supported - ignored.
WARNING (017712): XRECORD object group 90 unknown/not supported - ignored.
WARNING (017720): XRECORD object group 280 unknown/not supported - ignored.
WARNING (017728): XRECORD object group 90 unknown/not supported - ignored.
WARNING (017736): XRECORD object group 90 unknown/not supported - ignored.
WARNING (017744): XRECORD object group 90 unknown/not supported - ignored.
WARNING (017752): XRECORD object group 280 unknown/not supported - ignored.
WARNING (017760): XRECORD object group 90 unknown/not supported - ignored.
WARNING (017768): XRECORD object group 90 unknown/not supported - ignored.
WARNING (017772): XRECORD object group 90 unknown/not supported - ignored.
WARNING (017780): XRECORD object group 140 unknown/not supported - ignored.
WARNING (017788): XRECORD object group 90 unknown/not supported - ignored.
WARNING (017796): XRECORD object group 1 unknown/not supported - ignored.
WARNING (017804): XRECORD object group 280 unknown/not supported - ignored.
WARNING (017812): XRECORD object group 140 unknown/not supported - ignored.
WARNING (017820): XRECORD object group 140 unknown/not supported - ignored.
WARNING (018616): XRECORD object group 280 unknown/not supported - ignored.
WARNING (018624): XRECORD object group 280 unknown/not supported - ignored.
WARNING (018632): XRECORD object group 280 unknown/not supported - ignored.
WARNING (018640): XRECORD object group 280 unknown/not supported - ignored.
WARNING (018648): XRECORD object group 280 unknown/not supported - ignored.
WARNING (018656): XRECORD object group 280 unknown/not supported - ignored.
WARNING (018664): XRECORD object group 280 unknown/not supported - ignored.
WARNING (018672): XRECORD object group 280 unknown/not supported - ignored.
WARNING (018680): XRECORD object group 280 unknown/not supported - ignored.
WARNING (018688): XRECORD object group 90 unknown/not supported - ignored.
WARNING (018696): XRECORD object group 140 unknown/not supported - ignored.
WARNING (018704): XRECORD object group 140 unknown/not supported - ignored.
WARNING (018712): XRECORD object group 90 unknown/not supported - ignored.
WARNING (018720): XRECORD object group 90 unknown/not supported - ignored.
WARNING (018724): XRECORD object group 90 unknown/not supported - ignored.
WARNING (018732): XRECORD object group 90 unknown/not supported - ignored.
WARNING (018740): XRECORD object group 90 unknown/not supported - ignored.
WARNING (018748): XRECORD object group 90 unknown/not supported - ignored.
WARNING (018752): XRECORD object group 90 unknown/not supported - ignored.
WARNING (018760): XRECORD object group 280 unknown/not supported - ignored.
WARNING (018768): XRECORD object group 90 unknown/not supported - ignored.
WARNING (018776): XRECORD object group 90 unknown/not supported - ignored.
WARNING (018784): XRECORD object group 90 unknown/not supported - ignored.
WARNING (018792): XRECORD object group 280 unknown/not supported - ignored.
WARNING (018800): XRECORD object group 90 unknown/not supported - ignored.
WARNING (018808): XRECORD object group 90 unknown/not supported - ignored.
WARNING (018812): XRECORD object group 90 unknown/not supported - ignored.
WARNING (018820): XRECORD object group 140 unknown/not supported - ignored.
WARNING (018828): XRECORD object group 90 unknown/not supported - ignored.
WARNING (018836): XRECORD object group 1 unknown/not supported - ignored.
WARNING (018844): XRECORD object group 280 unknown/not supported - ignored.
WARNING (018852): XRECORD object group 140 unknown/not supported - ignored.
WARNING (018860): XRECORD object group 140 unknown/not supported - ignored.
WARNING (019656): XRECORD object group 280 unknown/not supported - ignored.
WARNING (019664): XRECORD object group 280 unknown/not supported - ignored.
WARNING (019672): XRECORD object group 280 unknown/not supported - ignored.
WARNING (019680): XRECORD object group 280 unknown/not supported - ignored.
WARNING (019688): XRECORD object group 280 unknown/not supported - ignored.
WARNING (019696): XRECORD object group 280 unknown/not supported - ignored.
WARNING (019704): XRECORD object group 280 unknown/not supported - ignored.
WARNING (019712): XRECORD object group 280 unknown/not supported - ignored.
WARNING (019720): XRECORD object group 280 unknown/not supported - ignored.
WARNING (019728): XRECORD object group 90 unknown/not supported - ignored.
WARNING (019736): XRECORD object group 140 unknown/not supported - ignored.
WARNING (019744): XRECORD object group 140 unknown/not supported - ignored.
WARNING (019752): XRECORD object group 90 unknown/not supported - ignored.
WARNING (019760): XRECORD object group 90 unknown/not supported - ignored.
WARNING (019764): XRECORD object group 90 unknown/not supported - ignored.
WARNING (019772): XRECORD object group 90 unknown/not supported - ignored.
WARNING (019780): XRECORD object group 90 unknown/not supported - ignored.
WARNING (019788): XRECORD object group 90 unknown/not supported - ignored.
WARNING (019792): XRECORD object group 90 unknown/not supported - ignored.
WARNING (019800): XRECORD object group 280 unknown/not supported - ignored.
WARNING (019808): XRECORD object group 90 unknown/not supported - ignored.
WARNING (019816): XRECORD object group 90 unknown/not supported - ignored.
WARNING (019824): XRECORD object group 90 unknown/not supported - ignored.
WARNING (019832): XRECORD object group 280 unknown/not supported - ignored.
WARNING (019840): XRECORD object group 90 unknown/not supported - ignored.
WARNING (019848): XRECORD object group 90 unknown/not supported - ignored.
WARNING (019852): XRECORD object group 90 unknown/not supported - ignored.
WARNING (019860): XRECORD object group 140 unknown/not supported - ignored.
WARNING (019868): XRECORD object group 90 unknown/not supported - ignored.
WARNING (019876): XRECORD object group 1 unknown/not supported - ignored.
WARNING (019884): XRECORD object group 280 unknown/not supported - ignored.
WARNING (019892): XRECORD object group 140 unknown/not supported - ignored.
WARNING (019900): XRECORD object group 140 unknown/not supported - ignored.
WARNING (020696): XRECORD object group 280 unknown/not supported - ignored.
WARNING (020704): XRECORD object group 280 unknown/not supported - ignored.
WARNING (020712): XRECORD object group 280 unknown/not supported - ignored.
WARNING (020720): XRECORD object group 280 unknown/not supported - ignored.
WARNING (020728): XRECORD object group 280 unknown/not supported - ignored.
WARNING (020736): XRECORD object group 280 unknown/not supported - ignored.
WARNING (020744): XRECORD object group 280 unknown/not supported - ignored.
WARNING (020752): XRECORD object group 280 unknown/not supported - ignored.
WARNING (020760): XRECORD object group 280 unknown/not supported - ignored.
WARNING (020768): XRECORD object group 90 unknown/not supported - ignored.
WARNING (020776): XRECORD object group 140 unknown/not supported - ignored.
WARNING (020784): XRECORD object group 140 unknown/not supported - ignored.
WARNING (020792): XRECORD object group 90 unknown/not supported - ignored.
WARNING (020800): XRECORD object group 90 unknown/not supported - ignored.
WARNING (020804): XRECORD object group 90 unknown/not supported - ignored.
WARNING (020812): XRECORD object group 90 unknown/not supported - ignored.
WARNING (020820): XRECORD object group 90 unknown/not supported - ignored.
WARNING (020828): XRECORD object group 90 unknown/not supported - ignored.
WARNING (020832): XRECORD object group 90 unknown/not supported - ignored.
WARNING (020840): XRECORD object group 280 unknown/not supported - ignored.
WARNING (020848): XRECORD object group 90 unknown/not supported - ignored.
WARNING (020856): XRECORD object group 90 unknown/not supported - ignored.
WARNING (020864): XRECORD object group 90 unknown/not supported - ignored.
WARNING (020872): XRECORD object group 280 unknown/not supported - ignored.
WARNING (020880): XRECORD object group 90 unknown/not supported - ignored.
WARNING (020888): XRECORD object group 90 unknown/not supported - ignored.
WARNING (020892): XRECORD object group 90 unknown/not supported - ignored.
WARNING (020900): XRECORD object group 140 unknown/not supported - ignored.
WARNING (020908): XRECORD object group 90 unknown/not supported - ignored.
WARNING (020916): XRECORD object group 1 unknown/not supported - ignored.
WARNING (020924): XRECORD object group 280 unknown/not supported - ignored.
WARNING (020932): XRECORD object group 140 unknown/not supported - ignored.
WARNING (020940): XRECORD object group 140 unknown/not supported - ignored.
WARNING (021736): XRECORD object group 280 unknown/not supported - ignored.
WARNING (021744): XRECORD object group 280 unknown/not supported - ignored.
WARNING (021752): XRECORD object group 280 unknown/not supported - ignored.
WARNING (021760): XRECORD object group 280 unknown/not supported - ignored.
WARNING (021768): XRECORD object group 280 unknown/not supported - ignored.
WARNING (021776): XRECORD object group 280 unknown/not supported - ignored.
WARNING (021784): XRECORD object group 280 unknown/not supported - ignored.
WARNING (021792): XRECORD object group 280 unknown/not supported - ignored.
WARNING (021800): XRECORD object group 280 unknown/not supported - ignored.
WARNING (021808): XRECORD object group 90 unknown/not supported - ignored.
WARNING (021816): XRECORD object group 140 unknown/not supported - ignored.
WARNING (021824): XRECORD object group 140 unknown/not supported - ignored.
WARNING (021832): XRECORD object group 90 unknown/not supported - ignored.
WARNING (021840): XRECORD object group 90 unknown/not supported - ignored.
WARNING (021844): XRECORD object group 90 unknown/not supported - ignored.
WARNING (021852): XRECORD object group 90 unknown/not supported - ignored.
WARNING (021860): XRECORD object group 90 unknown/not supported - ignored.
WARNING (021868): XRECORD object group 90 unknown/not supported - ignored.
WARNING (021872): XRECORD object group 90 unknown/not supported - ignored.
WARNING (021880): XRECORD object group 280 unknown/not supported - ignored.
WARNING (021888): XRECORD object group 90 unknown/not supported - ignored.
WARNING (021896): XRECORD object group 90 unknown/not supported - ignored.
WARNING (021904): XRECORD object group 90 unknown/not supported - ignored.
WARNING (021912): XRECORD object group 280 unknown/not supported - ignored.
WARNING (021920): XRECORD object group 90 unknown/not supported - ignored.
WARNING (021928): XRECORD object group 90 unknown/not supported - ignored.
WARNING (021932): XRECORD object group 90 unknown/not supported - ignored.
WARNING (021940): XRECORD object group 140 unknown/not supported - ignored.
WARNING (021948): XRECORD object group 90 unknown/not supported - ignored.
WARNING (021956): XRECORD object group 1 unknown/not supported - ignored.
WARNING (021964): XRECORD object group 280 unknown/not supported - ignored.
WARNING (021972): XRECORD object group 140 unknown/not supported - ignored.
WARNING (021980): XRECORD object group 140 unknown/not supported - ignored.
WARNING (022238): Possible end of OBJECTS section before end of an XRECORD.
WARNING (001820): BLOCK object group 3 unknown/not supported - ignored.
WARNING (001822): BLOCK object group 1 unknown/not supported - ignored.
SYMBOL: layer="0", name="*Model_Space", org=(0,0), 0 entities.
WARNING (001844): BLOCK object group 67 unknown/not supported - ignored.
WARNING (001860): BLOCK object group 3 unknown/not supported - ignored.
WARNING (001862): BLOCK object group 1 unknown/not supported - ignored.
SYMBOL: layer="0", name="*Paper_Space", org=(0,0), 0 entities.
WARNING (001872): BLOCKS section group 67 unknown/not supported - ignored.
WARNING (001886): BLOCK object group 67 unknown/not supported - ignored.
WARNING (001902): BLOCK object group 3 unknown/not supported - ignored.
WARNING (001904): BLOCK object group 1 unknown/not supported - ignored.
SYMBOL: layer="0", name="*Paper_Space0", org=(0,0), 0 entities.
WARNING (001914): BLOCKS section group 67 unknown/not supported - ignored.
CIRCLE entity, line 1926
WARNING (001936): CIRCLE entity group 6 unknown/not supported - ignored.
WARNING (001940): CIRCLE entity group 370 unknown/not supported - ignored.
CIRCLE: layer="0", c=(304038,968283), r=4064
CIRCLE entity, line 1952
WARNING (001962): CIRCLE entity group 6 unknown/not supported - ignored.
WARNING (001966): CIRCLE entity group 370 unknown/not supported - ignored.
CIRCLE: layer="0", c=(65024,968283), r=4064
CIRCLE entity, line 1978
WARNING (001988): CIRCLE entity group 6 unknown/not supported - ignored.
WARNING (001992): CIRCLE entity group 370 unknown/not supported - ignored.
CIRCLE: layer="0", c=(65024,1091575), r=4064
CIRCLE entity, line 2004
WARNING (002014): CIRCLE entity group 6 unknown/not supported - ignored.
WARNING (002018): CIRCLE entity group 370 unknown/not supported - ignored.
CIRCLE: layer="0", c=(304038,1091575), r=4064
LINE entity, line 2030
WARNING (002040): LINE/3DLINE entity group 6 unknown/not supported - ignored.
WARNING (002044): LINE/3DLINE entity group 370 unknown/not supported - ignored.
LINE: layer="0", p1=(274828,1095334), p2=(80772,1095334)
LINE entity, line 2060
WARNING (002070): LINE/3DLINE entity group 6 unknown/not supported - ignored.
WARNING (002074): LINE/3DLINE entity group 370 unknown/not supported - ignored.
LINE: layer="0", p1=(80772,1095334), p2=(80772,964524)
LINE entity, line 2090
WARNING (002100): LINE/3DLINE entity group 6 unknown/not supported - ignored.
WARNING (002104): LINE/3DLINE entity group 370 unknown/not supported - ignored.
LINE: layer="0", p1=(80772,964524), p2=(274828,964524)
LINE entity, line 2120
WARNING (002130): LINE/3DLINE entity group 6 unknown/not supported - ignored.
WARNING (002134): LINE/3DLINE entity group 370 unknown/not supported - ignored.
LINE: layer="0", p1=(274828,964524), p2=(274828,1095334)
