>>> Warning 203 "D:\Laboratorio\Autoclave\Autoclave Horizontal\Sin Precamara\2021\Autoclave 55L Rodam #004588613 OP202183\Firmware V4.1.0 - Reservorio-Presion-200Ciclos-Impresora-DobleDisplay\Extension_I2C\pic18_usb.c" Line 531(1,1): Condition always TRUE
>>> Warning 216 "USB_I2C.c" Line 782(0,1): Interrupts disabled during call to prevent re-entrancy:  (usb_token_reset)
>>> Warning 216 "USB_I2C.c" Line 782(0,1): Interrupts disabled during call to prevent re-entrancy:  (usb_flush_out)
>>> Warning 216 "USB_I2C.c" Line 782(0,1): Interrupts disabled during call to prevent re-entrancy:  (usb_tbe)
>>> Warning 216 "USB_I2C.c" Line 782(0,1): Interrupts disabled during call to prevent re-entrancy:  (usb_flush_in)
>>> Warning 202 "USB_I2C.c" Line 6(5,8): Variable never used:   rs232_errors
>>> Warning 202 "USB_I2C.c" Line 39(6,7): Variable never used:   l
>>> Warning 202 "USB_I2C.c" Line 42(51,54): Variable never used:   dow
>>> Warning 202 "USB_I2C.c" Line 44(7,13): Variable never used:   Activo
>>> Warning 202 "USB_I2C.c" Line 44(44,54): Variable never used:   cuentaAbre
>>> Warning 202 "USB_I2C.c" Line 46(6,12): Variable never used:   YearRx
>>> Warning 202 "USB_I2C.c" Line 46(15,20): Variable never used:   MesRx
>>> Warning 202 "USB_I2C.c" Line 46(23,28): Variable never used:   DiaRx
>>> Warning 202 "USB_I2C.c" Line 46(31,37): Variable never used:   HoraRx
>>> Warning 202 "USB_I2C.c" Line 46(40,48): Variable never used:   MinutoRx
>>> Warning 202 "USB_I2C.c" Line 46(51,60): Variable never used:   SegundoRx
>>> Warning 202 "USB_I2C.c" Line 46(93,100): Variable never used:   AireInt
>>> Warning 202 "USB_I2C.c" Line 49(13,28): Variable never used:   Testerilizacion
>>> Warning 202 "USB_I2C.c" Line 50(13,20): Variable never used:   Tsecado
>>> Warning 202 "USB_I2C.c" Line 54(6,13): Variable never used:   usuario
      Memory usage:   ROM=65%      RAM=49% - 50%
      0 Errors,  20 Warnings.
