
ROM used: 21182 (65%)
          21182 (65%) including unused fragments

          4 Average locations per line
          16 Average locations per statement

RAM used: 995 (49%) at main() level
          1030 (50%) worst case

Stack used: 13 worst case (out of 31 total available)

Lines Stmts  %   Files
----- ----- ---  -----
  781   673  49  USB_I2C.c
  392     0   0  C:\Program Files (x86)\PICC\Devices\18F2550.h
  222     0   0  pic18_usb.h
  328     0   0  usb_hw_layer.h
  156     0   0  header.h
 1063     0   0  usb.h
  808   218  16  usb.c
 1281   320  23  pic18_usb.c
  188   155  11  Funciones.h
----- -----
 5219  1366 Total

Page ROM  %  RAM   Vol Diff  Functions:
---- --- --- ---   --- ----  ----------
0     42   0   1             @delay_ms1
0      8   0   0             @PUTCHARI_BIU_1
0     24   0   0             @GETCH_BIU_1
0     68   0   1             @PUTCHAR_2_
0     24   0   1             @I2C_WRITE_1
0     32   0   0             @const170
0     66   0   0             @const174
0     48   0   0             @const178
0     18   0   0             @const180
0     34   0   0             @const182
0     20   0   0             @const184
0     70   0   0             @const186
0     60   0   3   133  4.3  usb_kbhit
0     68   0   3   133  4.3  usb_tbe
0     40   0   1   134  2.5  usb_detach
0     34   0   0   136  2.2  usb_attach
0      6   0   0    16  1.0  usb_init_cs
0     34   0   1   346  4.6  usb_task
0     14   0   0    61  2.5  usb_init
0    220   1   7  1083  5.4  usb_flush_in
0    176   0  10   320  5.5  usb_put_packet
0    202   0   7   899  4.9  usb_flush_out
0    202   0  12   632  5.7  usb_get_packet_buffer
0     74   0   5   145  3.5  usb_get_packet
0     74   0   4   251  4.6  usb_stall_ep
0     72   0   4   258  4.6  usb_unstall_ep
0     90   0   5   360  5.8  usb_endpoint_stalled
0     26   0   1    88  2.7  usb_set_address
0    466   1  10  1722  9.8  usb_set_configured
0     84   0   3   192  3.2  usb_disable_endpoint
0     30   0   1    93  2.9  usb_disable_endpoints
0      4   0   0    39  2.0  usb_clear_trn
0    136   0   2   638  6.6  usb_isr
0      6   0   0    43  2.0  usb_isr_sof
0     42   0   0   357  4.2  usb_isr_rst
0     32   0   0   508  4.0  usb_init_ep0_setup
0      8   0   0    74  2.8  usb_isr_uerr
0     10   0   0    82  2.8  usb_isr_uidle
0     16   0   0   102  3.3  usb_isr_activity
0     14   0   0   151  3.9  usb_isr_stall
0      6   0   1    30  1.7  usb_request_send_response
0      6   0   0    22  1.2  usb_request_stall
0    378   1   5  2031  7.9  usb_isr_tok_dne
0      8   0   0    29  1.9  usb_enumerated
0     40   0   3   231  4.0  usb_token_reset
0    100   0   3   267  5.9  usb_endpoint_is_valid
0     34   0   1   152  3.0  usb_isr_tok_in_dne
0     10   0   1    48  1.9  usb_isr_tok_out_dne
0     44   0   0   285  5.4  usb_isr_tok_setup_dne
0    184   0   0  1454  8.3  usb_isr_tkn_setup_StandardDevice
0    170   0   3   930  7.7  usb_isr_tkn_setup_StandardInterface
0    106   0   0   753  5.8  usb_isr_tkn_setup_StandardEndpoint
0    126   0   1   790  7.7  usb_Get_Descriptor
0     14   0   0    76  1.8  usb_finish_set_address
0    154   0   4   591  8.6  usb_copy_desc_seg_to_ep
0    180   0   0             @const453
0    186   0   0             @const456
0     44   0   0   749  2.4  BorraBuffer
0     54   0   0   170  1.8  SendDataDisplay
0      6   0   0    31  1.7  Carga_Vector
0    348   1   0  1705  5.4  Lee_Vector
0     54   0   2             @ITOF
0    350   1  14             @DIVFF
0    632   1  16             @ADDFF
0    310   1   0  2605  5.9  LeeDisplay
0    394   1   3   964  7.3  ssp_interupt
0     68   0   5    64  2.4  inttofloat
0     94   0   2   572  5.3  serial_rx_isr
0     58   0   0   193  3.6  temp1s
0   8724  21   7 32090 12.5  MAIN
0     16   0   0             @const499
0     34   0   2             @PSTRINGC_9600_31766_31767
0     16   0   0             @const501
0      8   0   0             @const502
0     16   0   0             @const503
0     36   0   0             @const504
0     32   0   2             @PSTRINGC_70
0     34   0   0             @const506
0     34   0   0             @const507
0     34   0   0             @const508
0     34   0   0             @const509
0     36   0   0             @const510
0     34   0   0             @const511
0     34   0   0             @const512
0     40   0   3             @PSTRINGCN_70
0     44   0   3             @DIV88
0    130   0   2             @PRINTF_U_70
0     14   0   0             @const522
0    190   0   9             @PRINTF_LU_70
0     24   0   0             @const525
0     30   0   0             @const526
0     40   0   0             @const527
0    246   1  11             @MULFF
0     66   0   5             @FTOSD
0    128   0  13             @DIV3232
0    434   1  13             @PRINTF_L32D_70FPFPF
0     40   0   0             @const539
0     34   0   0             @const540
0     26   0   0             @const541
0     34   0   0             @const544
0     28   0   0             @const545
0     28   0   0             @const548
0     28   0   0             @const549
0     34   0   0             @const552
0     28   0   0             @const553
0     30   0   0             @const556
0     28   0   0             @const557
0     26   0   0             @const560
0     28   0   0             @const561
0     28   0   0             @const564
0     28   0   0             @const565
0     28   0   0             @const568
0     28   0   0             @const569
0     26   0   0             @const572
0     24   0   0             @const573
0     36   0   0             @const574
0     26   0   0             @const577
0     28   0   0             @const578
0     36   0   0             @const581
0     16   0   0             @const582
0     34   0   0             @const583
0     14   0   0             @const585
0     24   0   0             @const586
0     32   0   0             @const587
0    122   0  10             @FLT
0     44   0   0             @const591
0     44   0   0             @const592
0     44   0   0             @const593
0     44   0   0             @const594
0     22   0   0             @const595
0     20   0   0             @const598
0     16   0   0             @const599
0     16   0   0             @const600
0     48   0   0             @const601
0     36   0   0             @const602
0     52   0   0             @const603
0     34   0   0             @const604
0     54   0   0             @const605
0     34   0   0             @const606
0     38   0   0             @const607
0     36   0   0             @const608
0     44   0   0             @const609
0     36   0   0             @const610
0     44   0   0             @const611
0     36   0   0             @const612
0     40   0   0             @const613
0     36   0   0             @const614
0     38   0   0             @const615
0     36   0   0             @const616
0     42   0   0             @const617
0     36   0   0             @const618
0     34   0   0             @const619
0     42   0   0             @const620
0     34   0   0             @const621
0     36   0   0             @const622
0     34   0   0             @const623
0     38   0   0             @const624
0     34   0   0             @const625
0     42   0   0             @const626
0     44   0   0             @const627
0     38   0   0             @const628
0     34   0   0             @const629
0     34   0   0             @const630
0     34   0   0             @const631
0     40   0   0             @const632
0     34   0   0             @const633
0     34   0   0             @const634
0     16   0   0             @const635
0     42   0   3             @PSTRINGCN_9600_31766_31767
0    418   1  13             @PRINTF_L32D_9600_31766_31767FPFPF
0     14   0   0             @const641
0    126   0   2             @PRINTF_U_9600_31766_31767
0     14   0   0             @const645
0     18   0   0             @const646
0     34   0   0             @const647
0    172   0   9             @PRINTF_LU_9600_31766_31767
0     34   0   0             @const650
0     32   0   0             @const651
0     32   0   0             @const652
0     32   0   0             @const653
0     32   0   0             @const654
0     32   0   0             @const655
0     54   0   0             @const656
0     60   0   4             @SFTOI

Program metrics:
    Functions               53
    Statements              1366
    Comments                2071
    Volume (V)              83176
    Difficilty (D)          236.5
    Effort to implement (E) 19669960
    Time to implement (T)   303 hours, 33 minutes
    Est Delivered Bugs (B)  24
    Cyclomatic Complexity   231
    Maintainability (MI)    66

 Segment     Used  Free
-----------  ----  ----
00000-00002     4  0  
00004-00006     4  0  
00008-000B8   178  0  
000BA-07FFE  20996  11586  



