
ROM used: 21036 (21%)
          21036 (21%) including unused fragments

          11 Average locations per line
          17 Average locations per statement

RAM used: 624 (19%) at main() level
          646 (19%) worst case

Stack used: 7 worst case (out of 31 total available)

Lines Stmts  %   Files
----- ----- ---  -----
 1085   928  76  GLCD_Controller.c
  461     0   0  C:\Program Files (x86)\PICC\Devices\18F4685.h
  170    72   6  LCD420.c
  286   223  18  Funciones.h
----- -----
 2002  1223 Total

Page ROM  %  RAM   Vol Diff  Functions:
---- --- --- ---   --- ----  ----------
0     40   0   1             @delay_ms1
0     34   0   0             @const73
0     34   0   1   134  2.2  lcd_send_nibble
0     62   0   3   287  3.9  lcd_send_byte
0    116   0   2   422  4.7  lcd_init
0     70   0   3   321  5.5  lcd_gotoxy
0     50   0   0             @goto10090
0    126   0   1   472  6.6  lcd_putc
0     60   0   0             @const213
0    108   0   0             @const216
0      8   0   0             @const219
0    110   0   2   142  3.9  ActualizaRecta
0    632   2  16             @ADDFF
0     86   0   5   100  2.1  sensores
0     54   0   2             @ITOF
0    936   2   5   694  7.7  LeerPT100
0    350   1  14             @DIVFF
0     34   0   5             @MUL1616
0    246   1  11             @MULFF
0    502   1   5   561  7.5  Leer_Sensor_Presion_Camara
0    122   0  10             @FLT
0   1426   3   4  1207  7.2  Controla
0     60   0   4             @SFTOI
0    796   2   4  1656  6.4  LeeEEPROM
0    710   2   0  1108  3.4  LimitaValores
0     84   0   0   576  3.8  leerTeclado
0    832   2   2  1159  5.4  resetParams
0     84   0   0   282  5.0  temp0s
0    218   1   0  1065  7.3  temp1s
0  11426  27   4 45979 13.5  MAIN
0     18   0   0             @const258
0     40   0   3             @PSTRINGC_95
0     18   0   0             @const260
0     12   0   0             @const263
0     22   0   0             @const264
0     44   0   3             @DIV88
0    130   0   2             @PRINTF_U_95
0     50   0   4             @PSTRINGCN_95
0     68   0   5             @FTOSD
0    128   0  13             @DIV3232
0    436   1  13             @PRINTF_L32D_95FPFPF
0    190   0   9             @PRINTF_LU_95
0      6   0   0             @const287
0     18   0   0             @const294
0     10   0   0             @const307
0     16   0   0             @const312
0     16   0   0             @const314
0     18   0   0             @const316
0     16   0   0             @const318
0     16   0   0             @const320
0     18   0   0             @const322
0     18   0   0             @const324
0      6   0   0             @const326
0      6   0   0             @const327
0      6   0   0             @const328
0      6   0   0             @const329
0      6   0   0             @const330
0      6   0   0             @const331
0      6   0   0             @const332
0      6   0   0             @const333
0      6   0   0             @const334
0      6   0   0             @const335
0      6   0   0             @const336
0      6   0   0             @const337
0      6   0   0             @const338
0      6   0   0             @const339
0      6   0   0             @const340
0      6   0   0             @const341
0      6   0   0             @const342
0      6   0   0             @const344
0      6   0   0             @const345
0      6   0   0             @const346
0     18   0   0             @const352
0      8   0   0             @const359

Program metrics:
    Functions               17
    Statements              1223
    Comments                218
    Volume (V)              67685
    Difficilty (D)          97.1
    Effort to implement (E) 6569317
    Time to implement (T)   101 hours, 23 minutes
    Est Delivered Bugs (B)  12
    Cyclomatic Complexity   229
    Maintainability (MI)    22

 Segment     Used  Free
-----------  ----  ----
00000-00002     4  0  
00004-00006     0  4  
00008-000A8   162  0  
000AA-0FFFE  20870  44496  
10000-17FFE     0  32768  



