
ROM used: 12466 (38%)
          12466 (38%) including unused fragments

          3 Average locations per line
          12 Average locations per statement

RAM used: 571 (28%) at main() level
          613 (30%) worst case

Stack used: 13 worst case (out of 31 total available)

Lines Stmts  %   Files
----- ----- ---  -----
  468   343  33  USB_I2C.c
  392     0   0  18F2550.h
  222     0   0  pic18_usb.h
  328     0   0  usb_hw_layer.h
  156     0   0  header.h
 1063     0   0  usb.h
  808   218  21  usb.c
 1281   320  31  pic18_usb.c
  183   150  15  Funciones.h
----- -----
 4901  1031 Total

Page ROM  %  RAM   Vol Diff  Functions:
---- --- --- ---   --- ----  ----------
0     42   0   1             @delay_ms1
0      8   0   0             @PUTCHARI_BIU_1
0     24   0   0             @GETCH_BIU_1
0     24   0   1             @I2C_WRITE_1
0     32   0   0             @const167
0     66   0   0     3  0.0  @const171
0     48   0   0  2605  5.9  @const175
0     18   0   0     3  0.0  @const177
0     34   0   0   255  3.6  @const179
0     20   0   0   564  5.2  @const181
0     70   0   0   209  3.6  @const183
0     60   0   3   133  4.3  usb_kbhit
0     68   0   3   133  4.3  usb_tbe
0     40   0   1   134  2.5  usb_detach
0     34   0   0   136  2.2  usb_attach
0      6   0   0    16  1.0  usb_init_cs
0     34   0   1   346  4.6  usb_task
0     14   0   0    61  2.5  usb_init
0    220   1   7  1083  5.4  usb_flush_in
0    176   1  10   320  5.5  usb_put_packet
0    202   1   7   899  4.9  usb_flush_out
0    202   1  12   632  5.7  usb_get_packet_buffer
0     74   0   5   145  3.5  usb_get_packet
0     74   0   4   251  4.6  usb_stall_ep
0     72   0   4   258  4.6  usb_unstall_ep
0     90   0   5   360  5.8  usb_endpoint_stalled
0     26   0   1    88  2.7  usb_set_address
0    466   2  10  1722  9.8  usb_set_configured
0     84   0   3   192  3.2  usb_disable_endpoint
0     30   0   1    93  2.9  usb_disable_endpoints
0      4   0   0    39  2.0  usb_clear_trn
0    136   1   2   638  6.6  usb_isr
0      6   0   0    43  2.0  usb_isr_sof
0     42   0   0   357  4.2  usb_isr_rst
0     32   0   0   508  4.0  usb_init_ep0_setup
0      8   0   0    74  2.8  usb_isr_uerr
0     10   0   0    82  2.8  usb_isr_uidle
0     16   0   0   102  3.3  usb_isr_activity
0     14   0   0   151  3.9  usb_isr_stall
0      6   0   1    30  1.7  usb_request_send_response
0      6   0   0    22  1.2  usb_request_stall
0    378   2   5  2031  7.9  usb_isr_tok_dne
0      8   0   0    29  1.9  usb_enumerated
0     40   0   3   231  4.0  usb_token_reset
0    100   0   3   267  5.9  usb_endpoint_is_valid
0     34   0   1   152  3.0  usb_isr_tok_in_dne
0     10   0   1    48  1.9  usb_isr_tok_out_dne
0     44   0   0   285  5.4  usb_isr_tok_setup_dne
0    184   1   0  1454  8.3  usb_isr_tkn_setup_StandardDevice
0    170   1   3   930  7.7  usb_isr_tkn_setup_StandardInterface
0    106   0   0   753  5.8  usb_isr_tkn_setup_StandardEndpoint
0    126   1   1   790  7.7  usb_Get_Descriptor
0     14   0   0    76  1.8  usb_finish_set_address
0    154   1   4   591  8.6  usb_copy_desc_seg_to_ep
0    234   1   0             @const428
0     54   0   0   134  1.3  SendDataDisplay
0      6   0   0    31  1.7  Carga_Vector
0    326   1   0  1506  5.4  Lee_Vector
0     54   0   2             @ITOF
0    352   1  14             @DIVFF
0    632   3  16             @ADDFF
0    310   1   0  2605  5.9  LeeDisplay
0    110   0   3   255  3.6  ssp_interupt
0     94   0   2   564  5.2  serial_rx_isr
0     62   0   0   209  3.6  temp1s
0   2988  12   4 11546 11.1  MAIN
0     16   0   0             @const465
0     34   0   2             @PSTRINGC_9600_31766_31767
0     16   0   0             @const467
0      8   0   0             @const468
0     16   0   0             @const469
0     20   0   0             @const470
0     16   0   0             @const471
0     48   0   0             @const472
0     36   0   0             @const473
0     42   0   0             @const474
0     34   0   0             @const475
0     40   0   0             @const476
0     36   0   0             @const477
0     38   0   0             @const478
0     36   0   0             @const479
0     44   0   0             @const480
0     36   0   0             @const481
0     44   0   0             @const482
0     36   0   0             @const483
0     40   0   0             @const484
0     36   0   0             @const485
0     38   0   0             @const486
0     36   0   0             @const487
0     38   0   0             @const488
0     36   0   0             @const489
0     34   0   0             @const490
0     40   0   0             @const491
0     34   0   0             @const492
0     36   0   0             @const493
0     34   0   0             @const494
0     38   0   0             @const495
0     34   0   0             @const496
0     42   0   0             @const497
0     34   0   0             @const498
0     38   0   0             @const499
0     34   0   0             @const500
0     34   0   0             @const501
0     34   0   0             @const502
0     40   0   0             @const503
0     34   0   0             @const504
0     34   0   0             @const505
0     16   0   0             @const506
0    246   1  11             @MULFF
0     42   0   3             @PSTRINGCN_9600_31766_31767
0     68   0   5             @FTOSD
0    128   1  13             @DIV3232
0    418   2  13             @PRINTF_L32D_9600_31766_31767FPFPF
0     16   0   0             @const520
0     16   0   0             @const521
0     14   0   0             @const522
0     44   0   3             @DIV88
0    126   1   2             @PRINTF_U_9600_31766_31767
0     14   0   0             @const529
0     14   0   0             @const530
0     24   0   0             @const531
0     18   0   0             @const532
0     34   0   0             @const533
0    170   1   9             @PRINTF_LU_9600_31766_31767
0     36   0   0             @const536
0     32   0   0             @const537
0     36   0   0             @const538
0     36   0   0             @const539
0     54   0   0             @const540
0     60   0   4             @SFTOI

Program metrics:
    Functions               57
    Statements              1031
    Comments                2147
    Volume (V)              63270
    Difficilty (D)          246.8
    Effort to implement (E) 15612446
    Time to implement (T)   240 hours, 56 minutes
    Est Delivered Bugs (B)  21
    Cyclomatic Complexity   215
    Maintainability (MI)    83

 Segment     Used  Free
-----------  ----  ----
00000-00002     4  0  
00004-00006     4  0  
00008-000B8   178  0  
000BA-07FFE  12280  20302  



