>>> Warning 203 "H:\JP\JP\Laboratorio\Autoclave\Autoclave Horizontal\Con Precamara\2018\Autoclave 85L con vacio  #0045877XX\Firmware V4.0\USB_I2C_Hardware\pic18_usb.c" Line 531(1,1): Condition always TRUE
>>> Warning 216 "USB_I2C_Hardware.c" Line 290(0,1): Interrupts disabled during call to prevent re-entrancy:  (usb_token_reset)
>>> Warning 216 "USB_I2C_Hardware.c" Line 290(0,1): Interrupts disabled during call to prevent re-entrancy:  (usb_flush_out)
>>> Warning 216 "USB_I2C_Hardware.c" Line 290(0,1): Interrupts disabled during call to prevent re-entrancy:  (usb_tbe)
>>> Warning 216 "USB_I2C_Hardware.c" Line 290(0,1): Interrupts disabled during call to prevent re-entrancy:  (usb_flush_in)
>>> Warning 202 "USB_I2C_Hardware.c" Line 51(7,15): Variable never used:   promedio
>>> Warning 202 "USB_I2C_Hardware.c" Line 52(7,18): Variable never used:   PromPresion
>>> Warning 202 "USB_I2C_Hardware.c" Line 53(7,19): Variable never used:   PromPresionp
>>> Warning 202 "USB_I2C_Hardware.c" Line 54(7,8): Variable never used:   X
>>> Warning 202 "USB_I2C_Hardware.c" Line 55(7,22): Variable never used:   promediopresion
>>> Warning 202 "USB_I2C_Hardware.c" Line 55(27,34): Variable never used:   Aumento
>>> Warning 202 "USB_I2C_Hardware.c" Line 55(39,55): Variable never used:   promediopresionp
>>> Warning 202 "USB_I2C_Hardware.c" Line 56(7,16): Variable never used:   emergency
>>> Warning 202 "USB_I2C_Hardware.c" Line 56(19,28): Variable never used:   flag_agua
>>> Warning 202 "USB_I2C_Hardware.c" Line 56(31,41): Variable never used:   flag_agua2
>>> Warning 202 "USB_I2C_Hardware.c" Line 56(44,53): Variable never used:   CamaraOUT
>>> Warning 202 "USB_I2C_Hardware.c" Line 56(56,64): Variable never used:   CamaraIN
>>> Warning 202 "USB_I2C_Hardware.c" Line 56(67,82): Variable never used:   flag_reservorio
>>> Warning 202 "USB_I2C_Hardware.c" Line 56(85,100): Variable never used:   flag_presostato
>>> Warning 202 "USB_I2C_Hardware.c" Line 56(103,113): Variable never used:   flag_vacio
>>> Warning 202 "USB_I2C_Hardware.c" Line 57(6,7): Variable never used:   r
>>> Warning 202 "USB_I2C_Hardware.c" Line 57(10,11): Variable never used:   t
>>> Warning 202 "USB_I2C_Hardware.c" Line 57(14,16): Variable never used:   r2
>>> Warning 202 "USB_I2C_Hardware.c" Line 57(19,21): Variable never used:   t2
>>> Warning 202 "USB_I2C_Hardware.c" Line 57(24,37): Variable never used:   TiempoControl
>>> Warning 202 "USB_I2C_Hardware.c" Line 57(40,41): Variable never used:   z
>>> Warning 202 "USB_I2C_Hardware.c" Line 57(44,48): Variable never used:   Frio
>>> Warning 202 "USB_I2C_Hardware.c" Line 57(51,56): Variable never used:   llena
>>> Warning 202 "USB_I2C_Hardware.c" Line 57(59,72): Variable never used:   PulsoPositivo
>>> Warning 202 "USB_I2C_Hardware.c" Line 57(76,87): Variable never used:   PulsosVacio
>>> Warning 202 "USB_I2C_Hardware.c" Line 57(90,100): Variable never used:   flag_pulso
>>> Warning 202 "USB_I2C_Hardware.c" Line 57(103,114): Variable never used:   Atmosferica
>>> Warning 202 "USB_I2C_Hardware.c" Line 58(6,17): Variable never used:   Resistencia
>>> Warning 202 "USB_I2C_Hardware.c" Line 58(20,30): Variable never used:   EVDesfogue
>>> Warning 202 "USB_I2C_Hardware.c" Line 58(33,41): Variable never used:   EVTrampa
>>> Warning 202 "USB_I2C_Hardware.c" Line 58(44,55): Variable never used:   MotorPuerta
>>> Warning 202 "USB_I2C_Hardware.c" Line 58(58,71): Variable never used:   EVEntradaAgua
>>> Warning 202 "USB_I2C_Hardware.c" Line 58(74,84): Variable never used:   BombaVacio
>>> Warning 202 "USB_I2C_Hardware.c" Line 58(87,96): Variable never used:   BombaAgua
>>> Warning 202 "USB_I2C_Hardware.c" Line 58(99,106): Variable never used:   Control
>>> Warning 202 "USB_I2C_Hardware.c" Line 58(109,115): Variable never used:   Alarma
>>> Warning 202 "USB_I2C_Hardware.c" Line 58(118,128): Variable never used:   AlarmaAgua
>>> Warning 202 "USB_I2C_Hardware.c" Line 59(48,58): Variable never used:   Presostato
>>> Warning 202 "USB_I2C_Hardware.c" Line 59(61,70): Variable never used:   ADC_Pt100
>>> Warning 202 "USB_I2C_Hardware.c" Line 59(73,74): Variable never used:   y
>>> Warning 202 "USB_I2C_Hardware.c" Line 59(77,83): Variable never used:   Chksum
>>> Warning 202 "USB_I2C_Hardware.c" Line 59(86,98): Variable never used:   flagprevacio
>>> Warning 202 "USB_I2C_Hardware.c" Line 59(102,111): Variable never used:   flagvacio
>>> Warning 202 "USB_I2C_Hardware.c" Line 60(7,14): Variable never used:   tiempos
>>> Warning 202 "USB_I2C_Hardware.c" Line 60(17,25): Variable never used:   tiempos3
>>> Warning 202 "USB_I2C_Hardware.c" Line 60(28,38): Variable never used:   tiempoctrl
>>> Warning 202 "USB_I2C_Hardware.c" Line 60(41,46): Variable never used:   Nivel
>>> Warning 202 "USB_I2C_Hardware.c" Line 60(49,58): Variable never used:   t_exhaust
>>> Warning 202 "USB_I2C_Hardware.c" Line 60(61,68): Variable never used:   tinicio
>>> Warning 202 "USB_I2C_Hardware.c" Line 60(71,76): Variable never used:   tagua
>>> Warning 202 "USB_I2C_Hardware.c" Line 60(79,90): Variable never used:   treservorio
>>> Warning 202 "USB_I2C_Hardware.c" Line 60(93,108): Variable never used:   PresionCamara16
>>> Warning 202 "USB_I2C_Hardware.c" Line 60(111,129): Variable never used:   PresionPreCamara16
>>> Warning 202 "USB_I2C_Hardware.c" Line 60(132,138): Variable never used:   tvacio
>>> Warning 202 "USB_I2C_Hardware.c" Line 63(7,14): Variable never used:   Lectura
>>> Warning 202 "USB_I2C_Hardware.c" Line 63(17,24): Variable never used:   Expulsa
>>> Warning 202 "USB_I2C_Hardware.c" Line 63(27,32): Variable never used:   Visua
>>> Warning 202 "USB_I2C_Hardware.c" Line 64(6,7): Variable never used:   h
>>> Warning 202 "USB_I2C_Hardware.c" Line 64(14,20): Variable never used:   Ajuste
>>> Warning 202 "USB_I2C_Hardware.c" Line 64(23,30): Variable never used:   Ajusten
>>> Warning 202 "USB_I2C_Hardware.c" Line 64(33,54): Variable never used:   tiempo_esterilizacion
>>> Warning 202 "USB_I2C_Hardware.c" Line 64(57,58): Variable never used:   p
>>> Warning 202 "USB_I2C_Hardware.c" Line 64(61,71): Variable never used:   MediaMovil
>>> Warning 202 "USB_I2C_Hardware.c" Line 65(7,9): Variable never used:   V0
>>> Warning 202 "USB_I2C_Hardware.c" Line 65(14,16): Variable never used:   R1
>>> Warning 202 "USB_I2C_Hardware.c" Line 65(24,26): Variable never used:   Pt
>>> Warning 202 "USB_I2C_Hardware.c" Line 65(27,33): Variable never used:   Tciclo
>>> Warning 202 "USB_I2C_Hardware.c" Line 65(60,64): Variable never used:   Prom
>>> Warning 202 "USB_I2C_Hardware.c" Line 65(69,80): Variable never used:   Temperature
>>> Warning 202 "USB_I2C_Hardware.c" Line 65(85,88): Variable never used:   tmp
>>> Warning 202 "USB_I2C_Hardware.c" Line 65(93,101): Variable never used:   Ganancia
>>> Warning 202 "USB_I2C_Hardware.c" Line 65(107,116): Variable never used:   Ganancia2
>>> Warning 202 "USB_I2C_Hardware.c" Line 65(122,128): Variable never used:   desvio
>>> Warning 202 "USB_I2C_Hardware.c" Line 65(140,142): Variable never used:   d4
>>> Warning 202 "USB_I2C_Hardware.c" Line 65(147,149): Variable never used:   d5
>>> Warning 202 "USB_I2C_Hardware.c" Line 66(7,9): Variable never used:   V1
>>> Warning 202 "USB_I2C_Hardware.c" Line 66(14,21): Variable never used:   Presion
>>> Warning 202 "USB_I2C_Hardware.c" Line 66(26,28): Variable never used:   d6
>>> Warning 202 "USB_I2C_Hardware.c" Line 66(33,35): Variable never used:   d7
>>> Warning 202 "USB_I2C_Hardware.c" Line 66(40,42): Variable never used:   d8
>>> Warning 202 "USB_I2C_Hardware.c" Line 66(47,49): Variable never used:   V2
>>> Warning 202 "USB_I2C_Hardware.c" Line 66(54,62): Variable never used:   Presionp
>>> Warning 202 "USB_I2C_Hardware.c" Line 67(7,15): Variable never used:   Setpoint
>>> Warning 202 "USB_I2C_Hardware.c" Line 67(87,88): Variable never used:   K
>>> Warning 202 "USB_I2C_Hardware.c" Line 68(7,8): Variable never used:   a
>>> Warning 202 "USB_I2C_Hardware.c" Line 68(16,17): Variable never used:   b
>>> Warning 202 "USB_I2C_Hardware.c" Line 68(25,26): Variable never used:   c
      Memory usage:   ROM=25%      RAM=54% - 56%
      0 Errors,  92 Warnings.
