
ROM used: 54288 (55%)
          54288 (55%) including unused fragments

          11 Average locations per line
          17 Average locations per statement

RAM used: 1842 (55%) at main() level
          1898 (57%) worst case

Stack used: 7 worst case (out of 31 total available)

Lines Stmts  %   Files
----- ----- ---  -----
 2541  2143  68  GLCD_Controller.c
  461     0   0  C:\Program Files (x86)\PICC\Devices\18F4685.h
  354    78   2  HDM64GS12.c
  556   167   5  GRAPHICS.c
   69     0   0  imagen.h
  884   747  24  Funciones.h
----- -----
 4865  3135 Total

Page ROM  %  RAM   Vol Diff  Functions:
---- --- --- ---   --- ----  ----------
0     40   0   1             @delay_ms1
0    108   0   3             @I2C_READ_1
0    118   0   1             @I2C_WRITE_1
0    168   0   1   580  3.2  glcd_init
0    184   0   7   609  5.4  glcd_update
0    188   0   9   466  7.8  glcd_pixel
0     90   0  10   317  4.7  glcd_fillScreen
0     54   0   2   257  2.8  glcd_writeByte
0    286   0   0             @const99
0    250   0   0             @const102
0    318   0  17  1475  8.8  glcd_line
0    194   0   6  1036  5.8  glcd_rect
0    554   1  12  1822  8.6  glcd_circle
0     78   0   2             @MUL88
0    440   0  20  1550 11.2  glcd_text57
0   1052   1   0             @const178
0    440   0  17  1550  5.0  displayTemperatura
0     32   0   1             @SPRINTF
0    190   0   9             @PRINTF_LU_315
0    416   0  10  1188  5.1  displayTemps
0     44   0   3             @DIV88
0    134   0   2             @PRINTF_U_315
0     32   0   0             @const371
0    120   0  18   330  3.4  displayTT
0    246   0  11             @MULFF
0     68   0   5             @FTOSD
0    128   0  13             @DIV3232
0    436   0  13             @PRINTF_L32D_315FPFPF
0    120   0  18   330  3.4  displayT
0    182   0  15   603  4.5  displayContrasena
0    224   0   6             @PRINTF_D_315
0    250   0   8   868  5.1  displayMenu
0    456   0  16  1620  5.0  displayTiempo
0    176   0   6   483  7.8  glcd_imagen
0     34   0   5             @MUL1616
0     84   0   1   255  3.7  CuadroCalentando
0     84   0   1   255  3.7  CuadroEsterilizando
0     84   0   1   255  3.7  CuadroDesfogando
0     30   0   0    59  1.6  BorraStatus
0    320   0   2  1018  2.9  MuestraTiemposProgramados
0    110   0   2   142  3.9  ActualizaRecta
0    632   1  16             @ADDFF
0     88   0   5   100  2.1  sensores
0     54   0   2             @ITOF
0    944   1   5   715  7.7  LeerPT100
0    350   0  14             @DIVFF
0    502   0   5   561  7.5  Leer_Sensor_Presion_Camara
0    122   0  10             @FLT
0    502   0   5   561  7.5  Leer_Sensor_Presion_PreCamara
0   1432   1   4  1207  7.2  Controla
0     60   0   4             @SFTOI
0     90   0   3   100  1.8  Envio_I2C
 Inline        4   188  3.5  Lectura_I2C
0    286   0   4   819  4.8  Carga_Vector
0   1200   1   2  2679  7.3  Lee_Vector
0     44   0   0             @const486
0     44   0   0             @const487
0     64   0   1   153  3.9  Envio_Esclavos
0    202   0   2   211  4.1  Lectura_Esclavos
0   1554   1   4  2636  3.9  LeeEEPROM
0   2354   2   0  5697  5.0  LimitaValores
0   1798   2   9  7584 10.6  PidePassword
0     36   0   0             @const500
0     40   0   0             @const502
0     42   0   0             @const504
0    104   0   0   297  5.0  temp0s
0    306   0   0  1857  7.4  temp1s
0  29160  27   4140248 13.5  MAIN
0     42   0   0             @const510
0     50   0   0             @const511
0     44   0   0             @const512
0     42   0   0             @const513
0     42   0   0             @const516
0     42   0   0             @const517
0     46   0   0             @const518
0     38   0   0             @const519
0     40   0   0             @const521
0     50   0   0             @const523
0     52   0   0             @const525
0     44   0   0             @const527
0     44   0   0             @const529
0     44   0   0             @const531
0     42   0   0             @const533
0     48   0   0             @const540
0     52   0   0             @const541
0     46   0   0             @const542
0     52   0   0             @const546
0     46   0   0             @const547
0     42   0   0             @const548
0     40   0   0             @const553
0     52   0   0             @const556
0     46   0   0             @const557
0     52   0   0             @const558
0     48   0   0             @const559
0     40   0   0             @const561
0     42   0   0             @const563
0     48   0   0             @const565
0     40   0   0             @const567
0     42   0   0             @const574
0     42   0   0             @const575
0     34   0   0             @const576
0     34   0   0             @const577
0     38   0   0             @const581
0     34   0   0             @const587
0     42   0   0             @const593
0     42   0   0             @const599
0     44   0   0             @const605
0     42   0   0             @const611
0     44   0   0             @const617
0     38   0   0             @const623
0     40   0   0             @const624
0     38   0   0             @const626
0     40   0   0             @const629
0     42   0   0             @const630
0     38   0   0             @const631
0     38   0   0             @const632
0     32   0   0             @const633
0     34   0   0             @const635
0     34   0   0             @const636
0     48   0   0             @const642
0     46   0   0             @const643
0     42   0   0             @const644
0     42   0   0             @const645
0     42   0   0             @const646
0     42   0   0             @const647
0     40   0   0             @const648
0     48   0   0             @const650
0     46   0   0             @const651
0     38   0   0             @const653
0     44   0   0             @const655
0     44   0   0             @const661
0     40   0   0             @const663
0     42   0   0             @const665
0     38   0   0             @const667
0     40   0   0             @const669
0     40   0   0             @const671
0     42   0   0             @const673
0     44   0   0             @const675
0     44   0   0             @const677
0     44   0   0             @const679
0     44   0   0             @const681
0     44   0   0             @const683
0     32   0   0             @const684
0     32   0   0             @const685
0     32   0   0             @const686
0     38   0   0             @const688
0     38   0   0             @const689
0     36   0   0             @const690
0     40   0   0             @const691
0     34   0   0             @const692
0     38   0   0             @const693
0     40   0   0             @const694
0     38   0   0             @const695

Program metrics:
    Functions               40
    Statements              3135
    Comments                738
    Volume (V)              227900
    Difficilty (D)          221.6
    Effort to implement (E) 50494015
    Time to implement (T)   779 hours, 14 minutes
    Est Delivered Bugs (B)  46
    Cyclomatic Complexity   489
    Maintainability (MI)    71

 Segment     Used  Free
-----------  ----  ----
00000-00002     4  0  
00004-00006     0  4  
00008-000A8   162  0  
000AA-0FFFE  54122  11244  
10000-17FFE     0  32768  



