
ROM used: 28000 (85%)
          28000 (85%) including unused fragments

          5 Average locations per line
          13 Average locations per statement

RAM used: 1345 (66%) at main() level
          1401 (68%) worst case

Stack used: 7 worst case (out of 31 total available)

Lines Stmts  %   Files
----- ----- ---  -----
 1703  1508  71  GLCD_Controller.c
  451     0   0  ..\..\..\..\..\..\..\Program Files\PICC\devices\18F4550.h
   37     0   0  stdio.h
  409     0   0  string.h
   28     0   0  stddef.h
   28     0   0  ctype.h
 1273   359  17  stdlib.h
  354    78   4  HDM64GS12.c
  556   167   8  GRAPHICS.c
  337     0   0  imagen.h
----- -----
 5176  2112 Total

Page ROM  %  RAM   Vol Diff  Functions:
---- --- --- ---   --- ----  ----------
0     42   0   1             @delay_ms1
0     10   0   0             @PUTCHARI_BIU_1
0    120   0   5   231  6.6  strcmp
0     78   0   2             @MUL88
0    248   0  11             @MULFF
0     54   0   2             @ITOF
0    632   1  16             @ADDFF
0    352   1  14             @DIVFF
0    170   0   1   580  3.2  glcd_init
0    184   0   7   609  5.4  glcd_update
0    188   0   9   466  7.8  glcd_pixel
0     90   0  10   317  4.7  glcd_fillScreen
0     66   0   2   257  2.8  glcd_writeByte
0    282   1   0             @const366
0    246   0   0             @const369
0    318   1  17  1475  8.8  glcd_line
0    194   0   6  1036  5.8  glcd_rect
0    554   1  12  1822  8.6  glcd_circle
0    440   1  20  1550 11.2  glcd_text57
0   1048   2   0             @const451
0    250   0   8   868  5.1  displayMenu
0    336   1  16  1180  5.1  displayTiempo
0     32   0   1             @SPRINTF
0     44   0   3             @DIV88
0    134   0   2             @PRINTF_U_564
0    236   0   3   620  7.2  rda_isr
0    132   0   1   777  4.4  EnviarCodigo
0    208   0   4   546  3.8  Determina
0    174   0   6   483  7.8  glcd_imagen
0     36   0   5             @MUL1616
0    206   0   0  1458  5.4  temp1s
0     36   0   4   110  2.5  Limpia
0    122   0  18   330  3.4  displayT
0     68   0   5             @FTOSD
0    128   0  13             @DIV3232
0    436   1  13             @PRINTF_L32D_564FPFPF
0     86   0   5   100  2.1  sensores
0    320   1   2  1018  2.9  MuestraTiemposProgramados
0     28   0   0             @const608
0    182   0  15   603  4.5  displayContrasena
0    224   0   6             @PRINTF_D_564
0  16894  30   4 93111 12.5  MAIN
0     38   0   0             @const624
0     48   0   0             @const625
0     40   0   0             @const626
0     36   0   0             @const627
0     32   0   0             @const629
0     36   0   0             @const631
0     38   0   0             @const633
0     42   0   0             @const634
0     34   0   0             @const635
0     36   0   0             @const637
0     46   0   0             @const639
0     48   0   0             @const641
0     40   0   0             @const643
0     40   0   0             @const645
0     44   0   0             @const649
0     48   0   0             @const650
0     42   0   0             @const651
0     38   0   0             @const652
0     34   0   0             @const653
0     34   0   0             @const654
0     28   0   0             @const655
0     48   0   0             @const659
0     42   0   0             @const660
0     38   0   0             @const661
0     48   0   0             @const664
0     36   0   0             @const666
0     42   0   0             @const670
0     48   0   0             @const675
0     44   0   0             @const676
0     36   0   0             @const678
0     38   0   0             @const680
0     44   0   0             @const682
0     36   0   0             @const684
0     38   0   0             @const691
0     36   0   0             @const692
0     34   0   0             @const694
0     36   0   0             @const697
0     30   0   0             @const703
0     30   0   0             @const704
0     40   0   0             @const711
0     38   0   0             @const712
0     38   0   0             @const713
0     36   0   0             @const714
0     38   0   0             @const715
0     42   0   0             @const716
0     34   0   0             @const717
0     42   0   0             @const718
0     60   0   4             @SFTOI
0    124   0  10             @FLT
0     44   0   0             @const727
0     38   0   0             @const728
0     38   0   0             @const729
0     38   0   0             @const730
0     38   0   0             @const731

Program metrics:
    Functions               23
    Statements              2112
    Comments                1249
    Volume (V)              129448
    Difficilty (D)          130.9
    Effort to implement (E) 16940076
    Time to implement (T)   261 hours, 25 minutes
    Est Delivered Bugs (B)  22
    Cyclomatic Complexity   268
    Maintainability (MI)    5

 Segment     Used  Free
-----------  ----  ----
00000-00002     4  0  
00004-00006     0  4  
00008-000A0   154  0  
000A2-07FFE  27842  4764  



