
ROM used: 44902 (46%)
          44902 (46%) including unused fragments

          8 Average locations per line
          13 Average locations per statement

RAM used: 1018 (31%) at main() level
          1057 (32%) worst case

Stack used: 5 worst case (out of 31 total available)

Lines Stmts  %   Files
----- ----- ---  -----
 2861  2496  71  GLCD_Controller.c
  461     0   0  C:\Program Files (x86)\PICC\Devices\18F4685.h
   37     0   0  stdio.h
  409     0   0  string.h
   28     0   0  stddef.h
   28     0   0  ctype.h
 1273   359  10  stdlib.h
  143    53   2  DS1302.c
  733   607  17  Funciones.h
----- -----
 5973  3515 Total

Page ROM  %  RAM   Vol Diff  Functions:
---- --- --- ---   --- ----  ----------
0     40   0   1             @delay_ms1
0    108   0   3             @I2C_READ_1
0    118   0   1             @I2C_WRITE_1
0      8   0   0             @PUTCHARI_BIU_1
0     78   0   2             @MUL88
0    246   0  11             @MULFF
0     54   0   2             @ITOF
0    628   1  16             @ADDFF
0    382   0  14             @DIVFF
0     72   0   5             @DIV1616
0     44   0   2   199  4.3  write_ds1302_byte
0     22   0   2    94  1.8  write_ds1302
0     86   0   3   401  4.9  read_ds1302
0     82   0   2   247  3.7  rtc_init
0     48   0   4   160  5.0  get_bcd
0     54   0   3             @DIV88
0     50   0   3   160  4.2  rm_bcd
0    188   0   7   402  2.2  rtc_set_datetime
 Inline        5   238  3.1  rtc_get_date
 Inline        4   170  3.0  rtc_get_time
0     44   0   0   749  2.4  BorraBuffer
0     54   0   0   134  1.3  SendDataDisplay
0     84   0   3   111  3.8  esBisiesto
0    148   0   1   750  4.8  LimitaDia
0    110   0   2   142  3.9  ActualizaRecta
0     90   0   5   100  2.1  sensores
0   1262   1   5   904  7.8  LeerPT100
0     34   0   5             @MUL1616
0    578   1   5   533  7.4  Leer_Sensor_Presion_Camara
0     80   0   2             @SITOF
0    170   0  10             @FLT
0    578   1   5   533  7.4  Leer_Sensor_Presion_PreCamara
0   1452   2   4  1207  7.2  Controla
0     60   0   4             @SFTOI
0     90   0   3   100  1.8  Envio_I2C
 Inline        4   188  3.5  Lectura_I2C
0    318   0   4  1238  4.7  Carga_Vector
0      4   0   0     5  1.0  Lee_Vector
0     64   0   1   153  3.9  Envio_Esclavos
0    206   0   2   211  4.1  Lectura_Esclavos
0   2002   2   4  3140  3.9  LeeEEPROM
0   2592   3   0  6363  6.4  LimitaValores
0    312   0   0  2594  5.9  LeeDisplay
0    118   0  11  1137  3.9  ConfiguraCiclo
0    208   0   1  1166  6.3  ActivaAlarma
0     38   0   0   117  3.3  CalientaChaqueta
0     32   0   0   200  2.3  ApagaSalidas
0    110   0   2   644  5.8  serial_rx_isr
0     88   0   0   297  5.0  temp0s
0    426   0   0  2501  7.9  temp1s
0  23684  26   4127109 14.5  MAIN
0     16   0   0             @const658
0     42   0   3             @PSTRINGC_9600_31766_31767
0      8   0   0             @const660
0     12   0   0             @const661
0     16   0   0             @const662
0      8   0   0             @const663
0     12   0   0             @const664
0     12   0   0             @const665
0     50   0   4             @PSTRINGCN_9600_31766_31767
0    128   0   2             @PRINTF_U_9600_31766_31767
0     10   0   0             @const671
0     14   0   0             @const672
0     10   0   0             @const673
0     16   0   0             @const674
0     10   0   0             @const675
0     18   0   0             @const676
0     10   0   0             @const677
0     10   0   0             @const678
0     20   0   0             @const679
0     12   0   0             @const680
0     12   0   0             @const681
0     20   0   0             @const682
0     12   0   0             @const683
0     26   0   0             @const684
0     20   0   0             @const685
0     26   0   0             @const686
0     20   0   0             @const687
0     20   0   0             @const688
0     26   0   0             @const689
0     10   0   0             @const690
0     26   0   0             @const691
0     10   0   0             @const692
0     28   0   0             @const693
0     10   0   0             @const694
0     32   0   0             @const695
0     20   0   0             @const696
0     12   0   0             @const697
0     12   0   0             @const698
0     20   0   0             @const699
0     12   0   0             @const700
0     26   0   0             @const701
0     20   0   0             @const702
0     26   0   0             @const703
0     20   0   0             @const704
0     54   0   0             @const705
0     12   0   0             @const706
0     12   0   0             @const707
0     12   0   0             @const708
0     10   0   0             @const709
0     20   0   0             @const710
0     12   0   0             @const711
0     12   0   0             @const712
0     20   0   0             @const713
0     20   0   0             @const714
0     12   0   0             @const715
0     20   0   0             @const716
0     12   0   0             @const717
0     18   0   0             @const718
0     16   0   0             @const719
0     16   0   0             @const720
0     34   0   0             @const721
0     10   0   0             @const722
0     10   0   0             @const723
0     10   0   0             @const724
0     12   0   0             @const725
0     12   0   0             @const726
0     12   0   0             @const727
0     30   0   0             @const728
0     10   0   0             @const729
0     10   0   0             @const730
0     10   0   0             @const731
0     12   0   0             @const732
0     12   0   0             @const733
0     12   0   0             @const734
0     26   0   0             @const735
0     10   0   0             @const736
0     10   0   0             @const737
0     10   0   0             @const738
0     12   0   0             @const739
0     12   0   0             @const740
0     12   0   0             @const741
0     30   0   0             @const742
0     10   0   0             @const743
0     10   0   0             @const744
0     10   0   0             @const745
0     12   0   0             @const746
0     12   0   0             @const747
0     12   0   0             @const748
0     20   0   0             @const749
0     10   0   0             @const750
0     10   0   0             @const751
0     10   0   0             @const752
0     12   0   0             @const753
0     12   0   0             @const754
0     12   0   0             @const755
0     24   0   0             @const756
0     10   0   0             @const757
0     10   0   0             @const758
0     10   0   0             @const759
0     12   0   0             @const760
0     12   0   0             @const761
0     12   0   0             @const762
0     24   0   0             @const763
0     10   0   0             @const764
0     10   0   0             @const765
0     10   0   0             @const766
0     12   0   0             @const767
0     12   0   0             @const768
0     12   0   0             @const769
0     26   0   0             @const770
0     10   0   0             @const771
0     10   0   0             @const772
0     10   0   0             @const773
0     12   0   0             @const774
0     12   0   0             @const775
0     12   0   0             @const776
0     22   0   0             @const777
0     26   0   0             @const778
0     10   0   0             @const779
0     10   0   0             @const780
0     10   0   0             @const781
0     12   0   0             @const782
0     12   0   0             @const783
0     12   0   0             @const784
0     28   0   0             @const785
0     10   0   0             @const786
0     10   0   0             @const787
0     10   0   0             @const788
0     12   0   0             @const789
0     12   0   0             @const790
0     12   0   0             @const791
0     28   0   0             @const792
0     10   0   0             @const793
0     10   0   0             @const794
0     10   0   0             @const795
0     12   0   0             @const796
0     12   0   0             @const797
0     12   0   0             @const798
0     26   0   0             @const799
0     10   0   0             @const800
0     10   0   0             @const801
0     10   0   0             @const802
0     12   0   0             @const803
0     12   0   0             @const804
0     12   0   0             @const805
0     24   0   0             @const806
0     10   0   0             @const807
0     10   0   0             @const808
0     10   0   0             @const809
0     12   0   0             @const810
0     12   0   0             @const811
0     12   0   0             @const812
0     32   0   0             @const813
0     20   0   0             @const814
0     12   0   0             @const815
0     54   0   0             @const816
0     20   0   0             @const817
0     18   0   0             @const818
0     14   0   0             @const819
0     14   0   0             @const820
0     18   0   0             @const821
0     20   0   0             @const822
0     20   0   0             @const823
0     54   0   0             @const824
0     20   0   0             @const825
0     14   0   0             @const826
0     18   0   0             @const827
0     18   0   0             @const828
0     14   0   0             @const829
0     20   0   0             @const830
0     20   0   0             @const831
0     54   0   0             @const832
0     20   0   0             @const833
0     20   0   0             @const834
0     54   0   0             @const835
0     20   0   0             @const836
0     20   0   0             @const837
0     18   0   0             @const838
0    170   0   9             @PRINTF_LU_9600_31766_31767
0     12   0   0             @const841
0     14   0   0             @const842
0     12   0   0             @const843
0     14   0   0             @const844
0     12   0   0             @const845
0     14   0   0             @const846
0     12   0   0             @const847
0     14   0   0             @const848
0     12   0   0             @const849
0     14   0   0             @const850
0     12   0   0             @const851
0     14   0   0             @const852
0     12   0   0             @const853
0     14   0   0             @const854
0     14   0   0             @const855
0     14   0   0             @const856
0     14   0   0             @const857
0     14   0   0             @const858
0     14   0   0             @const859
0     14   0   0             @const860
0     14   0   0             @const861
0     14   0   0             @const862
0     14   0   0             @const863
0     14   0   0             @const864
0     16   0   0             @const865
0     68   0   5             @FTOSD
0    128   0  13             @DIV3232
0    468   1  13             @PRINTF_L32D_9600_31766_31767FPFPF
0     16   0   0             @const874
0     16   0   0             @const875
0     20   0   0             @const876
0     16   0   0             @const877
0     16   0   0             @const878
0     16   0   0             @const879
0     12   0   0             @const880
0     16   0   0             @const881
0     12   0   0             @const882
0     16   0   0             @const883
0     12   0   0             @const884
0     20   0   0             @const885
0     16   0   0             @const886
0     16   0   0             @const887
0     12   0   0             @const888
0     16   0   0             @const889
0     16   0   0             @const890
0     16   0   0             @const891
0     12   0   0             @const892
0     16   0   0             @const893
0     12   0   0             @const894
0     20   0   0             @const895
0     16   0   0             @const896
0     16   0   0             @const897
0     12   0   0             @const898
0     16   0   0             @const899
0     12   0   0             @const900
0     16   0   0             @const901
0     16   0   0             @const902
0     16   0   0             @const903
0     12   0   0             @const904
0     20   0   0             @const905
0     16   0   0             @const906
0     16   0   0             @const907
0     12   0   0             @const908
0     16   0   0             @const909
0     12   0   0             @const910
0     16   0   0             @const911
0     12   0   0             @const912
0     16   0   0             @const913
0     16   0   0             @const914
0     20   0   0             @const915
0     16   0   0             @const916
0     16   0   0             @const917
0     12   0   0             @const918
0     16   0   0             @const919
0     12   0   0             @const920
0     16   0   0             @const921
0     12   0   0             @const922
0     16   0   0             @const923
0     12   0   0             @const924
0     20   0   0             @const925
0     20   0   0             @const926
0     20   0   0             @const927
0     18   0   0             @const928
0     20   0   0             @const929
0     16   0   0             @const930
0     16   0   0             @const931
0     18   0   0             @const932
0     12   0   0             @const933
0     20   0   0             @const934
0     12   0   0             @const935
0     24   0   0             @const936
0     12   0   0             @const937
0     22   0   0             @const938
0     12   0   0             @const939
0     22   0   0             @const940
0     12   0   0             @const941
0     16   0   0             @const942
0     48   0   0             @const943
0     36   0   0             @const944
0     42   0   0             @const945
0     34   0   0             @const946
0     42   0   0             @const947
0     36   0   0             @const948
0     38   0   0             @const949
0     36   0   0             @const950
0     44   0   0             @const951
0     36   0   0             @const952
0     44   0   0             @const953
0     36   0   0             @const954
0     40   0   0             @const955
0     36   0   0             @const956
0     34   0   0             @const957
0     36   0   0             @const958
0     34   0   0             @const959
0     38   0   0             @const960
0     34   0   0             @const961
0     38   0   0             @const962
0     34   0   0             @const963
0     42   0   0             @const964
0     34   0   0             @const965
0     38   0   0             @const966
0     34   0   0             @const967
0     34   0   0             @const968
0     34   0   0             @const969
0     42   0   0             @const970
0     34   0   0             @const971
0     40   0   0             @const972
0     16   0   0             @const973
0     16   0   0             @const974
0     34   0   0             @const975
0     36   0   0             @const976
0     30   0   0             @const977
0     32   0   0             @const978
0     32   0   0             @const979
0     32   0   0             @const980
0     32   0   0             @const981
0     54   0   0             @const982
0     14   0   0             @const983
0     30   0   0             @const984
0     16   0   0             @const985
0     28   0   0             @const986
0     14   0   0             @const987
0     26   0   0             @const988
0     14   0   0             @const989
0     24   0   0             @const990
0     16   0   0             @const991
0     26   0   0             @const992
0     14   0   0             @const993
0     26   0   0             @const994
0     14   0   0             @const995
0     24   0   0             @const996
0     14   0   0             @const997
0     26   0   0             @const998
0     16   0   0             @const999
0     26   0   0             @const1000
0     16   0   0             @const1001
0     24   0   0             @const1002
0     16   0   0             @const1003
0     20   0   0             @const1004
0     54   0   0             @const1005

Program metrics:
    Functions               36
    Statements              3515
    Comments                1029
    Volume (V)              185794
    Difficilty (D)          162.2
    Effort to implement (E) 30143191
    Time to implement (T)   465 hours, 10 minutes
    Est Delivered Bugs (B)  32
    Cyclomatic Complexity   573
    Maintainability (MI)    94

 Segment     Used  Free
-----------  ----  ----
00000-00002     4  0  
00004-00006     4  0  
00008-0014E   328  0  
00150-0FFFE  44566  20634  
10000-17FFE     0  32768  



