
ROM used: 27626 (84%)
          27626 (84%) including unused fragments

          8 Average locations per line
          16 Average locations per statement

RAM used: 1508 (74%) at main() level
          1561 (76%) worst case

Stack used: 6 worst case (out of 31 total available)

Lines Stmts  %   Files
----- ----- ---  -----
 1654  1480  86  GLCD_Controller.c
  451     0   0  C:\Program Files (x86)\PICC\Devices\18F4550.h
  354    78   5  HDM64GS12.c
  556   167  10  GRAPHICS.c
  337     0   0  imagen.h
----- -----
 3352  1725 Total

Page ROM  %  RAM   Vol Diff  Functions:
---- --- --- ---   --- ----  ----------
0     42   0   1             @delay_ms1
0    108   0   3             @I2C_READ_1
0    118   0   1             @I2C_WRITE_1
0    170   0   1   580  3.2  glcd_init
0    184   0   7   609  5.4  glcd_update
0    188   0   9   466  7.8  glcd_pixel
0     90   0  10   317  4.7  glcd_fillScreen
0     64   0   2   257  2.8  glcd_writeByte
0    282   1   0             @const99
0    246   0   0             @const102
0    358   1  17  1475  8.8  glcd_line
0    194   0   6  1036  5.8  glcd_rect
0    578   1  12  1822  8.6  glcd_circle
0     78   0   2             @MUL88
0    458   1  20  1550 11.2  glcd_text57
0   1048   2   0             @const190
0    250   0   8   868  5.1  displayMenu
0    336   1  16  1180  5.1  displayTiempo
0     32   0   1             @SPRINTF
0     44   0   3             @DIV88
0    134   0   2             @PRINTF_U_312
0    178   0   6   483  7.8  glcd_imagen
0     36   0   5             @MUL1616
0    206   0   0  1458  5.4  temp1s
0     36   0   4   110  2.5  Limpia
0    122   0  18   330  3.4  displayT
0    300   1  11             @MULFF
0     74   0   5             @FTOSD
0    132   0  13             @DIV3232
0    438   1  13             @PRINTF_L32D_312FPFPF
0    320   1   2  1018  2.9  MuestraTiemposProgramados
0     28   0   0             @const353
0    182   0  15   603  4.5  displayContrasena
0    224   0   6             @PRINTF_D_312
0     90   0   3   100  1.8  Envio_I2C
 Inline        4   188  3.5  Lectura_I2C
0     56   0   0   409  2.4  Carga_Vector
0    182   0   4   417  3.4  Lee_Vector
0     54   0   2             @ITOF
0    352   1  14             @DIVFF
0    632   1  16             @ADDFF
0     64   0   1   153  3.9  Envio_Esclavos
0    202   0   2   211  4.1  Lectura_Esclavos
0  16394  30   4 92522 12.0  MAIN
0     38   0   0             @const387
0     46   0   0             @const388
0     40   0   0             @const389
0     32   0   0             @const390
0     36   0   0             @const392
0     38   0   0             @const394
0     42   0   0             @const395
0     34   0   0             @const396
0     36   0   0             @const398
0     46   0   0             @const400
0     48   0   0             @const402
0     40   0   0             @const404
0     40   0   0             @const406
0     44   0   0             @const410
0     48   0   0             @const411
0     42   0   0             @const412
0     38   0   0             @const413
0     34   0   0             @const414
0     34   0   0             @const415
0     28   0   0             @const416
0     48   0   0             @const420
0     42   0   0             @const421
0     38   0   0             @const422
0     48   0   0             @const425
0     36   0   0             @const427
0     42   0   0             @const431
0     48   0   0             @const436
0     44   0   0             @const437
0     36   0   0             @const439
0     38   0   0             @const441
0     44   0   0             @const443
0     36   0   0             @const445
0     38   0   0             @const452
0     36   0   0             @const453
0     34   0   0             @const455
0     36   0   0             @const458
0     30   0   0             @const464
0     30   0   0             @const465
0     40   0   0             @const472
0     38   0   0             @const473
0     38   0   0             @const474
0     36   0   0             @const475
0     38   0   0             @const476
0     42   0   0             @const477
0     34   0   0             @const478
0     42   0   0             @const479
0     60   0   4             @SFTOI
0    124   0  10             @FLT
0     44   0   0             @const488
0     38   0   0             @const489
0     38   0   0             @const490
0     38   0   0             @const491
0     38   0   0             @const492

Program metrics:
    Functions               24
    Statements              1725
    Comments                647
    Volume (V)              127413
    Difficilty (D)          125.5
    Effort to implement (E) 15984321
    Time to implement (T)   246 hours, 40 minutes
    Est Delivered Bugs (B)  21
    Cyclomatic Complexity   263
    Maintainability (MI)    104

 Segment     Used  Free
-----------  ----  ----
00000-00002     4  0  
00004-00006     0  4  
00008-00094   142  0  
00096-07FFE  27480  5138  



