
ROM used: 58870 (60%)
          58870 (60%) including unused fragments

          9 Average locations per line
          15 Average locations per statement

RAM used: 1151 (35%) at main() level
          1179 (35%) worst case

Stack used: 5 worst case (out of 31 total available)

Lines Stmts  %   Files
----- ----- ---  -----
 3032  2522  64  GLCD_Controller.c
  461     0   0  C:\Program Files (x86)\PICC\Devices\18F4685.h
   37     0   0  stdio.h
  409     0   0  string.h
   28     0   0  stddef.h
   28     0   0  ctype.h
 1273   359   9  stdlib.h
   73    22   1  24512.c
 1208  1019  26  Funciones.h
----- -----
 6549  3922 Total

Page ROM  %  RAM   Vol Diff  Functions:
---- --- --- ---   --- ----  ----------
0     40   0   1             @delay_ms1
0    106   0   3             @I2C_READ_1
0    118   0   1             @I2C_WRITE_1
0      8   0   0             @PUTCHARI_BIU_1
0     78   0   2             @MUL88
0    246   0  11             @MULFF
0     54   0   2             @ITOF
0    632   1  16             @ADDFF
0    350   0  14             @DIVFF
0     70   0   5             @DIV1616
0    258   0   6   290  3.0  write_ext_eeprom
0    178   0   5   262  1.2  read_ext_eeprom
0    166   0   0             @const566
0     70   0   5    64  2.4  inttofloat
0     44   0   0   749  2.4  BorraBuffer
0     54   0   0   134  1.3  SendDataDisplay
0     86   0   3   111  3.8  esBisiesto
0     44   0   3             @DIV88
0    148   0   1   750  4.8  LimitaDia
0    110   0   2   142  3.9  ActualizaRecta
0     88   0   5   100  2.1  sensores
0   1094   1  13   912  8.4  LeerPT100
0     34   0   5             @MUL1616
0    508   0   5   517  7.0  Leer_Sensor_Presion_Camara
0    122   0  10             @FLT
0    512   0   5   517  7.0  Leer_Sensor_Presion_PreCamara
0   1430   1   4  1206  7.2  Controla
0     60   0   4             @SFTOI
0    104   0   5   174  1.8  Envio_I2C
0    330   0   4  1416  4.7  Carga_Vector
0     38   0   0   270  3.2  Lee_Vector
0     68   0   1   153  3.9  Envio_Esclavos
0    202   0   2   364  4.2  Lectura_Esclavos
0   3562   3   4  6117  7.9  LeeEEPROM
0   2814   2   0  6842  6.4  LimitaValores
0    400   0   0  3368  5.9  LeeDisplay
0    214   0   1  1166  6.3  ActivaAlarma
0     86   0   0    66  1.8  CalientaChaqueta
0     30   0   0   188  2.3  ApagaSalidas
0     48   0   3   162  4.3  extraeDecima
0    202   0  16   156  3.5  extraeDecimal
0   1666   1   9  2796  6.4  actualizaTabla
0    510   0   7   766  5.8  GuardaDatoEstatico
0   1120   1   7  1656  6.4  GuardaDatoCiclo
0   1360   1   6  2127  5.9  borraDatoCiclo
0    140   0   0   250  3.7  incrementaCiclos
0    932   1   5  2056  4.9  exportarData
0   1478   1   1  2630  4.4  codificaAlarma
0     16   0   0             @const676
0    126   0   2             @PRINTF_U_9600_31766_31767
0     50   0   4             @PSTRINGCN_9600_31766_31767
0     18   0   0             @const682
0     20   0   0             @const683
0     22   0   0             @const684
0     18   0   0             @const685
0     18   0   0             @const686
0     18   0   0             @const687
0     20   0   0             @const688
0     18   0   0             @const689
0     20   0   0             @const690
0     20   0   0             @const691
0     16   0   0             @const692
0     16   0   0             @const693
0     18   0   0             @const694
0     22   0   0             @const695
0     18   0   0             @const696
0     24   0   0             @const697
0     20   0   0             @const698
0     68   0   0   338  4.2  enciendeBombaAgua
0     26   0   0   132  2.2  apagaBombaAgua
0    192   0  11  1538  4.9  ConfiguraCiclo
0    110   0   2   644  5.8  serial_rx_isr
0     88   0   0   282  5.0  temp0s
0    502   0   0  2887  7.9  temp1s
0  28786  24  11142951 15.5  MAIN
0     16   0   0             @const718
0     42   0   3             @PSTRINGC_9600_31766_31767
0      8   0   0             @const720
0     12   0   0             @const721
0     16   0   0             @const722
0      8   0   0             @const723
0     12   0   0             @const724
0     12   0   0             @const725
0     10   0   0             @const726
0     14   0   0             @const727
0     10   0   0             @const728
0     16   0   0             @const729
0     10   0   0             @const730
0     18   0   0             @const731
0     10   0   0             @const732
0     10   0   0             @const733
0     20   0   0             @const734
0     14   0   0             @const735
0     12   0   0             @const736
0     20   0   0             @const737
0     12   0   0             @const738
0     26   0   0             @const739
0     20   0   0             @const740
0     26   0   0             @const741
0     20   0   0             @const742
0     20   0   0             @const743
0     26   0   0             @const744
0     10   0   0             @const745
0     26   0   0             @const746
0     10   0   0             @const747
0     28   0   0             @const748
0     10   0   0             @const749
0     32   0   0             @const750
0     20   0   0             @const751
0     14   0   0             @const752
0     12   0   0             @const753
0     20   0   0             @const754
0     12   0   0             @const755
0     26   0   0             @const756
0     20   0   0             @const757
0     26   0   0             @const758
0     20   0   0             @const759
0     66   0   0             @const760
0     68   0   5             @FTOSD
0    128   0  13             @DIV3232
0    420   0  13             @PRINTF_L32D_9600_31766_31767FPFPF
0     12   0   0             @const769
0     12   0   0             @const770
0     12   0   0             @const771
0     12   0   0             @const772
0     10   0   0             @const773
0     18   0   0             @const774
0     12   0   0             @const775
0     12   0   0             @const776
0     20   0   0             @const777
0     20   0   0             @const778
0     10   0   0             @const779
0     10   0   0             @const780
0     10   0   0             @const781
0     12   0   0             @const782
0     12   0   0             @const783
0     12   0   0             @const784
0     16   0   0             @const785
0     10   0   0             @const786
0     10   0   0             @const787
0     10   0   0             @const788
0     12   0   0             @const789
0     12   0   0             @const790
0     12   0   0             @const791
0     16   0   0             @const792
0     10   0   0             @const793
0     10   0   0             @const794
0     10   0   0             @const795
0     12   0   0             @const796
0     12   0   0             @const797
0     12   0   0             @const798
0     16   0   0             @const799
0     34   0   0             @const800
0     12   0   0             @const801
0     66   0   0             @const802
0     18   0   0             @const803
0     18   0   0             @const804
0     14   0   0             @const805
0     14   0   0             @const806
0     18   0   0             @const807
0     20   0   0             @const808
0     20   0   0             @const809
0     66   0   0             @const810
0     18   0   0             @const811
0     14   0   0             @const812
0     18   0   0             @const813
0     18   0   0             @const814
0     14   0   0             @const815
0     20   0   0             @const816
0     20   0   0             @const817
0     54   0   0             @const818
0     18   0   0             @const819
0     20   0   0             @const820
0     66   0   0             @const821
0     18   0   0             @const822
0     20   0   0             @const823
0     18   0   0             @const824
0    170   0   9             @PRINTF_LU_9600_31766_31767
0     12   0   0             @const827
0     14   0   0             @const828
0     12   0   0             @const829
0     14   0   0             @const830
0     12   0   0             @const831
0     14   0   0             @const832
0     12   0   0             @const833
0     14   0   0             @const834
0     12   0   0             @const835
0     14   0   0             @const836
0     12   0   0             @const837
0     14   0   0             @const838
0     12   0   0             @const839
0     14   0   0             @const840
0     14   0   0             @const841
0     14   0   0             @const842
0     14   0   0             @const843
0     14   0   0             @const844
0     14   0   0             @const845
0     14   0   0             @const846
0     14   0   0             @const847
0     14   0   0             @const848
0     14   0   0             @const849
0     14   0   0             @const850
0     22   0   0             @const851
0     22   0   0             @const852
0     26   0   0             @const853
0     26   0   0             @const854
0     20   0   0             @const855
0     20   0   0             @const856
0     20   0   0             @const857
0     18   0   0             @const858
0     20   0   0             @const859
0     16   0   0             @const860
0     16   0   0             @const861
0     18   0   0             @const862
0     66   0   0             @const863
0     24   0   0             @const864
0     14   0   0             @const865
0     22   0   0             @const866
0     22   0   0             @const867
0     18   0   0             @const868
0     22   0   0             @const869
0     14   0   0             @const870
0     18   0   0             @const871
0     18   0   0             @const872
0     18   0   0             @const873
0     24   0   0             @const874
0     14   0   0             @const875
0     22   0   0             @const876
0     22   0   0             @const877
0     18   0   0             @const878
0     20   0   0             @const879
0     18   0   0             @const880
0     16   0   0             @const881
0     16   0   0             @const882
0     12   0   0             @const883
0     20   0   0             @const884
0     20   0   0             @const885
0     10   0   0             @const886
0     10   0   0             @const887
0     10   0   0             @const888
0     10   0   0             @const889
0     24   0   0             @const890
0     28   0   0             @const891
0     18   0   0             @const892
0     20   0   0             @const893
0     18   0   0             @const894
0     30   0   0             @const895
0     18   0   0             @const896
0     20   0   0             @const897
0     22   0   0             @const898
0     20   0   0             @const899
0     12   0   0             @const900
0     14   0   0             @const901
0     14   0   0             @const902
0     14   0   0             @const903
0     24   0   0             @const904
0     48   0   0             @const905
0     36   0   0             @const906
0     52   0   0             @const907
0     34   0   0             @const908
0     54   0   0             @const909
0     34   0   0             @const910
0     42   0   0             @const911
0     36   0   0             @const912
0     38   0   0             @const913
0     36   0   0             @const914
0     44   0   0             @const915
0     36   0   0             @const916
0     44   0   0             @const917
0     36   0   0             @const918
0     40   0   0             @const919
0     36   0   0             @const920
0     38   0   0             @const921
0     36   0   0             @const922
0     44   0   0             @const923
0     42   0   0             @const924
0     34   0   0             @const925
0     42   0   0             @const926
0     34   0   0             @const927
0     38   0   0             @const928
0     44   0   0             @const929
0     38   0   0             @const930
0     34   0   0             @const931
0     42   0   0             @const932
0     44   0   0             @const933
0     38   0   0             @const934
0     34   0   0             @const935
0     34   0   0             @const936
0     34   0   0             @const937
0     42   0   0             @const938
0     34   0   0             @const939
0     40   0   0             @const940
0     16   0   0             @const941
0     18   0   0             @const942
0     34   0   0             @const943
0     34   0   0             @const944
0     30   0   0             @const945
0     32   0   0             @const946
0     32   0   0             @const947
0     32   0   0             @const948
0     32   0   0             @const949
0     54   0   0             @const950
0     30   0   0             @const951
0     16   0   0             @const952
0     28   0   0             @const953
0     14   0   0             @const954
0     26   0   0             @const955
0     14   0   0             @const956
0     24   0   0             @const957
0     16   0   0             @const958
0     26   0   0             @const959
0     14   0   0             @const960
0     26   0   0             @const961
0     14   0   0             @const962
0     24   0   0             @const963
0     14   0   0             @const964
0     26   0   0             @const965
0     16   0   0             @const966
0     26   0   0             @const967
0     16   0   0             @const968
0     24   0   0             @const969
0     16   0   0             @const970
0     30   0   0             @const971
0     16   0   0             @const972
0     20   0   0             @const973
0     54   0   0             @const974

Program metrics:
    Functions               40
    Statements              3922
    Comments                1139
    Volume (V)              233600
    Difficilty (D)          195.3
    Effort to implement (E) 45618470
    Time to implement (T)   703 hours, 59 minutes
    Est Delivered Bugs (B)  43
    Cyclomatic Complexity   669
    Maintainability (MI)    94

 Segment     Used  Free
-----------  ----  ----
00000-00002     4  0  
00004-00006     0  4  
00008-0014E   328  0  
00150-0FFFE  58538  6662  
10000-17FFE     0  32768  



