>>> Warning 202 "GLCD_Controller.c" Line 60(6,24): Variable never used:   RX_Buffer_Overflow
>>> Warning 202 "GLCD_Controller.c" Line 65(6,17): Variable never used:   TX_Rd_Index
>>> Warning 202 "GLCD_Controller.c" Line 75(6,17): Variable never used:   ByteConfig1
>>> Warning 202 "GLCD_Controller.c" Line 75(20,31): Variable never used:   ByteConfig2
>>> Warning 202 "GLCD_Controller.c" Line 75(34,45): Variable never used:   ByteConfig3
>>> Warning 202 "GLCD_Controller.c" Line 90(73,84): Variable never used:   disp_Guarda
>>> Warning 202 "GLCD_Controller.c" Line 106(14,16): Variable never used:   R2
>>> Warning 202 "GLCD_Controller.c" Line 106(22,24): Variable never used:   R3
>>> Warning 202 "GLCD_Controller.c" Line 106(29,31): Variable never used:   R4
>>> Warning 202 "GLCD_Controller.c" Line 106(37,39): Variable never used:   R5
>>> Warning 202 "GLCD_Controller.c" Line 106(44,46): Variable never used:   R6
>>> Warning 202 "GLCD_Controller.c" Line 109(57,58): Variable never used:   n
>>> Warning 202 "GLCD_Controller.c" Line 112(35,37): Variable never used:   Pc
>>> Warning 202 "GLCD_Controller.c" Line 112(42,44): Variable never used:   Pp
>>> Warning 202 "GLCD_Controller.c" Line 117(6,9): Variable never used:   kpa
>>> Warning 202 "GLCD_Controller.c" Line 118(7,13): Variable never used:   Flanco
>>> Warning 202 "GLCD_Controller.c" Line 118(16,23): Variable never used:   Flanco1
>>> Warning 202 "GLCD_Controller.c" Line 118(26,33): Variable never used:   Flanco2
>>> Warning 202 "GLCD_Controller.c" Line 118(36,42): Variable never used:   visual
>>> Warning 202 "GLCD_Controller.c" Line 119(28,45): Variable never used:   flagPersonalizado
>>> Warning 202 "GLCD_Controller.c" Line 121(37,43): Variable never used:   unidad
>>> Warning 202 "GLCD_Controller.c" Line 126(7,12): Variable never used:   passw
>>> Warning 202 "GLCD_Controller.c" Line 139(7,12): Variable never used:   Menus
      Memory usage:   ROM=46%      RAM=31% - 32%
      0 Errors,  23 Warnings.
