
ROM used: 59250 (60%)
          59250 (60%) including unused fragments

          9 Average locations per line
          15 Average locations per statement

RAM used: 1102 (33%) at main() level
          1130 (34%) worst case

Stack used: 5 worst case (out of 31 total available)

Lines Stmts  %   Files
----- ----- ---  -----
 3095  2473  64  GLCD_Controller.c
  461     0   0  C:\Program Files (x86)\PICC\Devices\18F4685.h
   37     0   0  stdio.h
  409     0   0  string.h
   28     0   0  stddef.h
   28     0   0  ctype.h
 1273   359   9  stdlib.h
  143    53   1  DS1302.c
   73    22   1  24512.c
 1199   983  25  Funciones.h
----- -----
 6746  3890 Total

Page ROM  %  RAM   Vol Diff  Functions:
---- --- --- ---   --- ----  ----------
0     40   0   1             @delay_ms1
0    108   0   3             @I2C_READ_1
0    118   0   1             @I2C_WRITE_1
0      8   0   0             @PUTCHARI_BIU_1
0     78   0   2             @MUL88
0    246   0  11             @MULFF
0     54   0   2             @ITOF
0    632   1  16             @ADDFF
0    350   0  14             @DIVFF
0     70   0   5             @DIV1616
0     40   0   2   199  4.3  write_ds1302_byte
0     22   0   2    94  1.8  write_ds1302
0     86   0   3   401  4.9  read_ds1302
0     82   0   2   247  3.7  rtc_init
0     48   0   4   160  5.0  get_bcd
0     44   0   3             @DIV88
0     50   0   3   160  4.2  rm_bcd
0    188   0   7   402  2.2  rtc_set_datetime
 Inline        5   238  3.1  rtc_get_date
 Inline        4   170  3.0  rtc_get_time
0    268   0   6   290  3.0  write_ext_eeprom
0    176   0   5   259  1.3  read_ext_eeprom
0    166   0   0             @const605
0     70   0   5    64  2.4  inttofloat
0     44   0   0   749  2.4  BorraBuffer
0     54   0   0   134  1.3  SendDataDisplay
0     82   0   3   111  3.8  esBisiesto
0    148   0   1   750  4.8  LimitaDia
0    110   0   2   142  3.9  ActualizaRecta
0    110   0   2   142  3.9  ActualizaRectaPresion
0     88   0   5   100  2.1  sensores
0   1094   1  13   912  8.4  LeerPT100
0     34   0   5             @MUL1616
0    508   0   5   517  7.0  Leer_Sensor_Presion_Camara
0    122   0  10             @FLT
0    510   0   5   517  7.0  Leer_Sensor_Presion_PreCamara
0   1432   1   4  1206  7.2  Controla
0     60   0   4             @SFTOI
0   2092   2  12  1656  7.8  ControlaPresion
0    336   0   4  1448  4.7  Carga_Vector
0    144   0   1   231  3.6  Envio_Esclavos
0   3610   3   4  6217  7.9  LeeEEPROM
0   2744   2   0  6839  6.4  LimitaValores
0    400   0   0  3368  5.9  LeeDisplay
0    128   0  11  1150  2.9  ConfiguraCiclo
0    214   0   1  1166  6.3  ActivaAlarma
0     86   0   0    66  1.8  CalientaChaqueta
0     30   0   0   190  2.2  ApagaSalidas
0     46   0   3   162  4.3  extraeDecima
0    202   0  16   156  3.5  extraeDecimal
0   1684   1   9  2796  6.4  actualizaTabla
0    498   0   7   766  5.8  GuardaDatoEstatico
0    932   1   7  1656  6.4  GuardaDatoCiclo
0    140   0   0   250  3.7  incrementaCiclos
0    936   1   5  2056  4.9  exportarData
0   1396   1   1  2458  4.4  codificaAlarma
0     16   0   0             @const720
0    126   0   2             @PRINTF_U_9600_31766_31767
0     50   0   4             @PSTRINGCN_9600_31766_31767
0     18   0   0             @const726
0     18   0   0             @const727
0     22   0   0             @const728
0     18   0   0             @const729
0     18   0   0             @const730
0     18   0   0             @const731
0     20   0   0             @const732
0     18   0   0             @const733
0     20   0   0             @const734
0     16   0   0             @const735
0     16   0   0             @const736
0     18   0   0             @const737
0     22   0   0             @const738
0     18   0   0             @const739
0     24   0   0             @const740
0     20   0   0             @const741
0    176   0   2   815  6.8  purgaAire
0    110   0   2   644  5.8  serial_rx_isr
0     88   0   0   282  5.0  temp0s
0    522   0   0  2938  7.9  temp1s
0  28564  24  11140474 15.5  MAIN
0     16   0   0             @const750
0     42   0   3             @PSTRINGC_9600_31766_31767
0      8   0   0             @const752
0     12   0   0             @const753
0     16   0   0             @const754
0      8   0   0             @const755
0     12   0   0             @const756
0     12   0   0             @const757
0     10   0   0             @const758
0     14   0   0             @const759
0     10   0   0             @const760
0     16   0   0             @const761
0     10   0   0             @const762
0     18   0   0             @const763
0     10   0   0             @const764
0     10   0   0             @const765
0     20   0   0             @const766
0     14   0   0             @const767
0     12   0   0             @const768
0     20   0   0             @const769
0     12   0   0             @const770
0     26   0   0             @const771
0     20   0   0             @const772
0     26   0   0             @const773
0     20   0   0             @const774
0     20   0   0             @const775
0     26   0   0             @const776
0     10   0   0             @const777
0     26   0   0             @const778
0     10   0   0             @const779
0     28   0   0             @const780
0     10   0   0             @const781
0     32   0   0             @const782
0     20   0   0             @const783
0     14   0   0             @const784
0     12   0   0             @const785
0     20   0   0             @const786
0     12   0   0             @const787
0     26   0   0             @const788
0     20   0   0             @const789
0     26   0   0             @const790
0     20   0   0             @const791
0     66   0   0             @const792
0     68   0   5             @FTOSD
0    128   0  13             @DIV3232
0    420   0  13             @PRINTF_L32D_9600_31766_31767FPFPF
0     12   0   0             @const801
0     12   0   0             @const802
0     12   0   0             @const803
0     12   0   0             @const804
0     10   0   0             @const805
0     18   0   0             @const806
0     12   0   0             @const807
0     12   0   0             @const808
0     20   0   0             @const809
0     20   0   0             @const810
0     10   0   0             @const811
0     10   0   0             @const812
0     10   0   0             @const813
0     12   0   0             @const814
0     12   0   0             @const815
0     12   0   0             @const816
0     16   0   0             @const817
0     10   0   0             @const818
0     10   0   0             @const819
0     10   0   0             @const820
0     12   0   0             @const821
0     12   0   0             @const822
0     12   0   0             @const823
0     16   0   0             @const824
0     10   0   0             @const825
0     10   0   0             @const826
0     10   0   0             @const827
0     12   0   0             @const828
0     12   0   0             @const829
0     12   0   0             @const830
0     16   0   0             @const831
0     34   0   0             @const832
0     12   0   0             @const833
0     66   0   0             @const834
0     18   0   0             @const835
0     18   0   0             @const836
0     14   0   0             @const837
0     14   0   0             @const838
0     18   0   0             @const839
0     20   0   0             @const840
0     20   0   0             @const841
0     66   0   0             @const842
0     18   0   0             @const843
0     14   0   0             @const844
0     18   0   0             @const845
0     18   0   0             @const846
0     14   0   0             @const847
0     20   0   0             @const848
0     20   0   0             @const849
0     54   0   0             @const850
0     18   0   0             @const851
0     20   0   0             @const852
0     66   0   0             @const853
0     18   0   0             @const854
0     20   0   0             @const855
0     18   0   0             @const856
0    170   0   9             @PRINTF_LU_9600_31766_31767
0     12   0   0             @const859
0     14   0   0             @const860
0     12   0   0             @const861
0     14   0   0             @const862
0     12   0   0             @const863
0     14   0   0             @const864
0     12   0   0             @const865
0     14   0   0             @const866
0     12   0   0             @const867
0     14   0   0             @const868
0     12   0   0             @const869
0     14   0   0             @const870
0     12   0   0             @const871
0     14   0   0             @const872
0     14   0   0             @const873
0     14   0   0             @const874
0     14   0   0             @const875
0     14   0   0             @const876
0     14   0   0             @const877
0     14   0   0             @const878
0     14   0   0             @const879
0     14   0   0             @const880
0     22   0   0             @const881
0     22   0   0             @const882
0     26   0   0             @const883
0     26   0   0             @const884
0     20   0   0             @const885
0     20   0   0             @const886
0     20   0   0             @const887
0     18   0   0             @const888
0     20   0   0             @const889
0     16   0   0             @const890
0     16   0   0             @const891
0     18   0   0             @const892
0     66   0   0             @const893
0     24   0   0             @const894
0     14   0   0             @const895
0     22   0   0             @const896
0     22   0   0             @const897
0     18   0   0             @const898
0     22   0   0             @const899
0     14   0   0             @const900
0     18   0   0             @const901
0     18   0   0             @const902
0     18   0   0             @const903
0     24   0   0             @const904
0     14   0   0             @const905
0     22   0   0             @const906
0     22   0   0             @const907
0     18   0   0             @const908
0     20   0   0             @const909
0     18   0   0             @const910
0     16   0   0             @const911
0     16   0   0             @const912
0     12   0   0             @const913
0     20   0   0             @const914
0     20   0   0             @const915
0     10   0   0             @const916
0     10   0   0             @const917
0     10   0   0             @const918
0     10   0   0             @const919
0     24   0   0             @const920
0     28   0   0             @const921
0     18   0   0             @const922
0     20   0   0             @const923
0     18   0   0             @const924
0     30   0   0             @const925
0     18   0   0             @const926
0     20   0   0             @const927
0     22   0   0             @const928
0     20   0   0             @const929
0     12   0   0             @const930
0     14   0   0             @const931
0     14   0   0             @const932
0     14   0   0             @const933
0     24   0   0             @const934
0     48   0   0             @const935
0     36   0   0             @const936
0     42   0   0             @const937
0     34   0   0             @const938
0     42   0   0             @const939
0     36   0   0             @const940
0     38   0   0             @const941
0     36   0   0             @const942
0     44   0   0             @const943
0     36   0   0             @const944
0     44   0   0             @const945
0     36   0   0             @const946
0     40   0   0             @const947
0     36   0   0             @const948
0     38   0   0             @const949
0     36   0   0             @const950
0     34   0   0             @const951
0     38   0   0             @const952
0     34   0   0             @const953
0     38   0   0             @const954
0     34   0   0             @const955
0     38   0   0             @const956
0     34   0   0             @const957
0     42   0   0             @const958
0     34   0   0             @const959
0     38   0   0             @const960
0     34   0   0             @const961
0     34   0   0             @const962
0     34   0   0             @const963
0     42   0   0             @const964
0     34   0   0             @const965
0     40   0   0             @const966
0     16   0   0             @const967
0     18   0   0             @const968
0     34   0   0             @const969
0     34   0   0             @const970
0     30   0   0             @const971
0     32   0   0             @const972
0     32   0   0             @const973
0     32   0   0             @const974
0     32   0   0             @const975
0     54   0   0             @const976
0     30   0   0             @const977
0     16   0   0             @const978
0     28   0   0             @const979
0     14   0   0             @const980
0     26   0   0             @const981
0     14   0   0             @const982
0     24   0   0             @const983
0     16   0   0             @const984
0     26   0   0             @const985
0     14   0   0             @const986
0     26   0   0             @const987
0     14   0   0             @const988
0     24   0   0             @const989
0     14   0   0             @const990
0     30   0   0             @const991
0     16   0   0             @const992
0     26   0   0             @const993
0     16   0   0             @const994
0     24   0   0             @const995
0     16   0   0             @const996
0     30   0   0             @const997
0     16   0   0             @const998
0     20   0   0             @const999
0     54   0   0             @const1000

Program metrics:
    Functions               46
    Statements              3890
    Comments                1186
    Volume (V)              234543
    Difficilty (D)          221.1
    Effort to implement (E) 51847285
    Time to implement (T)   800 hours, 7 minutes
    Est Delivered Bugs (B)  46
    Cyclomatic Complexity   676
    Maintainability (MI)    101

 Segment     Used  Free
-----------  ----  ----
00000-00002     4  0  
00004-00006     0  4  
00008-0014E   328  0  
00150-0FFFE  58918  6282  
10000-17FFE     0  32768  



