
ROM used:   12966/32768 (40%)
            12966/32768 (40%) including unused fragments

            2.1 Average locations per line
            13.6 Average locations per statement

RAM used:   1010/2048 (49%) at main() level
            1050/2048 (51%) worst case

Stack used: 8 worst case (3 in main + 5 for interrupts)
Stack size: 31

Lines Stmts  %   Files
----- ----- ---  -----
  675   415  44  Hardware_Controller.c
  841     0   0  ..\..\..\..\..\Program Files (x86)\PICC\Devices\18F4550.h
  228     0   0  ..\..\..\..\..\Program Files (x86)\PICC\Drivers\pic18_usb.h
  328     0   0  ..\..\..\..\..\Program Files (x86)\PICC\Drivers\usb_hw_layer.h
  156     0   0  header.h
 1103     0   0  ..\..\..\..\..\Program Files (x86)\PICC\Drivers\usb.h
 1192   221  23  ..\..\..\..\..\Program Files (x86)\PICC\Drivers\usb.c
 1508   316  33  ..\..\..\..\..\Program Files (x86)\PICC\Drivers\pic18_usb.c
----- -----
 6031   952 Total

Page ROM  %  RAM    Vol Diff  Functions:
---- --- --- ---    --- ----  ----------
0     42   0    1             @delay_ms1
0     24   0    1             @I2C_WRITE_1
0     32   0    0             @const727
0     48   0    0             @const733
0     48   0    0             @const739
0     18   0    0             @const742
0     34   0    0             @const745
0     70   0    0             @const751
0     60   0    4    139  4.3  usb_kbhit
0     68   0    4    139  4.3  usb_tbe
0     42   0    1    172  3.4  usb_detach
0     46   0    0    236  2.3  usb_attach
0      6   0    0     16  1.0  usb_init_cs
0     34   0    1    375  5.2  usb_task
0     14   0    0     61  2.5  usb_init
0    246   1   10    976  5.9  usb_flush_in
0    170   1   10    344  6.1  usb_put_packet
0    196   1    9    914  5.0  usb_flush_out
0    198   1   12    652  5.9  usb_get_packet_buffer
0     74   0    5    154  3.9  usb_get_packet
0     74   0    6    264  4.6  usb_stall_ep
0     94   0    6    329  4.7  usb_unstall_ep
0     90   0    5    373  6.0  usb_endpoint_stalled
0     26   0    1     94  2.7  usb_set_address
0    422   2   12   1743 10.9  usb_set_configured
0     84   0    5    199  3.2  usb_disable_endpoint
0     30   0    1     99  3.0  usb_disable_endpoints
0      4   0    0     61  4.0  usb_clear_trn
0    126   0    2    656  6.8  usb_isr
0      6   0    0     39  2.0  usb_isr_sof
0     48   0    0    450  4.3  usb_isr_rst
0     42   0    2    458  4.4  usb_init_ep0_setup
0      8   0    0     74  2.8  usb_isr_uerr
0     10   0    0     88  2.5  usb_isr_uidle
0     18   0    0    149  3.5  usb_isr_activity
0     14   0    0    151  3.9  usb_isr_stall
0      6   0    1     30  1.7  usb_request_send_response
0      4   0    0     22  1.2  usb_request_stall
0    248   1    3   3124  9.3  usb_isr_tok_dne
0      8   0    0     29  1.9  usb_enumerated
0     44   0    3    255  4.0  usb_token_reset
0     78   0    3    274  5.9  usb_endpoint_is_valid
0     34   0    1    158  3.1  usb_isr_tok_in_dne
0     10   0    1     53  1.9  usb_isr_tok_out_dne
0     42   0    0    293  5.8  usb_isr_tok_setup_dne
0    188   1    0   1454  8.3  usb_isr_tkn_setup_StandardDevice
0    160   1    3    933  7.7  usb_isr_tkn_setup_StandardInterface
0    106   0    0    753  5.8  usb_isr_tkn_setup_StandardEndpoint
0    148   1    1    942  9.7  usb_Get_Descriptor
0     14   0    0     76  1.8  usb_finish_set_address
0    136   1    4    591  8.6  usb_copy_desc_seg_to_ep
0    112   0    3    255  3.6  ssp_interupt
0    114   0    2    165  4.0  ActualizaRecta
0    632   2   16             @ADDFF
0     84   0    5    100  2.1  sensores
0     54   0    2             @ITOF
0   1018   4    9    742  7.9  Leer_Sensor
0    350   1   14             @DIVFF
0     34   0    5             @MUL1616
0    246   1   11             @MULFF
0    508   2    5    561  7.5  Leer_Sensor_Presion
0    122   0   10             @FLT
0     84   0    0    354  2.4  Carga_Vector
0     60   0    4             @SFTOI
0     82   0    0    409  2.4  Lee_Vector
0    138   1    0    524  6.7  temp0s
0    102   0    1    388  3.7  temp1s
0    918   4    4   1139  8.3  Controla
0   4310  17    2  12215 12.1  main
 Inline         0             @cinit1

Program metrics:
    Functions               54
    Statements              952
    Comments                2421
    Volume (V)              59841
    Difficulty (D)          265.3
    Effort to implement (E) 15875327
    Time to implement (T)   244 hours, 59 minutes
    Est Delivered Bugs (B)  21
    Cyclomatic Complexity   165
    Maintainability (MI)    47

 Segment     Used  Free
-----------  ----  ----
00000-00002     4  0  
00004-00006     4  0  
00008-000D0   202  0  
000D2-07FFE  12756  19802  



